#
# There is insufficient memory for the Java Runtime Environment to continue.
# Native memory allocation (malloc) failed to allocate 131696 bytes for Chunk::new
# Possible reasons:
#   The system is out of physical RAM or swap space
#   The process is running with CompressedOops enabled, and the Java Heap may be blocking the growth of the native heap
# Possible solutions:
#   Reduce memory load on the system
#   Increase physical memory or swap space
#   Check if swap backing store is full
#   Decrease Java heap size (-Xmx/-Xms)
#   Decrease number of Java threads
#   Decrease Java thread stack sizes (-Xss)
#   Set larger code cache with -XX:ReservedCodeCacheSize=
#   JVM is running with Unscaled Compressed Oops mode in which the Java heap is
#     placed in the first 4GB address space. The Java Heap base address is the
#     maximum limit for the native heap growth. Please use -XX:HeapBaseMinAddress
#     to set the Java Heap base and to place the Java Heap above 4GB virtual address.
# This output file may be truncated or incomplete.
#
#  Out of Memory Error (arena.cpp:191), pid=11548, tid=23908
#
# JRE version: OpenJDK Runtime Environment Temurin-17.0.9+9 (17.0.9+9) (build 17.0.9+9)
# Java VM: OpenJDK 64-Bit Server VM Temurin-17.0.9+9 (17.0.9+9, mixed mode, tiered, compressed oops, compressed class ptrs, parallel gc, windows-amd64)
# No core dump will be written. Minidumps are not enabled by default on client versions of Windows
#

---------------  S U M M A R Y ------------

Command Line: --add-modules=ALL-SYSTEM --add-opens=java.base/java.util=ALL-UNNAMED --add-opens=java.base/java.lang=ALL-UNNAMED --add-opens=java.base/sun.nio.fs=ALL-UNNAMED -Declipse.application=org.eclipse.jdt.ls.core.id1 -Dosgi.bundles.defaultStartLevel=4 -Declipse.product=org.eclipse.jdt.ls.core.product -Djava.import.generatesMetadataFilesAtProjectRoot=false -DDetectVMInstallationsJob.disabled=true -Dfile.encoding=utf8 -XX:+UseParallelGC -XX:GCTimeRatio=4 -XX:AdaptiveSizePolicyWeight=90 -Dsun.zip.disableMemoryMapping=true -Xmx1G -Xms100m -Xlog:disable -javaagent:c:\Users\ZACKY\.vscode\extensions\redhat.java-1.25.1-win32-x64\lombok\lombok-1.18.30.jar c:\Users\ZACKY\.vscode\extensions\redhat.java-1.25.1-win32-x64\server\plugins\org.eclipse.equinox.launcher_1.6.600.v20231106-1826.jar -configuration c:\Users\ZACKY\AppData\Roaming\Code\User\globalStorage\redhat.java\1.25.1\config_ss_win -data c:\Users\ZACKY\AppData\Roaming\Code\User\workspaceStorage\bd5a2de46e1a0e681b3a26c05373bb87\redhat.java\ss_ws --stdio

Host: 11th Gen Intel(R) Core(TM) i7-11370H @ 3.30GHz, 8 cores, 7G,  Windows 11 , 64 bit Build 22621 (10.0.22621.2506)
Time: Mon Dec 11 17:25:24 2023 SE Asia Standard Time elapsed time: 10.321723 seconds (0d 0h 0m 10s)

---------------  T H R E A D  ---------------

Current thread (0x00000206c6b0ad00):  JavaThread "C2 CompilerThread0" daemon [_thread_in_native, id=23908, stack(0x0000001c22500000,0x0000001c22600000)]


Current CompileTask:
C2:  10321 2863       4       java.util.HashSet::contains (9 bytes)

Stack: [0x0000001c22500000,0x0000001c22600000]
Native frames: (J=compiled Java code, j=interpreted, Vv=VM code, C=native code)
V  [jvm.dll+0x67cf49]
V  [jvm.dll+0x83478a]
V  [jvm.dll+0x83624e]
V  [jvm.dll+0x8368b3]
V  [jvm.dll+0x247f1f]
V  [jvm.dll+0xac43c]
V  [jvm.dll+0xaca8c]
V  [jvm.dll+0x2af45f]
V  [jvm.dll+0x5853f7]
V  [jvm.dll+0x222f62]
V  [jvm.dll+0x22334f]
V  [jvm.dll+0x21c476]
V  [jvm.dll+0x2198c1]
V  [jvm.dll+0x1a57cd]
V  [jvm.dll+0x2297ae]
V  [jvm.dll+0x22797c]
V  [jvm.dll+0x7e9877]
V  [jvm.dll+0x7e3c3a]
V  [jvm.dll+0x67be35]
C  [ucrtbase.dll+0x29363]
C  [KERNEL32.DLL+0x1257d]
C  [ntdll.dll+0x5aa58]


---------------  P R O C E S S  ---------------

Threads class SMR info:
_java_thread_list=0x00000206c8ff0d90, length=22, elements={
0x00000206adc08f40, 0x00000206adcb6fa0, 0x00000206c1a917b0, 0x00000206c1a9cee0,
0x00000206c1a9d9b0, 0x00000206c1a9e570, 0x00000206c6b0a010, 0x00000206c6b0ad00,
0x00000206adcbadf0, 0x00000206adcbd320, 0x00000206adc6ca30, 0x00000206c7c80040,
0x00000206c824e8b0, 0x00000206c8169490, 0x00000206c8628210, 0x00000206c8228e60,
0x00000206c85e4900, 0x00000206c8831320, 0x00000206c882e080, 0x00000206c882e590,
0x00000206c882f4c0, 0x00000206c8831830
}

Java Threads: ( => current thread )
  0x00000206adc08f40 JavaThread "main" [_thread_in_Java, id=34912, stack(0x0000001c21b00000,0x0000001c21c00000)]
  0x00000206adcb6fa0 JavaThread "Reference Handler" daemon [_thread_blocked, id=37100, stack(0x0000001c21f00000,0x0000001c22000000)]
  0x00000206c1a917b0 JavaThread "Finalizer" daemon [_thread_blocked, id=36724, stack(0x0000001c22000000,0x0000001c22100000)]
  0x00000206c1a9cee0 JavaThread "Signal Dispatcher" daemon [_thread_blocked, id=34720, stack(0x0000001c22100000,0x0000001c22200000)]
  0x00000206c1a9d9b0 JavaThread "Attach Listener" daemon [_thread_blocked, id=19312, stack(0x0000001c22200000,0x0000001c22300000)]
  0x00000206c1a9e570 JavaThread "Service Thread" daemon [_thread_blocked, id=39988, stack(0x0000001c22300000,0x0000001c22400000)]
  0x00000206c6b0a010 JavaThread "Monitor Deflation Thread" daemon [_thread_blocked, id=29056, stack(0x0000001c22400000,0x0000001c22500000)]
=>0x00000206c6b0ad00 JavaThread "C2 CompilerThread0" daemon [_thread_in_native, id=23908, stack(0x0000001c22500000,0x0000001c22600000)]
  0x00000206adcbadf0 JavaThread "C1 CompilerThread0" daemon [_thread_in_native, id=26976, stack(0x0000001c22600000,0x0000001c22700000)]
  0x00000206adcbd320 JavaThread "Sweeper thread" daemon [_thread_blocked, id=816, stack(0x0000001c22700000,0x0000001c22800000)]
  0x00000206adc6ca30 JavaThread "Common-Cleaner" daemon [_thread_blocked, id=37340, stack(0x0000001c22800000,0x0000001c22900000)]
  0x00000206c7c80040 JavaThread "Notification Thread" daemon [_thread_blocked, id=26784, stack(0x0000001c22900000,0x0000001c22a00000)]
  0x00000206c824e8b0 JavaThread "Active Thread: Equinox Container: b54eb4ff-005d-4bf2-bae6-7f97658591ec" [_thread_blocked, id=40136, stack(0x0000001c23100000,0x0000001c23200000)]
  0x00000206c8169490 JavaThread "Framework Event Dispatcher: Equinox Container: b54eb4ff-005d-4bf2-bae6-7f97658591ec" daemon [_thread_blocked, id=9172, stack(0x0000001c23200000,0x0000001c23300000)]
  0x00000206c8628210 JavaThread "Start Level: Equinox Container: b54eb4ff-005d-4bf2-bae6-7f97658591ec" daemon [_thread_blocked, id=38244, stack(0x0000001c23300000,0x0000001c23400000)]
  0x00000206c8228e60 JavaThread "SCR Component Actor" daemon [_thread_blocked, id=24288, stack(0x0000001c23400000,0x0000001c23500000)]
  0x00000206c85e4900 JavaThread "SCR Component Registry" daemon [_thread_blocked, id=23428, stack(0x0000001c23600000,0x0000001c23700000)]
  0x00000206c8831320 JavaThread "Worker-JM" [_thread_blocked, id=16232, stack(0x0000001c23700000,0x0000001c23800000)]
  0x00000206c882e080 JavaThread "Worker-0" [_thread_blocked, id=31488, stack(0x0000001c23800000,0x0000001c23900000)]
  0x00000206c882e590 JavaThread "Worker-1" [_thread_blocked, id=25252, stack(0x0000001c23900000,0x0000001c23a00000)]
  0x00000206c882f4c0 JavaThread "JNA Cleaner" daemon [_thread_blocked, id=5212, stack(0x0000001c23a00000,0x0000001c23b00000)]
  0x00000206c8831830 JavaThread "pool-2-thread-1" [_thread_blocked, id=21524, stack(0x0000001c23d00000,0x0000001c23e00000)]

Other Threads:
  0x00000206adcb6970 VMThread "VM Thread" [stack: 0x0000001c21e00000,0x0000001c21f00000] [id=29996]
  0x00000206c7c80520 WatcherThread [stack: 0x0000001c22a00000,0x0000001c22b00000] [id=4624]
  0x00000206adc20060 GCTaskThread "GC Thread#0" [stack: 0x0000001c21d00000,0x0000001c21e00000] [id=4412]
  0x00000206c82ad330 GCTaskThread "GC Thread#1" [stack: 0x0000001c22b00000,0x0000001c22c00000] [id=39140]
  0x00000206c82ad5f0 GCTaskThread "GC Thread#2" [stack: 0x0000001c22c00000,0x0000001c22d00000] [id=11256]
  0x00000206c7e64dc0 GCTaskThread "GC Thread#3" [stack: 0x0000001c22d00000,0x0000001c22e00000] [id=17912]
  0x00000206c7e65080 GCTaskThread "GC Thread#4" [stack: 0x0000001c22e00000,0x0000001c22f00000] [id=328]
  0x00000206c7e65340 GCTaskThread "GC Thread#5" [stack: 0x0000001c22f00000,0x0000001c23000000] [id=1892]
  0x00000206c7e65600 GCTaskThread "GC Thread#6" [stack: 0x0000001c23000000,0x0000001c23100000] [id=34488]
  0x00000206c85d74f0 GCTaskThread "GC Thread#7" [stack: 0x0000001c23500000,0x0000001c23600000] [id=9624]

Threads with active compile tasks:
C2 CompilerThread0    10342 2863       4       java.util.HashSet::contains (9 bytes)

VM state: not at safepoint (normal execution)

VM Mutex/Monitor currently owned by a thread: None

Heap address: 0x00000000c0000000, size: 1024 MB, Compressed Oops mode: 32-bit

CDS archive(s) not mapped
Compressed class space mapped at: 0x0000000100000000-0x0000000140000000, reserved size: 1073741824
Narrow klass base: 0x0000000000000000, Narrow klass shift: 3, Narrow klass range: 0x140000000

GC Precious Log:
 CPUs: 8 total, 8 available
 Memory: 7883M
 Large Page Support: Disabled
 NUMA Support: Disabled
 Compressed Oops: Enabled (32-bit)
 Alignments: Space 512K, Generation 512K, Heap 2M
 Heap Min Capacity: 100M
 Heap Initial Capacity: 100M
 Heap Max Capacity: 1G
 Pre-touch: Disabled
 Parallel Workers: 8

Heap:
 PSYoungGen      total 25600K, used 2661K [0x00000000eab00000, 0x00000000eca80000, 0x0000000100000000)
  eden space 24064K, 4% used [0x00000000eab00000,0x00000000eac1f560,0x00000000ec280000)
  from space 1536K, 98% used [0x00000000ec480000,0x00000000ec5f9f60,0x00000000ec600000)
  to   space 4096K, 0% used [0x00000000ec680000,0x00000000ec680000,0x00000000eca80000)
 ParOldGen       total 68608K, used 8654K [0x00000000c0000000, 0x00000000c4300000, 0x00000000eab00000)
  object space 68608K, 12% used [0x00000000c0000000,0x00000000c0873ae0,0x00000000c4300000)
 Metaspace       used 32098K, committed 32704K, reserved 1114112K
  class space    used 3163K, committed 3456K, reserved 1048576K

Card table byte_map: [0x00000206ad5b0000,0x00000206ad7c0000] _byte_map_base: 0x00000206acfb0000

Marking Bits: (ParMarkBitMap*) 0x00007ffebf46d0b0
 Begin Bits: [0x00000206bf8a0000, 0x00000206c08a0000)
 End Bits:   [0x00000206c08a0000, 0x00000206c18a0000)

Polling page: 0x00000206abbf0000

Metaspace:

Usage:
  Non-class:     28.26 MB used.
      Class:      3.09 MB used.
       Both:     31.35 MB used.

Virtual space:
  Non-class space:       64.00 MB reserved,      28.56 MB ( 45%) committed,  1 nodes.
      Class space:        1.00 GB reserved,       3.38 MB ( <1%) committed,  1 nodes.
             Both:        1.06 GB reserved,      31.94 MB (  3%) committed. 

Chunk freelists:
   Non-Class:  3.44 MB
       Class:  12.68 MB
        Both:  16.11 MB

MaxMetaspaceSize: unlimited
CompressedClassSpaceSize: 1.00 GB
Initial GC threshold: 21.00 MB
Current GC threshold: 35.00 MB
CDS: off
MetaspaceReclaimPolicy: balanced
 - commit_granule_bytes: 65536.
 - commit_granule_words: 8192.
 - virtual_space_node_default_size: 8388608.
 - enlarge_chunks_in_place: 1.
 - new_chunks_are_fully_committed: 0.
 - uncommit_free_chunks: 1.
 - use_allocation_guard: 0.
 - handle_deallocations: 1.


Internal statistics:

num_allocs_failed_limit: 3.
num_arena_births: 336.
num_arena_deaths: 14.
num_vsnodes_births: 2.
num_vsnodes_deaths: 0.
num_space_committed: 511.
num_space_uncommitted: 0.
num_chunks_returned_to_freelist: 17.
num_chunks_taken_from_freelist: 1264.
num_chunk_merges: 8.
num_chunk_splits: 818.
num_chunks_enlarged: 566.
num_inconsistent_stats: 0.

CodeHeap 'non-profiled nmethods': size=120000Kb used=1199Kb max_used=1199Kb free=118800Kb
 bounds [0x00000206b8370000, 0x00000206b85e0000, 0x00000206bf8a0000]
CodeHeap 'profiled nmethods': size=120000Kb used=5789Kb max_used=5789Kb free=114210Kb
 bounds [0x00000206b08a0000, 0x00000206b0e50000, 0x00000206b7dd0000]
CodeHeap 'non-nmethods': size=5760Kb used=1258Kb max_used=1272Kb free=4502Kb
 bounds [0x00000206b7dd0000, 0x00000206b8040000, 0x00000206b8370000]
 total_blobs=3432 nmethods=2865 adapters=481
 compilation: enabled
              stopped_count=0, restarted_count=0
 full_count=0

Compilation events (20 events):
Event: 10.022 Thread 0x00000206adcbadf0 2851       3       org.eclipse.osgi.storage.bundlefile.ZipBundleFile$1::next (5 bytes)
Event: 10.023 Thread 0x00000206adcbadf0 nmethod 2851 0x00000206b0e3f090 code [0x00000206b0e3f260, 0x00000206b0e3f638]
Event: 10.023 Thread 0x00000206adcbadf0 2852       3       org.eclipse.osgi.storage.bundlefile.ZipBundleFile$1::next (18 bytes)
Event: 10.023 Thread 0x00000206adcbadf0 nmethod 2852 0x00000206b0e3f790 code [0x00000206b0e3f940, 0x00000206b0e3fcb8]
Event: 10.030 Thread 0x00000206c6b0ad00 nmethod 2853 0x00000206b8498a10 code [0x00000206b8498ba0, 0x00000206b8499158]
Event: 10.030 Thread 0x00000206c6b0ad00 2854       4       java.util.zip.ZipCoder$UTF8ZipCoder::toString (12 bytes)
Event: 10.034 Thread 0x00000206c6b0ad00 nmethod 2854 0x00000206b8499410 code [0x00000206b84995a0, 0x00000206b8499b58]
Event: 10.089 Thread 0x00000206c6b0ad00 2855       4       java.lang.StringConcatHelper::prepend (37 bytes)
Event: 10.089 Thread 0x00000206adcbadf0 2856   !   3       org.eclipse.osgi.internal.loader.classpath.ClasspathManager::findClassImpl (308 bytes)
Event: 10.091 Thread 0x00000206c6b0ad00 nmethod 2855 0x00000206b8499e90 code [0x00000206b849a020, 0x00000206b849a1b8]
Event: 10.097 Thread 0x00000206adcbadf0 nmethod 2856 0x00000206b0e3fe10 code [0x00000206b0e406a0, 0x00000206b0e44898]
Event: 10.097 Thread 0x00000206adcbadf0 2857       3       org.eclipse.osgi.internal.loader.classpath.ClasspathEntry::findEntry (56 bytes)
Event: 10.098 Thread 0x00000206adcbadf0 nmethod 2857 0x00000206b0e46210 code [0x00000206b0e46420, 0x00000206b0e46b28]
Event: 10.103 Thread 0x00000206c6b0ad00 2858       4       java.util.concurrent.locks.ReentrantLock$Sync::tryRelease (51 bytes)
Event: 10.104 Thread 0x00000206c6b0ad00 nmethod 2858 0x00000206b849a390 code [0x00000206b849a500, 0x00000206b849a5d8]
Event: 10.104 Thread 0x00000206c6b0ad00 2859       4       java.util.concurrent.locks.ReentrantLock$NonfairSync::initialTryLock (58 bytes)
Event: 10.106 Thread 0x00000206c6b0ad00 nmethod 2859 0x00000206b849a690 code [0x00000206b849a800, 0x00000206b849a8f8]
Event: 10.310 Thread 0x00000206c6b0ad00 2862       4       java.util.Collections$SingletonMap::get (20 bytes)
Event: 10.311 Thread 0x00000206c6b0ad00 nmethod 2862 0x00000206b849af90 code [0x00000206b849b120, 0x00000206b849b378]
Event: 10.312 Thread 0x00000206c6b0ad00 2863       4       java.util.HashSet::contains (9 bytes)

GC Heap History (16 events):
Event: 1.871 GC heap before
{Heap before GC invocations=1 (full 0):
 PSYoungGen      total 29696K, used 25600K [0x00000000eab00000, 0x00000000ecc00000, 0x0000000100000000)
  eden space 25600K, 100% used [0x00000000eab00000,0x00000000ec400000,0x00000000ec400000)
  from space 4096K, 0% used [0x00000000ec800000,0x00000000ec800000,0x00000000ecc00000)
  to   space 4096K, 0% used [0x00000000ec400000,0x00000000ec400000,0x00000000ec800000)
 ParOldGen       total 68608K, used 0K [0x00000000c0000000, 0x00000000c4300000, 0x00000000eab00000)
  object space 68608K, 0% used [0x00000000c0000000,0x00000000c0000000,0x00000000c4300000)
 Metaspace       used 11019K, committed 11200K, reserved 1114112K
  class space    used 1098K, committed 1216K, reserved 1048576K
}
Event: 1.884 GC heap after
{Heap after GC invocations=1 (full 0):
 PSYoungGen      total 29696K, used 3155K [0x00000000eab00000, 0x00000000ecc00000, 0x0000000100000000)
  eden space 25600K, 0% used [0x00000000eab00000,0x00000000eab00000,0x00000000ec400000)
  from space 4096K, 77% used [0x00000000ec400000,0x00000000ec714c18,0x00000000ec800000)
  to   space 4096K, 0% used [0x00000000ec800000,0x00000000ec800000,0x00000000ecc00000)
 ParOldGen       total 68608K, used 0K [0x00000000c0000000, 0x00000000c4300000, 0x00000000eab00000)
  object space 68608K, 0% used [0x00000000c0000000,0x00000000c0000000,0x00000000c4300000)
 Metaspace       used 11019K, committed 11200K, reserved 1114112K
  class space    used 1098K, committed 1216K, reserved 1048576K
}
Event: 3.726 GC heap before
{Heap before GC invocations=2 (full 0):
 PSYoungGen      total 29696K, used 28755K [0x00000000eab00000, 0x00000000ecc00000, 0x0000000100000000)
  eden space 25600K, 100% used [0x00000000eab00000,0x00000000ec400000,0x00000000ec400000)
  from space 4096K, 77% used [0x00000000ec400000,0x00000000ec714c18,0x00000000ec800000)
  to   space 4096K, 0% used [0x00000000ec800000,0x00000000ec800000,0x00000000ecc00000)
 ParOldGen       total 68608K, used 0K [0x00000000c0000000, 0x00000000c4300000, 0x00000000eab00000)
  object space 68608K, 0% used [0x00000000c0000000,0x00000000c0000000,0x00000000c4300000)
 Metaspace       used 15156K, committed 15424K, reserved 1114112K
  class space    used 1540K, committed 1664K, reserved 1048576K
}
Event: 3.732 GC heap after
{Heap after GC invocations=2 (full 0):
 PSYoungGen      total 29696K, used 4088K [0x00000000eab00000, 0x00000000ecc00000, 0x0000000100000000)
  eden space 25600K, 0% used [0x00000000eab00000,0x00000000eab00000,0x00000000ec400000)
  from space 4096K, 99% used [0x00000000ec800000,0x00000000ecbfe118,0x00000000ecc00000)
  to   space 4096K, 0% used [0x00000000ec400000,0x00000000ec400000,0x00000000ec800000)
 ParOldGen       total 68608K, used 710K [0x00000000c0000000, 0x00000000c4300000, 0x00000000eab00000)
  object space 68608K, 1% used [0x00000000c0000000,0x00000000c00b1b50,0x00000000c4300000)
 Metaspace       used 15156K, committed 15424K, reserved 1114112K
  class space    used 1540K, committed 1664K, reserved 1048576K
}
Event: 5.382 GC heap before
{Heap before GC invocations=3 (full 0):
 PSYoungGen      total 29696K, used 29688K [0x00000000eab00000, 0x00000000ecc00000, 0x0000000100000000)
  eden space 25600K, 100% used [0x00000000eab00000,0x00000000ec400000,0x00000000ec400000)
  from space 4096K, 99% used [0x00000000ec800000,0x00000000ecbfe118,0x00000000ecc00000)
  to   space 4096K, 0% used [0x00000000ec400000,0x00000000ec400000,0x00000000ec800000)
 ParOldGen       total 68608K, used 710K [0x00000000c0000000, 0x00000000c4300000, 0x00000000eab00000)
  object space 68608K, 1% used [0x00000000c0000000,0x00000000c00b1b50,0x00000000c4300000)
 Metaspace       used 20178K, committed 20544K, reserved 1114112K
  class space    used 2061K, committed 2240K, reserved 1048576K
}
Event: 5.387 GC heap after
{Heap after GC invocations=3 (full 0):
 PSYoungGen      total 29696K, used 4077K [0x00000000eab00000, 0x00000000ecc00000, 0x0000000100000000)
  eden space 25600K, 0% used [0x00000000eab00000,0x00000000eab00000,0x00000000ec400000)
  from space 4096K, 99% used [0x00000000ec400000,0x00000000ec7fb7b8,0x00000000ec800000)
  to   space 4096K, 0% used [0x00000000ec800000,0x00000000ec800000,0x00000000ecc00000)
 ParOldGen       total 68608K, used 2749K [0x00000000c0000000, 0x00000000c4300000, 0x00000000eab00000)
  object space 68608K, 4% used [0x00000000c0000000,0x00000000c02af688,0x00000000c4300000)
 Metaspace       used 20178K, committed 20544K, reserved 1114112K
  class space    used 2061K, committed 2240K, reserved 1048576K
}
Event: 5.837 GC heap before
{Heap before GC invocations=4 (full 0):
 PSYoungGen      total 29696K, used 9970K [0x00000000eab00000, 0x00000000ecc00000, 0x0000000100000000)
  eden space 25600K, 23% used [0x00000000eab00000,0x00000000eb0c13f0,0x00000000ec400000)
  from space 4096K, 99% used [0x00000000ec400000,0x00000000ec7fb7b8,0x00000000ec800000)
  to   space 4096K, 0% used [0x00000000ec800000,0x00000000ec800000,0x00000000ecc00000)
 ParOldGen       total 68608K, used 2749K [0x00000000c0000000, 0x00000000c4300000, 0x00000000eab00000)
  object space 68608K, 4% used [0x00000000c0000000,0x00000000c02af688,0x00000000c4300000)
 Metaspace       used 21099K, committed 21504K, reserved 1114112K
  class space    used 2163K, committed 2368K, reserved 1048576K
}
Event: 5.840 GC heap after
{Heap after GC invocations=4 (full 0):
 PSYoungGen      total 29696K, used 4077K [0x00000000eab00000, 0x00000000ecc00000, 0x0000000100000000)
  eden space 25600K, 0% used [0x00000000eab00000,0x00000000eab00000,0x00000000ec400000)
  from space 4096K, 99% used [0x00000000ec800000,0x00000000ecbfb7b8,0x00000000ecc00000)
  to   space 4096K, 0% used [0x00000000ec400000,0x00000000ec400000,0x00000000ec800000)
 ParOldGen       total 68608K, used 2997K [0x00000000c0000000, 0x00000000c4300000, 0x00000000eab00000)
  object space 68608K, 4% used [0x00000000c0000000,0x00000000c02ed688,0x00000000c4300000)
 Metaspace       used 21099K, committed 21504K, reserved 1114112K
  class space    used 2163K, committed 2368K, reserved 1048576K
}
Event: 5.840 GC heap before
{Heap before GC invocations=5 (full 1):
 PSYoungGen      total 29696K, used 4077K [0x00000000eab00000, 0x00000000ecc00000, 0x0000000100000000)
  eden space 25600K, 0% used [0x00000000eab00000,0x00000000eab00000,0x00000000ec400000)
  from space 4096K, 99% used [0x00000000ec800000,0x00000000ecbfb7b8,0x00000000ecc00000)
  to   space 4096K, 0% used [0x00000000ec400000,0x00000000ec400000,0x00000000ec800000)
 ParOldGen       total 68608K, used 2997K [0x00000000c0000000, 0x00000000c4300000, 0x00000000eab00000)
  object space 68608K, 4% used [0x00000000c0000000,0x00000000c02ed688,0x00000000c4300000)
 Metaspace       used 21099K, committed 21504K, reserved 1114112K
  class space    used 2163K, committed 2368K, reserved 1048576K
}
Event: 5.861 GC heap after
{Heap after GC invocations=5 (full 1):
 PSYoungGen      total 29696K, used 0K [0x00000000eab00000, 0x00000000ecc00000, 0x0000000100000000)
  eden space 25600K, 0% used [0x00000000eab00000,0x00000000eab00000,0x00000000ec400000)
  from space 4096K, 0% used [0x00000000ec800000,0x00000000ec800000,0x00000000ecc00000)
  to   space 4096K, 0% used [0x00000000ec400000,0x00000000ec400000,0x00000000ec800000)
 ParOldGen       total 68608K, used 6881K [0x00000000c0000000, 0x00000000c4300000, 0x00000000eab00000)
  object space 68608K, 10% used [0x00000000c0000000,0x00000000c06b8580,0x00000000c4300000)
 Metaspace       used 21086K, committed 21504K, reserved 1114112K
  class space    used 2159K, committed 2368K, reserved 1048576K
}
Event: 6.963 GC heap before
{Heap before GC invocations=6 (full 1):
 PSYoungGen      total 29696K, used 25600K [0x00000000eab00000, 0x00000000ecc00000, 0x0000000100000000)
  eden space 25600K, 100% used [0x00000000eab00000,0x00000000ec400000,0x00000000ec400000)
  from space 4096K, 0% used [0x00000000ec800000,0x00000000ec800000,0x00000000ecc00000)
  to   space 4096K, 0% used [0x00000000ec400000,0x00000000ec400000,0x00000000ec800000)
 ParOldGen       total 68608K, used 6881K [0x00000000c0000000, 0x00000000c4300000, 0x00000000eab00000)
  object space 68608K, 10% used [0x00000000c0000000,0x00000000c06b8580,0x00000000c4300000)
 Metaspace       used 24525K, committed 25024K, reserved 1114112K
  class space    used 2394K, committed 2624K, reserved 1048576K
}
Event: 6.964 GC heap after
{Heap after GC invocations=6 (full 1):
 PSYoungGen      total 26112K, used 747K [0x00000000eab00000, 0x00000000ec880000, 0x0000000100000000)
  eden space 25088K, 0% used [0x00000000eab00000,0x00000000eab00000,0x00000000ec380000)
  from space 1024K, 73% used [0x00000000ec400000,0x00000000ec4baee0,0x00000000ec500000)
  to   space 2560K, 0% used [0x00000000ec600000,0x00000000ec600000,0x00000000ec880000)
 ParOldGen       total 68608K, used 6881K [0x00000000c0000000, 0x00000000c4300000, 0x00000000eab00000)
  object space 68608K, 10% used [0x00000000c0000000,0x00000000c06b8580,0x00000000c4300000)
 Metaspace       used 24525K, committed 25024K, reserved 1114112K
  class space    used 2394K, committed 2624K, reserved 1048576K
}
Event: 7.269 GC heap before
{Heap before GC invocations=7 (full 1):
 PSYoungGen      total 26112K, used 25835K [0x00000000eab00000, 0x00000000ec880000, 0x0000000100000000)
  eden space 25088K, 100% used [0x00000000eab00000,0x00000000ec380000,0x00000000ec380000)
  from space 1024K, 73% used [0x00000000ec400000,0x00000000ec4baee0,0x00000000ec500000)
  to   space 2560K, 0% used [0x00000000ec600000,0x00000000ec600000,0x00000000ec880000)
 ParOldGen       total 68608K, used 6881K [0x00000000c0000000, 0x00000000c4300000, 0x00000000eab00000)
  object space 68608K, 10% used [0x00000000c0000000,0x00000000c06b8580,0x00000000c4300000)
 Metaspace       used 27409K, committed 27904K, reserved 1114112K
  class space    used 2642K, committed 2880K, reserved 1048576K
}
Event: 7.270 GC heap after
{Heap after GC invocations=7 (full 1):
 PSYoungGen      total 26112K, used 1260K [0x00000000eab00000, 0x00000000ec780000, 0x0000000100000000)
  eden space 24576K, 0% used [0x00000000eab00000,0x00000000eab00000,0x00000000ec300000)
  from space 1536K, 82% used [0x00000000ec600000,0x00000000ec73b090,0x00000000ec780000)
  to   space 1536K, 0% used [0x00000000ec480000,0x00000000ec480000,0x00000000ec600000)
 ParOldGen       total 68608K, used 6889K [0x00000000c0000000, 0x00000000c4300000, 0x00000000eab00000)
  object space 68608K, 10% used [0x00000000c0000000,0x00000000c06ba580,0x00000000c4300000)
 Metaspace       used 27409K, committed 27904K, reserved 1114112K
  class space    used 2642K, committed 2880K, reserved 1048576K
}
Event: 10.108 GC heap before
{Heap before GC invocations=8 (full 1):
 PSYoungGen      total 26112K, used 25836K [0x00000000eab00000, 0x00000000ec780000, 0x0000000100000000)
  eden space 24576K, 100% used [0x00000000eab00000,0x00000000ec300000,0x00000000ec300000)
  from space 1536K, 82% used [0x00000000ec600000,0x00000000ec73b090,0x00000000ec780000)
  to   space 1536K, 0% used [0x00000000ec480000,0x00000000ec480000,0x00000000ec600000)
 ParOldGen       total 68608K, used 6889K [0x00000000c0000000, 0x00000000c4300000, 0x00000000eab00000)
  object space 68608K, 10% used [0x00000000c0000000,0x00000000c06ba580,0x00000000c4300000)
 Metaspace       used 31915K, committed 32512K, reserved 1114112K
  class space    used 3141K, committed 3392K, reserved 1048576K
}
Event: 10.116 GC heap after
{Heap after GC invocations=8 (full 1):
 PSYoungGen      total 25600K, used 1511K [0x00000000eab00000, 0x00000000eca80000, 0x0000000100000000)
  eden space 24064K, 0% used [0x00000000eab00000,0x00000000eab00000,0x00000000ec280000)
  from space 1536K, 98% used [0x00000000ec480000,0x00000000ec5f9f60,0x00000000ec600000)
  to   space 4096K, 0% used [0x00000000ec680000,0x00000000ec680000,0x00000000eca80000)
 ParOldGen       total 68608K, used 8654K [0x00000000c0000000, 0x00000000c4300000, 0x00000000eab00000)
  object space 68608K, 12% used [0x00000000c0000000,0x00000000c0873ae0,0x00000000c4300000)
 Metaspace       used 31915K, committed 32512K, reserved 1114112K
  class space    used 3141K, committed 3392K, reserved 1048576K
}

Dll operation events (10 events):
Event: 0.013 Loaded shared library c:\Users\ZACKY\.vscode\extensions\redhat.java-1.25.1-win32-x64\jre\17.0.9-win32-x86_64\bin\java.dll
Event: 0.473 Loaded shared library c:\Users\ZACKY\.vscode\extensions\redhat.java-1.25.1-win32-x64\jre\17.0.9-win32-x86_64\bin\zip.dll
Event: 0.476 Loaded shared library C:\Users\ZACKY\.vscode\extensions\redhat.java-1.25.1-win32-x64\jre\17.0.9-win32-x86_64\bin\instrument.dll
Event: 0.492 Loaded shared library C:\Users\ZACKY\.vscode\extensions\redhat.java-1.25.1-win32-x64\jre\17.0.9-win32-x86_64\bin\net.dll
Event: 0.494 Loaded shared library C:\Users\ZACKY\.vscode\extensions\redhat.java-1.25.1-win32-x64\jre\17.0.9-win32-x86_64\bin\nio.dll
Event: 0.506 Loaded shared library C:\Users\ZACKY\.vscode\extensions\redhat.java-1.25.1-win32-x64\jre\17.0.9-win32-x86_64\bin\zip.dll
Event: 0.527 Loaded shared library C:\Users\ZACKY\.vscode\extensions\redhat.java-1.25.1-win32-x64\jre\17.0.9-win32-x86_64\bin\jimage.dll
Event: 0.598 Loaded shared library c:\Users\ZACKY\.vscode\extensions\redhat.java-1.25.1-win32-x64\jre\17.0.9-win32-x86_64\bin\verify.dll
Event: 3.395 Loaded shared library C:\Users\ZACKY\AppData\Roaming\Code\User\globalStorage\redhat.java\1.25.1\config_ss_win\org.eclipse.equinox.launcher\org.eclipse.equinox.launcher.win32.win32.x86_64_1.2.800.v20231003-1442\eclipse_11802.dll
Event: 9.855 Loaded shared library C:\Users\ZACKY\AppData\Local\Temp\jna-85120106\jna13031692268992793378.dll

Deoptimization events (20 events):
Event: 8.671 Thread 0x00000206c8628210 Uncommon trap: trap_request=0xffffff76 fr.pc=0x00000206b843b250 relative=0x0000000000000dd0
Event: 8.671 Thread 0x00000206c8628210 Uncommon trap: reason=predicate action=maybe_recompile pc=0x00000206b843b250 method=java.util.Properties$LineReader.readLine()I @ 53 c2
Event: 8.671 Thread 0x00000206c8628210 DEOPT PACKING pc=0x00000206b843b250 sp=0x0000001c233fd450
Event: 8.671 Thread 0x00000206c8628210 DEOPT UNPACKING pc=0x00000206b7e29ea3 sp=0x0000001c233fd408 mode 2
Event: 8.932 Thread 0x00000206c8628210 Uncommon trap: trap_request=0xffffff45 fr.pc=0x00000206b83bc0b4 relative=0x00000000000006b4
Event: 8.932 Thread 0x00000206c8628210 Uncommon trap: reason=unstable_if action=reinterpret pc=0x00000206b83bc0b4 method=java.lang.String.replace(Ljava/lang/CharSequence;Ljava/lang/CharSequence;)Ljava/lang/String; @ 42 c2
Event: 8.932 Thread 0x00000206c8628210 DEOPT PACKING pc=0x00000206b83bc0b4 sp=0x0000001c233fb9d0
Event: 8.932 Thread 0x00000206c8628210 DEOPT UNPACKING pc=0x00000206b7e29ea3 sp=0x0000001c233fb960 mode 2
Event: 9.893 Thread 0x00000206c8628210 Uncommon trap: trap_request=0xffffff45 fr.pc=0x00000206b84397b8 relative=0x0000000000000ad8
Event: 9.893 Thread 0x00000206c8628210 Uncommon trap: reason=unstable_if action=reinterpret pc=0x00000206b84397b8 method=jdk.internal.org.objectweb.asm.SymbolTable.put(Ljdk/internal/org/objectweb/asm/SymbolTable$Entry;)Ljdk/internal/org/objectweb/asm/SymbolTable$Entry; @ 13 c2
Event: 9.893 Thread 0x00000206c8628210 DEOPT PACKING pc=0x00000206b84397b8 sp=0x0000001c233fbea0
Event: 9.893 Thread 0x00000206c8628210 DEOPT UNPACKING pc=0x00000206b7e29ea3 sp=0x0000001c233fbde8 mode 2
Event: 9.930 Thread 0x00000206c8628210 Uncommon trap: trap_request=0xffffff76 fr.pc=0x00000206b848c770 relative=0x0000000000000530
Event: 9.930 Thread 0x00000206c8628210 Uncommon trap: reason=predicate action=maybe_recompile pc=0x00000206b848c770 method=java.util.TreeMap.getEntryUsingComparator(Ljava/lang/Object;)Ljava/util/TreeMap$Entry; @ 19 c2
Event: 9.930 Thread 0x00000206c8628210 DEOPT PACKING pc=0x00000206b848c770 sp=0x0000001c233fca80
Event: 9.930 Thread 0x00000206c8628210 DEOPT UNPACKING pc=0x00000206b7e29ea3 sp=0x0000001c233fc9a0 mode 2
Event: 10.037 Thread 0x00000206adc08f40 Uncommon trap: trap_request=0xffffff76 fr.pc=0x00000206b84880f0 relative=0x0000000000000530
Event: 10.037 Thread 0x00000206adc08f40 Uncommon trap: reason=predicate action=maybe_recompile pc=0x00000206b84880f0 method=java.util.TreeMap.getEntryUsingComparator(Ljava/lang/Object;)Ljava/util/TreeMap$Entry; @ 19 c2
Event: 10.037 Thread 0x00000206adc08f40 DEOPT PACKING pc=0x00000206b84880f0 sp=0x0000001c21bfe440
Event: 10.037 Thread 0x00000206adc08f40 DEOPT UNPACKING pc=0x00000206b7e29ea3 sp=0x0000001c21bfe3f0 mode 2

Classes unloaded (7 events):
Event: 5.843 Thread 0x00000206adcb6970 Unloading class 0x0000000100213c00 'java/lang/invoke/LambdaForm$MH+0x0000000100213c00'
Event: 5.843 Thread 0x00000206adcb6970 Unloading class 0x0000000100213800 'java/lang/invoke/LambdaForm$MH+0x0000000100213800'
Event: 5.843 Thread 0x00000206adcb6970 Unloading class 0x0000000100213400 'java/lang/invoke/LambdaForm$MH+0x0000000100213400'
Event: 5.843 Thread 0x00000206adcb6970 Unloading class 0x0000000100213000 'java/lang/invoke/LambdaForm$MH+0x0000000100213000'
Event: 5.843 Thread 0x00000206adcb6970 Unloading class 0x0000000100212c00 'java/lang/invoke/LambdaForm$BMH+0x0000000100212c00'
Event: 5.843 Thread 0x00000206adcb6970 Unloading class 0x0000000100212800 'java/lang/invoke/LambdaForm$DMH+0x0000000100212800'
Event: 5.843 Thread 0x00000206adcb6970 Unloading class 0x000000010020c400 'java/lang/invoke/LambdaForm$DMH+0x000000010020c400'

Classes redefined (0 events):
No events

Internal exceptions (20 events):
Event: 5.719 Thread 0x00000206c882e080 Exception <a 'java/lang/NoSuchMethodError'{0x00000000eae900b8}: 'java.lang.Object java.lang.invoke.DirectMethodHandle$Holder.invokeSpecial(java.lang.Object, java.lang.Object, int, java.lang.Object, java.lang.Object)'> (0x00000000eae900b8) 
thrown [s\src\hotspot\share\interpreter\linkResolver.cpp, line 759]
Event: 5.720 Thread 0x00000206c882e080 Exception <a 'java/lang/NoSuchMethodError'{0x00000000eae97788}: 'java.lang.Object java.lang.invoke.DirectMethodHandle$Holder.newInvokeSpecial(java.lang.Object, java.lang.Object, int, java.lang.Object)'> (0x00000000eae97788) 
thrown [s\src\hotspot\share\interpreter\linkResolver.cpp, line 759]
Event: 5.720 Thread 0x00000206c882e080 Exception <a 'java/lang/NoSuchMethodError'{0x00000000eae9b298}: 'java.lang.Object java.lang.invoke.DirectMethodHandle$Holder.invokeSpecial(java.lang.Object, java.lang.Object, java.lang.Object, int, java.lang.Object)'> (0x00000000eae9b298) 
thrown [s\src\hotspot\share\interpreter\linkResolver.cpp, line 759]
Event: 7.217 Thread 0x00000206c8628210 Exception <a 'java/lang/ClassNotFoundException'{0x00000000ec24d730}: com/sun/org/apache/xerces/internal/impl/msg/spi/DOMMessagesProvider> (0x00000000ec24d730) 
thrown [s\src\hotspot\share\classfile\systemDictionary.cpp, line 256]
Event: 7.222 Thread 0x00000206c8628210 Exception <a 'java/lang/ClassNotFoundException'{0x00000000ec279668}: com/sun/org/apache/xerces/internal/impl/msg/spi/XMLSerializerMessagesProvider> (0x00000000ec279668) 
thrown [s\src\hotspot\share\classfile\systemDictionary.cpp, line 256]
Event: 7.223 Thread 0x00000206c8628210 Exception <a 'java/lang/ClassNotFoundException'{0x00000000ec286940}: com/sun/org/apache/xerces/internal/impl/msg/spi/XMLMessagesProvider> (0x00000000ec286940) 
thrown [s\src\hotspot\share\classfile\systemDictionary.cpp, line 256]
Event: 7.246 Thread 0x00000206c8628210 Exception <a 'java/lang/NoSuchMethodError'{0x00000000ec3328a8}: 'void java.lang.invoke.DirectMethodHandle$Holder.invokeVirtual(java.lang.Object, java.lang.Object)'> (0x00000000ec3328a8) 
thrown [s\src\hotspot\share\interpreter\linkResolver.cpp, line 759]
Event: 7.919 Thread 0x00000206c8628210 Exception <a 'java/lang/NoSuchMethodError'{0x00000000eacd1bd0}: 'java.lang.Object java.lang.invoke.DirectMethodHandle$Holder.invokeStaticInit(java.lang.Object, int, int, int, int)'> (0x00000000eacd1bd0) 
thrown [s\src\hotspot\share\interpreter\linkResolver.cpp, line 759]
Event: 8.535 Thread 0x00000206c8628210 Exception <a 'java/lang/NoSuchMethodError'{0x00000000eae07520}: 'java.lang.Object java.lang.invoke.DirectMethodHandle$Holder.invokeStaticInit(java.lang.Object, java.lang.Object, int, int, int, int)'> (0x00000000eae07520) 
thrown [s\src\hotspot\share\interpreter\linkResolver.cpp, line 759]
Event: 8.571 Thread 0x00000206c8628210 Exception <a 'sun/nio/fs/WindowsException'{0x00000000eaf90d18}> (0x00000000eaf90d18) 
thrown [s\src\hotspot\share\prims\jni.cpp, line 516]
Event: 8.670 Thread 0x00000206c8628210 Implicit null exception at 0x00000206b843a578 to 0x00000206b843b230
Event: 8.716 Thread 0x00000206c8628210 Exception <a 'java/lang/ClassNotFoundException'{0x00000000eb71c978}: com/sun/org/apache/xml/internal/serializer/spi/XMLEntitiesProvider> (0x00000000eb71c978) 
thrown [s\src\hotspot\share\classfile\systemDictionary.cpp, line 256]
Event: 8.872 Thread 0x00000206c8628210 Exception <a 'java/io/FileNotFoundException'{0x00000000ebcbb948}> (0x00000000ebcbb948) 
thrown [s\src\hotspot\share\prims\jni.cpp, line 516]
Event: 9.909 Thread 0x00000206c8628210 Exception <a 'java/lang/UnsatisfiedLinkError'{0x00000000ec032eb8}: The specified procedure could not be found.
> (0x00000000ec032eb8) 
thrown [s\src\hotspot\share\prims\jni.cpp, line 535]
Event: 9.922 Thread 0x00000206c8628210 Exception <a 'java/io/FileNotFoundException'{0x00000000ec056038}> (0x00000000ec056038) 
thrown [s\src\hotspot\share\prims\jni.cpp, line 516]
Event: 9.944 Thread 0x00000206c8628210 Exception <a 'java/io/FileNotFoundException'{0x00000000ec0caa88}> (0x00000000ec0caa88) 
thrown [s\src\hotspot\share\prims\jni.cpp, line 516]
Event: 9.972 Thread 0x00000206c8628210 Exception <a 'java/lang/UnsatisfiedLinkError'{0x00000000ec156b88}: The specified procedure could not be found.
> (0x00000000ec156b88) 
thrown [s\src\hotspot\share\prims\jni.cpp, line 535]
Event: 10.118 Thread 0x00000206adc08f40 Exception <a 'java/lang/NoSuchMethodError'{0x00000000eab080d0}: 'java.lang.Object java.lang.invoke.DirectMethodHandle$Holder.invokeStatic(java.lang.Object, java.lang.Object, long, java.lang.Object)'> (0x00000000eab080d0) 
thrown [s\src\hotspot\share\interpreter\linkResolver.cpp, line 759]
Event: 10.119 Thread 0x00000206adc08f40 Exception <a 'java/lang/NoSuchMethodError'{0x00000000eab0bb68}: 'java.lang.Object java.lang.invoke.DirectMethodHandle$Holder.invokeStaticInit(java.lang.Object, java.lang.Object, long, java.lang.Object)'> (0x00000000eab0bb68) 
thrown [s\src\hotspot\share\interpreter\linkResolver.cpp, line 759]
Event: 10.119 Thread 0x00000206adc08f40 Exception <a 'java/lang/NoSuchMethodError'{0x00000000eab12178}: 'java.lang.Object java.lang.invoke.DirectMethodHandle$Holder.newInvokeSpecial(java.lang.Object, java.lang.Object, long)'> (0x00000000eab12178) 
thrown [s\src\hotspot\share\interpreter\linkResolver.cpp, line 759]

VM Operations (20 events):
Event: 7.251 Executing VM operation: ParallelGCFailedAllocation
Event: 7.271 Executing VM operation: ParallelGCFailedAllocation done
Event: 7.281 Executing VM operation: HandshakeAllThreads
Event: 7.282 Executing VM operation: HandshakeAllThreads done
Event: 8.282 Executing VM operation: Cleanup
Event: 8.282 Executing VM operation: Cleanup done
Event: 8.585 Executing VM operation: HandshakeAllThreads
Event: 8.585 Executing VM operation: HandshakeAllThreads done
Event: 8.693 Executing VM operation: HandshakeAllThreads
Event: 8.693 Executing VM operation: HandshakeAllThreads done
Event: 8.752 Executing VM operation: HandshakeAllThreads
Event: 8.752 Executing VM operation: HandshakeAllThreads done
Event: 9.754 Executing VM operation: Cleanup
Event: 9.754 Executing VM operation: Cleanup done
Event: 9.879 Executing VM operation: HandshakeAllThreads
Event: 9.879 Executing VM operation: HandshakeAllThreads done
Event: 10.026 Executing VM operation: HandshakeAllThreads
Event: 10.026 Executing VM operation: HandshakeAllThreads done
Event: 10.108 Executing VM operation: ParallelGCFailedAllocation
Event: 10.116 Executing VM operation: ParallelGCFailedAllocation done

Events (20 events):
Event: 9.936 loading class javax/crypto/NoSuchPaddingException done
Event: 9.940 loading class javax/crypto/spec/PBEKeySpec
Event: 9.941 loading class javax/crypto/spec/PBEKeySpec done
Event: 9.961 loading class java/lang/annotation/Documented
Event: 9.961 loading class java/lang/annotation/Documented done
Event: 9.965 loading class java/lang/Class$AnnotationData
Event: 9.966 loading class java/lang/Class$AnnotationData done
Event: 9.969 loading class jdk/internal/reflect/UnsafeBooleanFieldAccessorImpl
Event: 9.971 loading class jdk/internal/reflect/UnsafeBooleanFieldAccessorImpl done
Event: 10.035 loading class java/util/concurrent/Executors$DefaultThreadFactory
Event: 10.036 loading class java/util/concurrent/Executors$DefaultThreadFactory done
Event: 10.106 loading class java/lang/ProcessHandle
Event: 10.107 loading class java/lang/ProcessHandle done
Event: 10.107 loading class java/lang/ProcessHandleImpl
Event: 10.117 loading class java/lang/ProcessHandleImpl done
Event: 10.120 loading class java/lang/ProcessHandleImpl$Info
Event: 10.122 loading class java/lang/ProcessHandle$Info
Event: 10.122 loading class java/lang/ProcessHandle$Info done
Event: 10.123 loading class java/lang/ProcessHandleImpl$Info done
Event: 10.306 Thread 0x00000206c8831830 Thread added: 0x00000206c8831830


Dynamic libraries:
0x00007ff7988b0000 - 0x00007ff7988be000 	c:\Users\ZACKY\.vscode\extensions\redhat.java-1.25.1-win32-x64\jre\17.0.9-win32-x86_64\bin\java.exe
0x00007fff1b6d0000 - 0x00007fff1b8e7000 	C:\WINDOWS\SYSTEM32\ntdll.dll
0x00007fff1b2a0000 - 0x00007fff1b364000 	C:\WINDOWS\System32\KERNEL32.DLL
0x00007fff18f00000 - 0x00007fff192a5000 	C:\WINDOWS\System32\KERNELBASE.dll
0x00007fff18ab0000 - 0x00007fff18bc1000 	C:\WINDOWS\System32\ucrtbase.dll
0x00007fff07f10000 - 0x00007fff07f27000 	c:\Users\ZACKY\.vscode\extensions\redhat.java-1.25.1-win32-x64\jre\17.0.9-win32-x86_64\bin\jli.dll
0x00007fff19630000 - 0x00007fff197de000 	C:\WINDOWS\System32\USER32.dll
0x00007fff192b0000 - 0x00007fff192d6000 	C:\WINDOWS\System32\win32u.dll
0x00007fff1a730000 - 0x00007fff1a759000 	C:\WINDOWS\System32\GDI32.dll
0x00007fff18de0000 - 0x00007fff18ef9000 	C:\WINDOWS\System32\gdi32full.dll
0x00007fff18d40000 - 0x00007fff18dda000 	C:\WINDOWS\System32\msvcp_win.dll
0x00007fff07ef0000 - 0x00007fff07f0b000 	c:\Users\ZACKY\.vscode\extensions\redhat.java-1.25.1-win32-x64\jre\17.0.9-win32-x86_64\bin\VCRUNTIME140.dll
0x00007fff0d810000 - 0x00007fff0daa3000 	C:\WINDOWS\WinSxS\amd64_microsoft.windows.common-controls_6595b64144ccf1df_6.0.22621.2506_none_270c5ae97388e100\COMCTL32.dll
0x00007fff19570000 - 0x00007fff19617000 	C:\WINDOWS\System32\msvcrt.dll
0x00007fff1a760000 - 0x00007fff1a791000 	C:\WINDOWS\System32\IMM32.DLL
0x00007fff157b0000 - 0x00007fff157bc000 	c:\Users\ZACKY\.vscode\extensions\redhat.java-1.25.1-win32-x64\jre\17.0.9-win32-x86_64\bin\vcruntime140_1.dll
0x00007fff07120000 - 0x00007fff071ad000 	c:\Users\ZACKY\.vscode\extensions\redhat.java-1.25.1-win32-x64\jre\17.0.9-win32-x86_64\bin\msvcp140.dll
0x00007ffebe8d0000 - 0x00007ffebf531000 	c:\Users\ZACKY\.vscode\extensions\redhat.java-1.25.1-win32-x64\jre\17.0.9-win32-x86_64\bin\server\jvm.dll
0x00007fff1b5d0000 - 0x00007fff1b681000 	C:\WINDOWS\System32\ADVAPI32.dll
0x00007fff1b520000 - 0x00007fff1b5c6000 	C:\WINDOWS\System32\sechost.dll
0x00007fff1a410000 - 0x00007fff1a527000 	C:\WINDOWS\System32\RPCRT4.dll
0x00007fff17850000 - 0x00007fff1789d000 	C:\WINDOWS\SYSTEM32\POWRPROF.dll
0x00007fff09880000 - 0x00007fff09889000 	C:\WINDOWS\SYSTEM32\WSOCK32.dll
0x00007fff1a5b0000 - 0x00007fff1a621000 	C:\WINDOWS\System32\WS2_32.dll
0x00007fff07940000 - 0x00007fff07974000 	C:\WINDOWS\SYSTEM32\WINMM.dll
0x00007fff0bf30000 - 0x00007fff0bf3a000 	C:\WINDOWS\SYSTEM32\VERSION.dll
0x00007fff17830000 - 0x00007fff17843000 	C:\WINDOWS\SYSTEM32\UMPDC.dll
0x00007fff17a90000 - 0x00007fff17aa8000 	C:\WINDOWS\SYSTEM32\kernel.appcore.dll
0x00007fff10540000 - 0x00007fff1054a000 	c:\Users\ZACKY\.vscode\extensions\redhat.java-1.25.1-win32-x64\jre\17.0.9-win32-x86_64\bin\jimage.dll
0x00007fff162e0000 - 0x00007fff16513000 	C:\WINDOWS\SYSTEM32\DBGHELP.DLL
0x00007fff1a7a0000 - 0x00007fff1ab29000 	C:\WINDOWS\System32\combase.dll
0x00007fff1a150000 - 0x00007fff1a227000 	C:\WINDOWS\System32\OLEAUT32.dll
0x00007fff070c0000 - 0x00007fff070f2000 	C:\WINDOWS\SYSTEM32\dbgcore.DLL
0x00007fff192e0000 - 0x00007fff1935a000 	C:\WINDOWS\System32\bcryptPrimitives.dll
0x00007fff0df90000 - 0x00007fff0df9e000 	c:\Users\ZACKY\.vscode\extensions\redhat.java-1.25.1-win32-x64\jre\17.0.9-win32-x86_64\bin\instrument.dll
0x00007fff07ec0000 - 0x00007fff07ee5000 	c:\Users\ZACKY\.vscode\extensions\redhat.java-1.25.1-win32-x64\jre\17.0.9-win32-x86_64\bin\java.dll
0x00007fff07e70000 - 0x00007fff07e88000 	c:\Users\ZACKY\.vscode\extensions\redhat.java-1.25.1-win32-x64\jre\17.0.9-win32-x86_64\bin\zip.dll
0x00007fff198f0000 - 0x00007fff1a149000 	C:\WINDOWS\System32\SHELL32.dll
0x00007fff16920000 - 0x00007fff17214000 	C:\WINDOWS\SYSTEM32\windows.storage.dll
0x00007fff167e0000 - 0x00007fff1691e000 	C:\WINDOWS\SYSTEM32\wintypes.dll
0x00007fff19470000 - 0x00007fff19563000 	C:\WINDOWS\System32\SHCORE.dll
0x00007fff197e0000 - 0x00007fff1983e000 	C:\WINDOWS\System32\shlwapi.dll
0x00007fff18970000 - 0x00007fff18996000 	C:\WINDOWS\SYSTEM32\profapi.dll
0x00007fff07e50000 - 0x00007fff07e69000 	C:\Users\ZACKY\.vscode\extensions\redhat.java-1.25.1-win32-x64\jre\17.0.9-win32-x86_64\bin\net.dll
0x00007fff0fa30000 - 0x00007fff0fb67000 	C:\WINDOWS\SYSTEM32\WINHTTP.dll
0x00007fff17f60000 - 0x00007fff17fc9000 	C:\WINDOWS\system32\mswsock.dll
0x00007fff07e30000 - 0x00007fff07e46000 	C:\Users\ZACKY\.vscode\extensions\redhat.java-1.25.1-win32-x64\jre\17.0.9-win32-x86_64\bin\nio.dll
0x00007fff0db30000 - 0x00007fff0db40000 	c:\Users\ZACKY\.vscode\extensions\redhat.java-1.25.1-win32-x64\jre\17.0.9-win32-x86_64\bin\verify.dll
0x00007fff07240000 - 0x00007fff0727e000 	C:\Users\ZACKY\AppData\Roaming\Code\User\globalStorage\redhat.java\1.25.1\config_ss_win\org.eclipse.equinox.launcher\org.eclipse.equinox.launcher.win32.win32.x86_64_1.2.800.v20231003-1442\eclipse_11802.dll
0x00007fff1ab40000 - 0x00007fff1ace0000 	C:\WINDOWS\System32\ole32.dll
0x00007fff182b0000 - 0x00007fff182cb000 	C:\WINDOWS\SYSTEM32\CRYPTSP.dll
0x00007fff17a50000 - 0x00007fff17a85000 	C:\WINDOWS\system32\rsaenh.dll
0x00007fff18000000 - 0x00007fff1802c000 	C:\WINDOWS\SYSTEM32\USERENV.dll
0x00007fff183d0000 - 0x00007fff183f8000 	C:\WINDOWS\SYSTEM32\bcrypt.dll
0x00007fff18290000 - 0x00007fff1829c000 	C:\WINDOWS\SYSTEM32\CRYPTBASE.dll
0x00007fff174f0000 - 0x00007fff1751d000 	C:\WINDOWS\SYSTEM32\IPHLPAPI.DLL
0x00007fff1ab30000 - 0x00007fff1ab39000 	C:\WINDOWS\System32\NSI.dll
0x00007fff0e9b0000 - 0x00007fff0e9c9000 	C:\WINDOWS\SYSTEM32\dhcpcsvc6.DLL
0x00007fff0e7f0000 - 0x00007fff0e80f000 	C:\WINDOWS\SYSTEM32\dhcpcsvc.DLL
0x00007fff17560000 - 0x00007fff17659000 	C:\WINDOWS\SYSTEM32\DNSAPI.dll
0x00007ffed74c0000 - 0x00007ffed7505000 	C:\Users\ZACKY\AppData\Local\Temp\jna-85120106\jna13031692268992793378.dll
0x00007fff19620000 - 0x00007fff19628000 	C:\WINDOWS\System32\PSAPI.DLL

dbghelp: loaded successfully - version: 4.0.5 - missing functions: none
symbol engine: initialized successfully - sym options: 0x614 - pdb path: .;c:\Users\ZACKY\.vscode\extensions\redhat.java-1.25.1-win32-x64\jre\17.0.9-win32-x86_64\bin;C:\WINDOWS\SYSTEM32;C:\WINDOWS\WinSxS\amd64_microsoft.windows.common-controls_6595b64144ccf1df_6.0.22621.2506_none_270c5ae97388e100;c:\Users\ZACKY\.vscode\extensions\redhat.java-1.25.1-win32-x64\jre\17.0.9-win32-x86_64\bin\server;C:\Users\ZACKY\AppData\Roaming\Code\User\globalStorage\redhat.java\1.25.1\config_ss_win\org.eclipse.equinox.launcher\org.eclipse.equinox.launcher.win32.win32.x86_64_1.2.800.v20231003-1442;C:\Users\ZACKY\AppData\Local\Temp\jna-85120106

VM Arguments:
jvm_args: --add-modules=ALL-SYSTEM --add-opens=java.base/java.util=ALL-UNNAMED --add-opens=java.base/java.lang=ALL-UNNAMED --add-opens=java.base/sun.nio.fs=ALL-UNNAMED -Declipse.application=org.eclipse.jdt.ls.core.id1 -Dosgi.bundles.defaultStartLevel=4 -Declipse.product=org.eclipse.jdt.ls.core.product -Djava.import.generatesMetadataFilesAtProjectRoot=false -DDetectVMInstallationsJob.disabled=true -Dfile.encoding=utf8 -XX:+UseParallelGC -XX:GCTimeRatio=4 -XX:AdaptiveSizePolicyWeight=90 -Dsun.zip.disableMemoryMapping=true -Xmx1G -Xms100m -Xlog:disable -javaagent:c:\Users\ZACKY\.vscode\extensions\redhat.java-1.25.1-win32-x64\lombok\lombok-1.18.30.jar 
java_command: c:\Users\ZACKY\.vscode\extensions\redhat.java-1.25.1-win32-x64\server\plugins\org.eclipse.equinox.launcher_1.6.600.v20231106-1826.jar -configuration c:\Users\ZACKY\AppData\Roaming\Code\User\globalStorage\redhat.java\1.25.1\config_ss_win -data c:\Users\ZACKY\AppData\Roaming\Code\User\workspaceStorage\bd5a2de46e1a0e681b3a26c05373bb87\redhat.java\ss_ws --stdio
java_class_path (initial): c:\Users\ZACKY\.vscode\extensions\redhat.java-1.25.1-win32-x64\server\plugins\org.eclipse.equinox.launcher_1.6.600.v20231106-1826.jar
Launcher Type: SUN_STANDARD

[Global flags]
    uintx AdaptiveSizePolicyWeight                 = 90                                        {product} {command line}
     intx CICompilerCount                          = 4                                         {product} {ergonomic}
    uintx GCTimeRatio                              = 4                                         {product} {command line}
   size_t InitialHeapSize                          = 104857600                                 {product} {command line}
   size_t MaxHeapSize                              = 1073741824                                {product} {command line}
   size_t MaxNewSize                               = 357564416                                 {product} {ergonomic}
   size_t MinHeapDeltaBytes                        = 524288                                    {product} {ergonomic}
   size_t MinHeapSize                              = 104857600                                 {product} {command line}
   size_t NewSize                                  = 34603008                                  {product} {ergonomic}
    uintx NonNMethodCodeHeapSize                   = 5839372                                {pd product} {ergonomic}
    uintx NonProfiledCodeHeapSize                  = 122909434                              {pd product} {ergonomic}
   size_t OldSize                                  = 70254592                                  {product} {ergonomic}
    uintx ProfiledCodeHeapSize                     = 122909434                              {pd product} {ergonomic}
    uintx ReservedCodeCacheSize                    = 251658240                              {pd product} {ergonomic}
     bool SegmentedCodeCache                       = true                                      {product} {ergonomic}
   size_t SoftMaxHeapSize                          = 1073741824                             {manageable} {ergonomic}
     bool UseCompressedClassPointers               = true                           {product lp64_product} {ergonomic}
     bool UseCompressedOops                        = true                           {product lp64_product} {ergonomic}
     bool UseLargePagesIndividualAllocation        = false                                  {pd product} {ergonomic}
     bool UseParallelGC                            = true                                      {product} {command line}

Logging:
Log output configuration:
 #0: stdout all=off uptime,level,tags
 #1: stderr all=off uptime,level,tags

Environment Variables:
JAVA_HOME=C:\Program Files\Java\jdk-17
PATH=C:\Program Files\Java\jdk-17\bin;C:\Program Files\Java\jdk-17\bin;C:\Program Files\Python310\Scripts\;C:\Program Files\Python310\;C:\Program Files\Eclipse Adoptium\jdk-17.0.4.101-hotspot\bin;C:\Windows\system32;C:\Windows;C:\Windows\System32\Wbem;C:\Windows\System32\WindowsPowerShell\v1.0\;C:\Windows\System32\OpenSSH\;C:\Program Files (x86)\NVIDIA Corporation\PhysX\Common;C:\Program Files\NVIDIA Corporation\NVIDIA NvDLISR;C:\Program Files\Git\cmd;C:\Program Files\dotnet\;C:\WINDOWS\system32;C:\WINDOWS;C:\WINDOWS\System32\Wbem;C:\WINDOWS\System32\WindowsPowerShell\v1.0\;C:\WINDOWS\System32\OpenSSH\;C:\Users\ZACKY\AppData\Local\Programs\Python\Python310;C:\Program Files\PuTTY\;C:\Program Files\Docker\Docker\resources\bin;C:\flutter\bin;C:\Users\ZACKY\AppData\Local\Programs\Python\Python311\Scripts\;C:\Users\ZACKY\AppData\Local\Programs\Python\Python311\;C:\Users\ZACKY\AppData\Local\Programs\Python\Launcher\;C:\Users\ZACKY\AppData\Local\Microsoft\WindowsApps;C:\Users\ZACKY\AppData\Local\Programs\Microsoft VS Code\bin;C:\Program Files\heroku\bin;C:\Program Files\JetBrains\IntelliJ IDEA 2023.2.2\bin;;C:\Program Files\JetBrains\IntelliJ IDEA Educational Edition 2022.2.2\bin;;C:\flutter\bin;
USERNAME=ZACKY
OS=Windows_NT
PROCESSOR_IDENTIFIER=Intel64 Family 6 Model 140 Stepping 1, GenuineIntel
TMP=C:\Users\ZACKY\AppData\Local\Temp
TEMP=C:\Users\ZACKY\AppData\Local\Temp



Periodic native trim disabled


---------------  S Y S T E M  ---------------

OS:
 Windows 11 , 64 bit Build 22621 (10.0.22621.2506)
OS uptime: 11 days 22:33 hours
Hyper-V role detected

CPU: total 8 (initial active 8) (4 cores per cpu, 2 threads per core) family 6 model 140 stepping 1 microcode 0x86, cx8, cmov, fxsr, ht, mmx, 3dnowpref, sse, sse2, sse3, ssse3, sse4.1, sse4.2, popcnt, lzcnt, tsc, tscinvbit, avx, avx2, aes, erms, clmul, bmi1, bmi2, adx, avx512f, avx512dq, avx512cd, avx512bw, avx512vl, sha, fma, vzeroupper, avx512_vpopcntdq, avx512_vpclmulqdq, avx512_vaes, avx512_vnni, clflush, clflushopt, clwb, avx512_vbmi2, avx512_vbmi, hv
Processor Information for all 8 processors :
  Max Mhz: 3302, Current Mhz: 3302, Mhz Limit: 3302

Memory: 4k page, system-wide physical 7883M (229M free)
TotalPageFile size 32459M (AvailPageFile size 169M)
current process WorkingSet (physical memory assigned to process): 127M, peak: 128M
current process commit charge ("private bytes"): 234M, peak: 234M

vm_info: OpenJDK 64-Bit Server VM (17.0.9+9) for windows-amd64 JRE (17.0.9+9), built on Oct 26 2023 14:01:42 by "admin" with MS VC++ 16.10 / 16.11 (VS2019)

END.
