#
# There is insufficient memory for the Java Runtime Environment to continue.
# Native memory allocation (malloc) failed to allocate 1048576 bytes for AllocateHeap
# Possible reasons:
#   The system is out of physical RAM or swap space
#   The process is running with CompressedOops enabled, and the Java Heap may be blocking the growth of the native heap
# Possible solutions:
#   Reduce memory load on the system
#   Increase physical memory or swap space
#   Check if swap backing store is full
#   Decrease Java heap size (-Xmx/-Xms)
#   Decrease number of Java threads
#   Decrease Java thread stack sizes (-Xss)
#   Set larger code cache with -XX:ReservedCodeCacheSize=
#   JVM is running with Unscaled Compressed Oops mode in which the Java heap is
#     placed in the first 4GB address space. The Java Heap base address is the
#     maximum limit for the native heap growth. Please use -XX:HeapBaseMinAddress
#     to set the Java Heap base and to place the Java Heap above 4GB virtual address.
# This output file may be truncated or incomplete.
#
#  Out of Memory Error (allocation.cpp:44), pid=5224, tid=15188
#
# JRE version: OpenJDK Runtime Environment Temurin-17.0.9+9 (17.0.9+9) (build 17.0.9+9)
# Java VM: OpenJDK 64-Bit Server VM Temurin-17.0.9+9 (17.0.9+9, mixed mode, emulated-client, tiered, compressed oops, compressed class ptrs, g1 gc, windows-amd64)
# No core dump will be written. Minidumps are not enabled by default on client versions of Windows
#

---------------  S U M M A R Y ------------

Command Line: -XX:+HeapDumpOnOutOfMemoryError -Xmx1024m -Dsts.lsp.client=vscode -Dsts.log.file=/dev/null -XX:TieredStopAtLevel=1 -Xlog:jni+resolve=off -Dspring.config.location=file:c:\Users\ZACKY\.vscode\extensions\vmware.vscode-spring-boot-1.51.0\language-server\BOOT-INF\classes\application.properties org.springframework.ide.vscode.boot.app.BootLanguageServerBootApp

Host: 11th Gen Intel(R) Core(TM) i7-11370H @ 3.30GHz, 8 cores, 7G,  Windows 11 , 64 bit Build 22621 (10.0.22621.2506)
Time: Mon Dec 11 17:23:36 2023 SE Asia Standard Time elapsed time: 13074.171538 seconds (0d 3h 37m 54s)

---------------  T H R E A D  ---------------

Current thread (0x00000148d71824c0):  VMThread "VM Thread" [stack: 0x0000002859c00000,0x0000002859d00000] [id=15188]

Stack: [0x0000002859c00000,0x0000002859d00000]
Native frames: (J=compiled Java code, j=interpreted, Vv=VM code, C=native code)
V  [jvm.dll+0x67cf49]
V  [jvm.dll+0x83478a]
V  [jvm.dll+0x83624e]
V  [jvm.dll+0x8368b3]
V  [jvm.dll+0x247f1f]
V  [jvm.dll+0xa6b4b]
V  [jvm.dll+0x2f8e73]
V  [jvm.dll+0x2f4af0]
V  [jvm.dll+0x2dd0d7]
V  [jvm.dll+0x320357]
V  [jvm.dll+0x83adab]
V  [jvm.dll+0x83baf1]
V  [jvm.dll+0x83c00d]
V  [jvm.dll+0x83c3e4]
V  [jvm.dll+0x83c4b0]
V  [jvm.dll+0x7e3c3a]
V  [jvm.dll+0x67be35]
C  [ucrtbase.dll+0x29363]
C  [KERNEL32.DLL+0x1257d]
C  [ntdll.dll+0x5aa58]

VM_Operation (0x000000285b3fece0): G1CollectFull, mode: safepoint, requested by thread 0x00000148dcb50510


---------------  P R O C E S S  ---------------

Threads class SMR info:
_java_thread_list=0x00000148dcbf1000, length=22, elements={
0x00000148d71a3380, 0x00000148d71a41c0, 0x00000148d71ac520, 0x00000148d71ad0e0,
0x00000148d71adba0, 0x00000148d71ae560, 0x00000148d71ec030, 0x00000148d721caf0,
0x00000148d73efd50, 0x00000148d7402010, 0x00000148dcb4f820, 0x00000148dcb50510,
0x00000148dcad2890, 0x00000148cc341c90, 0x00000148dc0571b0, 0x00000148dcbd2a80,
0x00000148dcc24ad0, 0x00000148dcc10220, 0x00000148dcb3bf90, 0x00000148dcb3c4a0,
0x00000148dcb3b060, 0x00000148dcb3c9b0
}

Java Threads: ( => current thread )
  0x00000148d71a3380 JavaThread "Reference Handler" daemon [_thread_blocked, id=31244, stack(0x0000002859d00000,0x0000002859e00000)]
  0x00000148d71a41c0 JavaThread "Finalizer" daemon [_thread_blocked, id=37492, stack(0x0000002859e00000,0x0000002859f00000)]
  0x00000148d71ac520 JavaThread "Signal Dispatcher" daemon [_thread_blocked, id=27140, stack(0x0000002859f00000,0x000000285a000000)]
  0x00000148d71ad0e0 JavaThread "Attach Listener" daemon [_thread_blocked, id=38556, stack(0x000000285a000000,0x000000285a100000)]
  0x00000148d71adba0 JavaThread "Service Thread" daemon [_thread_blocked, id=29440, stack(0x000000285a100000,0x000000285a200000)]
  0x00000148d71ae560 JavaThread "Monitor Deflation Thread" daemon [_thread_blocked, id=8060, stack(0x000000285a200000,0x000000285a300000)]
  0x00000148d71ec030 JavaThread "C1 CompilerThread0" daemon [_thread_blocked, id=19812, stack(0x000000285a300000,0x000000285a400000)]
  0x00000148d721caf0 JavaThread "Sweeper thread" daemon [_thread_blocked, id=35820, stack(0x000000285a400000,0x000000285a500000)]
  0x00000148d73efd50 JavaThread "Notification Thread" daemon [_thread_blocked, id=9176, stack(0x0000002859400000,0x0000002859500000)]
  0x00000148d7402010 JavaThread "Common-Cleaner" daemon [_thread_blocked, id=16036, stack(0x000000285a500000,0x000000285a600000)]
  0x00000148dcb4f820 JavaThread "boundedElastic-evictor-1" daemon [_thread_blocked, id=28524, stack(0x000000285ae00000,0x000000285af00000)]
  0x00000148dcb50510 JavaThread "pool-12-thread-1" [_thread_blocked, id=26956, stack(0x000000285b300000,0x000000285b400000)]
  0x00000148dcad2890 JavaThread "LanguageServerApp-lifecycle" [_thread_blocked, id=4576, stack(0x000000285b400000,0x000000285b500000)]
  0x00000148cc341c90 JavaThread "DestroyJavaVM" [_thread_blocked, id=32484, stack(0x0000002859600000,0x0000002859700000)]
  0x00000148dc0571b0 JavaThread "pool-13-thread-1" [_thread_in_native, id=29768, stack(0x000000285b500000,0x000000285b600000)]
  0x00000148dcbd2a80 JavaThread "Simple-Language-Server main thread" daemon [_thread_blocked, id=20024, stack(0x000000285b600000,0x000000285b700000)]
  0x00000148dcc24ad0 JavaThread "pool-8-thread-1" [_thread_blocked, id=23544, stack(0x000000285b700000,0x000000285b800000)]
  0x00000148dcc10220 JavaThread "parallel-1" daemon [_thread_blocked, id=18672, stack(0x000000285b800000,0x000000285b900000)]
  0x00000148dcb3bf90 JavaThread "parallel-2" daemon [_thread_blocked, id=34876, stack(0x000000285b900000,0x000000285ba00000)]
  0x00000148dcb3c4a0 JavaThread "parallel-3" daemon [_thread_blocked, id=5644, stack(0x000000285ba00000,0x000000285bb00000)]
  0x00000148dcb3b060 JavaThread "parallel-4" daemon [_thread_blocked, id=30240, stack(0x000000285bb00000,0x000000285bc00000)]
  0x00000148dcb3c9b0 JavaThread "Reconciler-1" daemon [_thread_blocked, id=38496, stack(0x000000285be00000,0x000000285bf00000)]

Other Threads:
=>0x00000148d71824c0 VMThread "VM Thread" [stack: 0x0000002859c00000,0x0000002859d00000] [id=15188]
  0x00000148d73f0230 WatcherThread [stack: 0x0000002859500000,0x0000002859600000] [id=13384]
  0x00000148cc380110 GCTaskThread "GC Thread#0" [stack: 0x0000002859700000,0x0000002859800000] [id=31220]
  0x00000148dc157320 GCTaskThread "GC Thread#1" [stack: 0x000000285a800000,0x000000285a900000] [id=30496]
  0x00000148d7e40ab0 GCTaskThread "GC Thread#2" [stack: 0x000000285a900000,0x000000285aa00000] [id=36244]
  0x00000148dc187f50 GCTaskThread "GC Thread#3" [stack: 0x000000285aa00000,0x000000285ab00000] [id=13472]
  0x00000148dc1ef610 GCTaskThread "GC Thread#4" [stack: 0x000000285ac00000,0x000000285ad00000] [id=23132]
  0x00000148dc206070 GCTaskThread "GC Thread#5" [stack: 0x000000285ad00000,0x000000285ae00000] [id=19740]
  0x00000148dc609620 GCTaskThread "GC Thread#6" [stack: 0x000000285b000000,0x000000285b100000] [id=18956]
  0x00000148dc58e820 GCTaskThread "GC Thread#7" [stack: 0x000000285b100000,0x000000285b200000] [id=40696]
  0x00000148cc389060 ConcurrentGCThread "G1 Main Marker" [stack: 0x0000002859800000,0x0000002859900000] [id=39512]
  0x00000148cc389a80 ConcurrentGCThread "G1 Conc#0" [stack: 0x0000002859900000,0x0000002859a00000] [id=32060]
  0x00000148dc625440 ConcurrentGCThread "G1 Conc#1" [stack: 0x000000285b200000,0x000000285b300000] [id=23160]
  0x00000148cc3ee5e0 ConcurrentGCThread "G1 Refine#0" [stack: 0x0000002859a00000,0x0000002859b00000] [id=21016]
  0x00000148d6ff2270 ConcurrentGCThread "G1 Service" [stack: 0x0000002859b00000,0x0000002859c00000] [id=28224]

Threads with active compile tasks:

VM state: at safepoint (normal execution)

VM Mutex/Monitor currently owned by a thread:  ([mutex/lock_event])
[0x00000148ca0d44c0] Threads_lock - owner thread: 0x00000148d71824c0
[0x00000148ca0cea00] Heap_lock - owner thread: 0x00000148dcb50510

Heap address: 0x00000000c0000000, size: 1024 MB, Compressed Oops mode: 32-bit

CDS archive(s) not mapped
Compressed class space mapped at: 0x0000000100000000-0x0000000140000000, reserved size: 1073741824
Narrow klass base: 0x0000000000000000, Narrow klass shift: 3, Narrow klass range: 0x140000000

GC Precious Log:
 CPUs: 8 total, 8 available
 Memory: 7883M
 Large Page Support: Disabled
 NUMA Support: Disabled
 Compressed Oops: Enabled (32-bit)
 Heap Region Size: 1M
 Heap Min Capacity: 8M
 Heap Initial Capacity: 124M
 Heap Max Capacity: 1G
 Pre-touch: Disabled
 Parallel Workers: 8
 Concurrent Workers: 2
 Concurrent Refinement Workers: 8
 Periodic GC: Disabled

Heap:
 garbage-first heap   total 75776K, used 22300K [0x00000000c0000000, 0x0000000100000000)
  region size 1024K, 1 young (1024K), 0 survivors (0K)
 Metaspace       used 38559K, committed 39104K, reserved 1114112K
  class space    used 5083K, committed 5312K, reserved 1048576K

Heap Regions: E=young(eden), S=young(survivor), O=old, HS=humongous(starts), HC=humongous(continues), CS=collection set, F=free, OA=open archive, CA=closed archive, TAMS=top-at-mark-start (previous, next)
|   0|0x00000000c0000000, 0x00000000c0100000, 0x00000000c0100000|100%|HS|  |TAMS 0x00000000c0100000, 0x00000000c0000000| Untracked 
|   1|0x00000000c0100000, 0x00000000c0200000, 0x00000000c0200000|100%|HC|  |TAMS 0x00000000c0200000, 0x00000000c0100000| Untracked 
|   2|0x00000000c0200000, 0x00000000c0300000, 0x00000000c0300000|100%|HC|  |TAMS 0x00000000c0300000, 0x00000000c0200000| Untracked 
|   3|0x00000000c0300000, 0x00000000c0400000, 0x00000000c0400000|100%|HC|  |TAMS 0x00000000c0400000, 0x00000000c0300000| Untracked 
|   4|0x00000000c0400000, 0x00000000c0500000, 0x00000000c0500000|100%| O|  |TAMS 0x00000000c0500000, 0x00000000c0400000| Untracked 
|   5|0x00000000c0500000, 0x00000000c0600000, 0x00000000c0600000|100%| O|  |TAMS 0x00000000c0600000, 0x00000000c0500000| Untracked 
|   6|0x00000000c0600000, 0x00000000c0700000, 0x00000000c0700000|100%| O|  |TAMS 0x00000000c0700000, 0x00000000c0600000| Untracked 
|   7|0x00000000c0700000, 0x00000000c0800000, 0x00000000c0800000|100%| O|  |TAMS 0x00000000c0800000, 0x00000000c0700000| Untracked 
|   8|0x00000000c0800000, 0x00000000c08ffff8, 0x00000000c0900000| 99%| O|  |TAMS 0x00000000c08ffff8, 0x00000000c0800000| Untracked 
|   9|0x00000000c0900000, 0x00000000c0a00000, 0x00000000c0a00000|100%| O|  |TAMS 0x00000000c0a00000, 0x00000000c0900000| Untracked 
|  10|0x00000000c0a00000, 0x00000000c0afffe0, 0x00000000c0b00000| 99%| O|  |TAMS 0x00000000c0afffe0, 0x00000000c0a00000| Untracked 
|  11|0x00000000c0b00000, 0x00000000c0c00000, 0x00000000c0c00000|100%| O|  |TAMS 0x00000000c0c00000, 0x00000000c0b00000| Untracked 
|  12|0x00000000c0c00000, 0x00000000c0d00000, 0x00000000c0d00000|100%| O|  |TAMS 0x00000000c0d00000, 0x00000000c0c00000| Untracked 
|  13|0x00000000c0d00000, 0x00000000c0dfffe0, 0x00000000c0e00000| 99%| O|  |TAMS 0x00000000c0dfffe0, 0x00000000c0d00000| Untracked 
|  14|0x00000000c0e00000, 0x00000000c0efffc8, 0x00000000c0f00000| 99%| O|  |TAMS 0x00000000c0efffc8, 0x00000000c0e00000| Untracked 
|  15|0x00000000c0f00000, 0x00000000c1000000, 0x00000000c1000000|100%| O|  |TAMS 0x00000000c1000000, 0x00000000c0f00000| Untracked 
|  16|0x00000000c1000000, 0x00000000c1100000, 0x00000000c1100000|100%| O|  |TAMS 0x00000000c1100000, 0x00000000c1000000| Untracked 
|  17|0x00000000c1100000, 0x00000000c11ffff8, 0x00000000c1200000| 99%| O|  |TAMS 0x00000000c11ffff8, 0x00000000c1100000| Untracked 
|  18|0x00000000c1200000, 0x00000000c12fffe8, 0x00000000c1300000| 99%| O|  |TAMS 0x00000000c12fffe8, 0x00000000c1200000| Untracked 
|  19|0x00000000c1300000, 0x00000000c13fffe8, 0x00000000c1400000| 99%| O|  |TAMS 0x00000000c13fffe8, 0x00000000c1300000| Untracked 
|  20|0x00000000c1400000, 0x00000000c1500000, 0x00000000c1500000|100%| O|  |TAMS 0x00000000c1500000, 0x00000000c1400000| Untracked 
|  21|0x00000000c1500000, 0x00000000c15bb360, 0x00000000c1600000| 73%| O|  |TAMS 0x00000000c1500000, 0x00000000c1500000| Untracked 
|  22|0x00000000c1600000, 0x00000000c160c120, 0x00000000c1700000|  4%| O|  |TAMS 0x00000000c1600000, 0x00000000c1600000| Untracked 
|  23|0x00000000c1700000, 0x00000000c1700000, 0x00000000c1800000|  0%| F|  |TAMS 0x00000000c1700000, 0x00000000c1700000| Untracked 
|  24|0x00000000c1800000, 0x00000000c1800000, 0x00000000c1900000|  0%| F|  |TAMS 0x00000000c1800000, 0x00000000c1800000| Untracked 
|  25|0x00000000c1900000, 0x00000000c1900000, 0x00000000c1a00000|  0%| F|  |TAMS 0x00000000c1900000, 0x00000000c1900000| Untracked 
|  26|0x00000000c1a00000, 0x00000000c1a00000, 0x00000000c1b00000|  0%| F|  |TAMS 0x00000000c1a00000, 0x00000000c1a00000| Untracked 
|  27|0x00000000c1b00000, 0x00000000c1b00000, 0x00000000c1c00000|  0%| F|  |TAMS 0x00000000c1b00000, 0x00000000c1b00000| Untracked 
|  28|0x00000000c1c00000, 0x00000000c1c00000, 0x00000000c1d00000|  0%| F|  |TAMS 0x00000000c1c00000, 0x00000000c1c00000| Untracked 
|  29|0x00000000c1d00000, 0x00000000c1d00000, 0x00000000c1e00000|  0%| F|  |TAMS 0x00000000c1d00000, 0x00000000c1d00000| Untracked 
|  30|0x00000000c1e00000, 0x00000000c1e00000, 0x00000000c1f00000|  0%| F|  |TAMS 0x00000000c1e00000, 0x00000000c1e00000| Untracked 
|  31|0x00000000c1f00000, 0x00000000c1f00000, 0x00000000c2000000|  0%| F|  |TAMS 0x00000000c1f00000, 0x00000000c1f00000| Untracked 
|  32|0x00000000c2000000, 0x00000000c2000000, 0x00000000c2100000|  0%| F|  |TAMS 0x00000000c2000000, 0x00000000c2000000| Untracked 
|  33|0x00000000c2100000, 0x00000000c2100000, 0x00000000c2200000|  0%| F|  |TAMS 0x00000000c2100000, 0x00000000c2100000| Untracked 
|  34|0x00000000c2200000, 0x00000000c2200000, 0x00000000c2300000|  0%| F|  |TAMS 0x00000000c2200000, 0x00000000c2200000| Untracked 
|  35|0x00000000c2300000, 0x00000000c2300000, 0x00000000c2400000|  0%| F|  |TAMS 0x00000000c2300000, 0x00000000c2300000| Untracked 
|  36|0x00000000c2400000, 0x00000000c2400000, 0x00000000c2500000|  0%| F|  |TAMS 0x00000000c2400000, 0x00000000c2400000| Untracked 
|  37|0x00000000c2500000, 0x00000000c2500000, 0x00000000c2600000|  0%| F|  |TAMS 0x00000000c2500000, 0x00000000c2500000| Untracked 
|  38|0x00000000c2600000, 0x00000000c2600000, 0x00000000c2700000|  0%| F|  |TAMS 0x00000000c2600000, 0x00000000c2600000| Untracked 
|  39|0x00000000c2700000, 0x00000000c2700000, 0x00000000c2800000|  0%| F|  |TAMS 0x00000000c2700000, 0x00000000c2700000| Untracked 
|  40|0x00000000c2800000, 0x00000000c2800000, 0x00000000c2900000|  0%| F|  |TAMS 0x00000000c2800000, 0x00000000c2800000| Untracked 
|  41|0x00000000c2900000, 0x00000000c2900000, 0x00000000c2a00000|  0%| F|  |TAMS 0x00000000c2900000, 0x00000000c2900000| Untracked 
|  42|0x00000000c2a00000, 0x00000000c2a00000, 0x00000000c2b00000|  0%| F|  |TAMS 0x00000000c2a00000, 0x00000000c2a00000| Untracked 
|  43|0x00000000c2b00000, 0x00000000c2b00000, 0x00000000c2c00000|  0%| F|  |TAMS 0x00000000c2b00000, 0x00000000c2b00000| Untracked 
|  44|0x00000000c2c00000, 0x00000000c2c00000, 0x00000000c2d00000|  0%| F|  |TAMS 0x00000000c2c00000, 0x00000000c2c00000| Untracked 
|  45|0x00000000c2d00000, 0x00000000c2d00000, 0x00000000c2e00000|  0%| F|  |TAMS 0x00000000c2d00000, 0x00000000c2d00000| Untracked 
|  46|0x00000000c2e00000, 0x00000000c2e00000, 0x00000000c2f00000|  0%| F|  |TAMS 0x00000000c2e00000, 0x00000000c2e00000| Untracked 
|  47|0x00000000c2f00000, 0x00000000c2f00000, 0x00000000c3000000|  0%| F|  |TAMS 0x00000000c2f00000, 0x00000000c2f00000| Untracked 
|  48|0x00000000c3000000, 0x00000000c3000000, 0x00000000c3100000|  0%| F|  |TAMS 0x00000000c3000000, 0x00000000c3000000| Untracked 
|  49|0x00000000c3100000, 0x00000000c3100000, 0x00000000c3200000|  0%| F|  |TAMS 0x00000000c3100000, 0x00000000c3100000| Untracked 
|  50|0x00000000c3200000, 0x00000000c3200000, 0x00000000c3300000|  0%| F|  |TAMS 0x00000000c3200000, 0x00000000c3200000| Untracked 
|  51|0x00000000c3300000, 0x00000000c3300000, 0x00000000c3400000|  0%| F|  |TAMS 0x00000000c3300000, 0x00000000c3300000| Untracked 
|  52|0x00000000c3400000, 0x00000000c3400000, 0x00000000c3500000|  0%| F|  |TAMS 0x00000000c3400000, 0x00000000c3400000| Untracked 
|  53|0x00000000c3500000, 0x00000000c3500000, 0x00000000c3600000|  0%| F|  |TAMS 0x00000000c3500000, 0x00000000c3500000| Untracked 
|  54|0x00000000c3600000, 0x00000000c3600000, 0x00000000c3700000|  0%| F|  |TAMS 0x00000000c3600000, 0x00000000c3600000| Untracked 
|  55|0x00000000c3700000, 0x00000000c3700000, 0x00000000c3800000|  0%| F|  |TAMS 0x00000000c3700000, 0x00000000c3700000| Untracked 
|  56|0x00000000c3800000, 0x00000000c3800000, 0x00000000c3900000|  0%| F|  |TAMS 0x00000000c3800000, 0x00000000c3800000| Untracked 
|  57|0x00000000c3900000, 0x00000000c3900000, 0x00000000c3a00000|  0%| F|  |TAMS 0x00000000c3900000, 0x00000000c3900000| Untracked 
|  58|0x00000000c3a00000, 0x00000000c3a00000, 0x00000000c3b00000|  0%| F|  |TAMS 0x00000000c3a00000, 0x00000000c3a00000| Untracked 
|  59|0x00000000c3b00000, 0x00000000c3b00000, 0x00000000c3c00000|  0%| F|  |TAMS 0x00000000c3b00000, 0x00000000c3b00000| Untracked 
|  60|0x00000000c3c00000, 0x00000000c3c00000, 0x00000000c3d00000|  0%| F|  |TAMS 0x00000000c3c00000, 0x00000000c3c00000| Untracked 
|  61|0x00000000c3d00000, 0x00000000c3d00000, 0x00000000c3e00000|  0%| F|  |TAMS 0x00000000c3d00000, 0x00000000c3d00000| Untracked 
|  62|0x00000000c3e00000, 0x00000000c3e00000, 0x00000000c3f00000|  0%| F|  |TAMS 0x00000000c3e00000, 0x00000000c3e00000| Untracked 
|  63|0x00000000c3f00000, 0x00000000c3f00000, 0x00000000c4000000|  0%| F|  |TAMS 0x00000000c3f00000, 0x00000000c3f00000| Untracked 
|  64|0x00000000c4000000, 0x00000000c4000000, 0x00000000c4100000|  0%| F|  |TAMS 0x00000000c4000000, 0x00000000c4000000| Untracked 
|  65|0x00000000c4100000, 0x00000000c4100000, 0x00000000c4200000|  0%| F|  |TAMS 0x00000000c4100000, 0x00000000c4100000| Untracked 
|  87|0x00000000c5700000, 0x00000000c5700000, 0x00000000c5800000|  0%| F|  |TAMS 0x00000000c5700000, 0x00000000c5700000| Untracked 
|  88|0x00000000c5800000, 0x00000000c5800000, 0x00000000c5900000|  0%| F|  |TAMS 0x00000000c5800000, 0x00000000c5800000| Untracked 
|  89|0x00000000c5900000, 0x00000000c5900000, 0x00000000c5a00000|  0%| F|  |TAMS 0x00000000c5900000, 0x00000000c5900000| Untracked 
|  90|0x00000000c5a00000, 0x00000000c5a00000, 0x00000000c5b00000|  0%| F|  |TAMS 0x00000000c5a00000, 0x00000000c5a00000| Untracked 
|  91|0x00000000c5b00000, 0x00000000c5b00000, 0x00000000c5c00000|  0%| F|  |TAMS 0x00000000c5b00000, 0x00000000c5b00000| Untracked 
| 121|0x00000000c7900000, 0x00000000c7900000, 0x00000000c7a00000|  0%| F|  |TAMS 0x00000000c7900000, 0x00000000c7900000| Untracked 
| 122|0x00000000c7a00000, 0x00000000c7a00000, 0x00000000c7b00000|  0%| F|  |TAMS 0x00000000c7a00000, 0x00000000c7a00000| Untracked 
| 123|0x00000000c7b00000, 0x00000000c7b25218, 0x00000000c7c00000| 14%| E|  |TAMS 0x00000000c7b00000, 0x00000000c7b00000| Complete 

Card table byte_map: [0x00000148d22e0000,0x00000148d24e0000] _byte_map_base: 0x00000148d1ce0000

Marking Bits (Prev, Next): (CMBitMap*) 0x00000148cc380770, (CMBitMap*) 0x00000148cc380730
 Prev Bits: [0x00000148d36e0000, 0x00000148d46e0000)
 Next Bits: [0x00000148d26e0000, 0x00000148d36e0000)

Polling page: 0x00000148cbaf0000

Metaspace:

Usage:
  Non-class:     32.69 MB used.
      Class:      4.96 MB used.
       Both:     37.66 MB used.

Virtual space:
  Non-class space:       64.00 MB reserved,      33.00 MB ( 52%) committed,  1 nodes.
      Class space:        1.00 GB reserved,       5.19 MB ( <1%) committed,  1 nodes.
             Both:        1.06 GB reserved,      38.19 MB (  4%) committed. 

Chunk freelists:
   Non-Class:  14.46 MB
       Class:  10.82 MB
        Both:  25.29 MB

MaxMetaspaceSize: unlimited
CompressedClassSpaceSize: 1.00 GB
Initial GC threshold: 21.00 MB
Current GC threshold: 63.56 MB
CDS: off
MetaspaceReclaimPolicy: balanced
 - commit_granule_bytes: 65536.
 - commit_granule_words: 8192.
 - virtual_space_node_default_size: 8388608.
 - enlarge_chunks_in_place: 1.
 - new_chunks_are_fully_committed: 0.
 - uncommit_free_chunks: 1.
 - use_allocation_guard: 0.
 - handle_deallocations: 1.


Internal statistics:

num_allocs_failed_limit: 6.
num_arena_births: 512.
num_arena_deaths: 158.
num_vsnodes_births: 2.
num_vsnodes_deaths: 0.
num_space_committed: 611.
num_space_uncommitted: 0.
num_chunks_returned_to_freelist: 184.
num_chunks_taken_from_freelist: 1677.
num_chunk_merges: 51.
num_chunk_splits: 1138.
num_chunks_enlarged: 855.
num_inconsistent_stats: 0.

CodeCache: size=49152Kb used=7019Kb max_used=8356Kb free=42132Kb
 bounds [0x00000148cefd0000, 0x00000148cf800000, 0x00000148d1fd0000]
 total_blobs=4292 nmethods=3750 adapters=468
 compilation: enabled
              stopped_count=0, restarted_count=0
 full_count=0

Compilation events (20 events):
Event: 12581.129 Thread 0x00000148d71ec030 3741       1       sun.nio.fs.WindowsFileSystem::getPath (106 bytes)
Event: 12581.132 Thread 0x00000148d71ec030 nmethod 3741 0x00000148cf1d3e10 code [0x00000148cf1d4020, 0x00000148cf1d46d8]
Event: 12581.132 Thread 0x00000148d71ec030 3742       1       java.util.regex.Matcher::match (154 bytes)
Event: 12581.134 Thread 0x00000148d71ec030 nmethod 3742 0x00000148cf1d3890 code [0x00000148cf1d3a40, 0x00000148cf1d3c58]
Event: 12581.135 Thread 0x00000148d71ec030 3743       1       java.util.stream.FindOps$FindSink::cancellationRequested (5 bytes)
Event: 12581.135 Thread 0x00000148d71ec030 nmethod 3743 0x00000148cf1d3590 code [0x00000148cf1d3720, 0x00000148cf1d37f8]
Event: 12581.139 Thread 0x00000148d71ec030 3744   !   1       java.io.File::toPath (54 bytes)
Event: 12581.141 Thread 0x00000148d71ec030 nmethod 3744 0x00000148cf1d2f10 code [0x00000148cf1d30c0, 0x00000148cf1d3408]
Event: 12625.157 Thread 0x00000148d71ec030 3745       1       java.net.URI::decode (380 bytes)
Event: 12625.171 Thread 0x00000148d71ec030 nmethod 3745 0x00000148cf1d0610 code [0x00000148cf1d09e0, 0x00000148cf1d1eb8]
Event: 12625.171 Thread 0x00000148d71ec030 3746       1       java.nio.CharBuffer::flip (7 bytes)
Event: 12625.171 Thread 0x00000148d71ec030 nmethod 3746 0x00000148cf1d0310 code [0x00000148cf1d04a0, 0x00000148cf1d0578]
Event: 12625.171 Thread 0x00000148d71ec030 3747   !   1       java.nio.HeapCharBuffer::toString (30 bytes)
Event: 12625.171 Thread 0x00000148d71ec030 nmethod 3747 0x00000148cf1cfd10 code [0x00000148cf1cfec0, 0x00000148cf1d0148]
Event: 12881.199 Thread 0x00000148d71ec030 3748       1       java.time.format.DateTimeFormatter::getDecimalStyle (5 bytes)
Event: 12881.208 Thread 0x00000148d71ec030 nmethod 3748 0x00000148cf1cfa10 code [0x00000148cf1cfba0, 0x00000148cf1cfc78]
Event: 12962.817 Thread 0x00000148d71ec030 3749       1       java.math.BigDecimal::<init> (27 bytes)
Event: 12962.824 Thread 0x00000148d71ec030 nmethod 3749 0x00000148cf1cf710 code [0x00000148cf1cf8a0, 0x00000148cf1cf9b8]
Event: 12962.824 Thread 0x00000148d71ec030 3750       1       ch.qos.logback.core.pattern.FormattingConverter::write (154 bytes)
Event: 12962.841 Thread 0x00000148d71ec030 nmethod 3750 0x00000148cf1cec90 code [0x00000148cf1ceee0, 0x00000148cf1cf3b8]

GC Heap History (20 events):
Event: 12939.772 GC heap before
{Heap before GC invocations=1223 (full 1215):
 garbage-first heap   total 75776K, used 22301K [0x00000000c0000000, 0x0000000100000000)
  region size 1024K, 1 young (1024K), 0 survivors (0K)
 Metaspace       used 38559K, committed 39104K, reserved 1114112K
  class space    used 5083K, committed 5312K, reserved 1048576K
}
Event: 12939.788 GC heap after
{Heap after GC invocations=1224 (full 1216):
 garbage-first heap   total 75776K, used 22301K [0x00000000c0000000, 0x0000000100000000)
  region size 1024K, 0 young (0K), 0 survivors (0K)
 Metaspace       used 38559K, committed 39104K, reserved 1114112K
  class space    used 5083K, committed 5312K, reserved 1048576K
}
Event: 12950.024 GC heap before
{Heap before GC invocations=1224 (full 1216):
 garbage-first heap   total 75776K, used 22301K [0x00000000c0000000, 0x0000000100000000)
  region size 1024K, 1 young (1024K), 0 survivors (0K)
 Metaspace       used 38559K, committed 39104K, reserved 1114112K
  class space    used 5083K, committed 5312K, reserved 1048576K
}
Event: 12950.042 GC heap after
{Heap after GC invocations=1225 (full 1217):
 garbage-first heap   total 75776K, used 22300K [0x00000000c0000000, 0x0000000100000000)
  region size 1024K, 0 young (0K), 0 survivors (0K)
 Metaspace       used 38559K, committed 39104K, reserved 1114112K
  class space    used 5083K, committed 5312K, reserved 1048576K
}
Event: 12960.272 GC heap before
{Heap before GC invocations=1225 (full 1217):
 garbage-first heap   total 75776K, used 22300K [0x00000000c0000000, 0x0000000100000000)
  region size 1024K, 1 young (1024K), 0 survivors (0K)
 Metaspace       used 38559K, committed 39104K, reserved 1114112K
  class space    used 5083K, committed 5312K, reserved 1048576K
}
Event: 12960.291 GC heap after
{Heap after GC invocations=1226 (full 1218):
 garbage-first heap   total 75776K, used 22300K [0x00000000c0000000, 0x0000000100000000)
  region size 1024K, 0 young (0K), 0 survivors (0K)
 Metaspace       used 38559K, committed 39104K, reserved 1114112K
  class space    used 5083K, committed 5312K, reserved 1048576K
}
Event: 13000.860 GC heap before
{Heap before GC invocations=1226 (full 1218):
 garbage-first heap   total 75776K, used 22300K [0x00000000c0000000, 0x0000000100000000)
  region size 1024K, 1 young (1024K), 0 survivors (0K)
 Metaspace       used 38559K, committed 39104K, reserved 1114112K
  class space    used 5083K, committed 5312K, reserved 1048576K
}
Event: 13001.067 GC heap after
{Heap after GC invocations=1227 (full 1219):
 garbage-first heap   total 75776K, used 22301K [0x00000000c0000000, 0x0000000100000000)
  region size 1024K, 0 young (0K), 0 survivors (0K)
 Metaspace       used 38559K, committed 39104K, reserved 1114112K
  class space    used 5083K, committed 5312K, reserved 1048576K
}
Event: 13012.340 GC heap before
{Heap before GC invocations=1227 (full 1219):
 garbage-first heap   total 75776K, used 22301K [0x00000000c0000000, 0x0000000100000000)
  region size 1024K, 1 young (1024K), 0 survivors (0K)
 Metaspace       used 38559K, committed 39104K, reserved 1114112K
  class space    used 5083K, committed 5312K, reserved 1048576K
}
Event: 13012.380 GC heap after
{Heap after GC invocations=1228 (full 1220):
 garbage-first heap   total 75776K, used 22301K [0x00000000c0000000, 0x0000000100000000)
  region size 1024K, 0 young (0K), 0 survivors (0K)
 Metaspace       used 38559K, committed 39104K, reserved 1114112K
  class space    used 5083K, committed 5312K, reserved 1048576K
}
Event: 13022.763 GC heap before
{Heap before GC invocations=1228 (full 1220):
 garbage-first heap   total 75776K, used 22301K [0x00000000c0000000, 0x0000000100000000)
  region size 1024K, 1 young (1024K), 0 survivors (0K)
 Metaspace       used 38559K, committed 39104K, reserved 1114112K
  class space    used 5083K, committed 5312K, reserved 1048576K
}
Event: 13022.788 GC heap after
{Heap after GC invocations=1229 (full 1221):
 garbage-first heap   total 75776K, used 22301K [0x00000000c0000000, 0x0000000100000000)
  region size 1024K, 0 young (0K), 0 survivors (0K)
 Metaspace       used 38559K, committed 39104K, reserved 1114112K
  class space    used 5083K, committed 5312K, reserved 1048576K
}
Event: 13033.053 GC heap before
{Heap before GC invocations=1229 (full 1221):
 garbage-first heap   total 75776K, used 22301K [0x00000000c0000000, 0x0000000100000000)
  region size 1024K, 1 young (1024K), 0 survivors (0K)
 Metaspace       used 38559K, committed 39104K, reserved 1114112K
  class space    used 5083K, committed 5312K, reserved 1048576K
}
Event: 13033.073 GC heap after
{Heap after GC invocations=1230 (full 1222):
 garbage-first heap   total 75776K, used 22300K [0x00000000c0000000, 0x0000000100000000)
  region size 1024K, 0 young (0K), 0 survivors (0K)
 Metaspace       used 38559K, committed 39104K, reserved 1114112K
  class space    used 5083K, committed 5312K, reserved 1048576K
}
Event: 13043.386 GC heap before
{Heap before GC invocations=1230 (full 1222):
 garbage-first heap   total 75776K, used 22300K [0x00000000c0000000, 0x0000000100000000)
  region size 1024K, 1 young (1024K), 0 survivors (0K)
 Metaspace       used 38559K, committed 39104K, reserved 1114112K
  class space    used 5083K, committed 5312K, reserved 1048576K
}
Event: 13043.406 GC heap after
{Heap after GC invocations=1231 (full 1223):
 garbage-first heap   total 75776K, used 22300K [0x00000000c0000000, 0x0000000100000000)
  region size 1024K, 0 young (0K), 0 survivors (0K)
 Metaspace       used 38559K, committed 39104K, reserved 1114112K
  class space    used 5083K, committed 5312K, reserved 1048576K
}
Event: 13053.666 GC heap before
{Heap before GC invocations=1231 (full 1223):
 garbage-first heap   total 75776K, used 22300K [0x00000000c0000000, 0x0000000100000000)
  region size 1024K, 1 young (1024K), 0 survivors (0K)
 Metaspace       used 38559K, committed 39104K, reserved 1114112K
  class space    used 5083K, committed 5312K, reserved 1048576K
}
Event: 13053.687 GC heap after
{Heap after GC invocations=1232 (full 1224):
 garbage-first heap   total 75776K, used 22300K [0x00000000c0000000, 0x0000000100000000)
  region size 1024K, 0 young (0K), 0 survivors (0K)
 Metaspace       used 38559K, committed 39104K, reserved 1114112K
  class space    used 5083K, committed 5312K, reserved 1048576K
}
Event: 13064.088 GC heap before
{Heap before GC invocations=1232 (full 1224):
 garbage-first heap   total 75776K, used 22300K [0x00000000c0000000, 0x0000000100000000)
  region size 1024K, 1 young (1024K), 0 survivors (0K)
 Metaspace       used 38559K, committed 39104K, reserved 1114112K
  class space    used 5083K, committed 5312K, reserved 1048576K
}
Event: 13064.113 GC heap after
{Heap after GC invocations=1233 (full 1225):
 garbage-first heap   total 75776K, used 22300K [0x00000000c0000000, 0x0000000100000000)
  region size 1024K, 0 young (0K), 0 survivors (0K)
 Metaspace       used 38559K, committed 39104K, reserved 1114112K
  class space    used 5083K, committed 5312K, reserved 1048576K
}

Dll operation events (8 events):
Event: 2.485 Loaded shared library c:\Users\ZACKY\.vscode\extensions\redhat.java-1.25.1-win32-x64\jre\17.0.9-win32-x86_64\bin\java.dll
Event: 74.885 Loaded shared library C:\Users\ZACKY\.vscode\extensions\redhat.java-1.25.1-win32-x64\jre\17.0.9-win32-x86_64\bin\net.dll
Event: 75.057 Loaded shared library C:\Users\ZACKY\.vscode\extensions\redhat.java-1.25.1-win32-x64\jre\17.0.9-win32-x86_64\bin\nio.dll
Event: 75.928 Loaded shared library C:\Users\ZACKY\.vscode\extensions\redhat.java-1.25.1-win32-x64\jre\17.0.9-win32-x86_64\bin\zip.dll
Event: 82.342 Loaded shared library C:\Users\ZACKY\.vscode\extensions\redhat.java-1.25.1-win32-x64\jre\17.0.9-win32-x86_64\bin\jimage.dll
Event: 86.502 Loaded shared library c:\Users\ZACKY\.vscode\extensions\redhat.java-1.25.1-win32-x64\jre\17.0.9-win32-x86_64\bin\verify.dll
Event: 87.640 Loaded shared library C:\Users\ZACKY\.vscode\extensions\redhat.java-1.25.1-win32-x64\jre\17.0.9-win32-x86_64\bin\management.dll
Event: 87.664 Loaded shared library C:\Users\ZACKY\.vscode\extensions\redhat.java-1.25.1-win32-x64\jre\17.0.9-win32-x86_64\bin\management_ext.dll

Deoptimization events (12 events):
Event: 84.338 Thread 0x00000148cc341c90 DEOPT PACKING pc=0x00000148cf5dd699 sp=0x00000028596fd0b0
Event: 84.338 Thread 0x00000148cc341c90 DEOPT UNPACKING pc=0x00000148cf02ace3 sp=0x00000028596fc590 mode 3
Event: 85.094 Thread 0x00000148cc341c90 DEOPT PACKING pc=0x00000148cf654755 sp=0x00000028596fe6f0
Event: 85.094 Thread 0x00000148cc341c90 DEOPT UNPACKING pc=0x00000148cf02ace3 sp=0x00000028596fdb98 mode 3
Event: 87.906 Thread 0x00000148dcbd2a80 DEOPT PACKING pc=0x00000148cf7e0635 sp=0x000000285b6fe0f0
Event: 87.906 Thread 0x00000148dcbd2a80 DEOPT UNPACKING pc=0x00000148cf02ace3 sp=0x000000285b6fd608 mode 3
Event: 87.976 Thread 0x00000148dc0571b0 DEOPT PACKING pc=0x00000148cf586a01 sp=0x000000285b5fe030
Event: 87.976 Thread 0x00000148dc0571b0 DEOPT UNPACKING pc=0x00000148cf02ace3 sp=0x000000285b5fd4c0 mode 3
Event: 87.983 Thread 0x00000148dcc24ad0 DEOPT PACKING pc=0x00000148cf567397 sp=0x000000285b7ff1d0
Event: 87.983 Thread 0x00000148dcc24ad0 DEOPT UNPACKING pc=0x00000148cf02ace3 sp=0x000000285b7fe628 mode 3
Event: 11475.019 Thread 0x00000148dc0571b0 DEOPT PACKING pc=0x00000148cf65ded4 sp=0x000000285b5ff210
Event: 11475.022 Thread 0x00000148dc0571b0 DEOPT UNPACKING pc=0x00000148cf02ace3 sp=0x000000285b5fe6b8 mode 0

Classes unloaded (20 events):
Event: 148.211 Thread 0x00000148d71824c0 Unloading class 0x0000000100095c00 'java/lang/invoke/LambdaForm$MH+0x0000000100095c00'
Event: 148.211 Thread 0x00000148d71824c0 Unloading class 0x0000000100095800 'java/lang/invoke/LambdaForm$MH+0x0000000100095800'
Event: 148.211 Thread 0x00000148d71824c0 Unloading class 0x0000000100095400 'java/lang/invoke/LambdaForm$MH+0x0000000100095400'
Event: 148.211 Thread 0x00000148d71824c0 Unloading class 0x0000000100095000 'java/lang/invoke/LambdaForm$MH+0x0000000100095000'
Event: 148.211 Thread 0x00000148d71824c0 Unloading class 0x0000000100094c00 'java/lang/invoke/LambdaForm$MH+0x0000000100094c00'
Event: 148.211 Thread 0x00000148d71824c0 Unloading class 0x0000000100094800 'java/lang/invoke/LambdaForm$MH+0x0000000100094800'
Event: 148.211 Thread 0x00000148d71824c0 Unloading class 0x0000000100094400 'java/lang/invoke/LambdaForm$MH+0x0000000100094400'
Event: 148.211 Thread 0x00000148d71824c0 Unloading class 0x000000010008e800 'java/lang/invoke/LambdaForm$MH+0x000000010008e800'
Event: 148.211 Thread 0x00000148d71824c0 Unloading class 0x000000010008e400 'java/lang/invoke/LambdaForm$MH+0x000000010008e400'
Event: 148.211 Thread 0x00000148d71824c0 Unloading class 0x000000010008e000 'java/lang/invoke/LambdaForm$MH+0x000000010008e000'
Event: 148.211 Thread 0x00000148d71824c0 Unloading class 0x000000010008dc00 'java/lang/invoke/LambdaForm$MH+0x000000010008dc00'
Event: 148.211 Thread 0x00000148d71824c0 Unloading class 0x000000010008d800 'java/lang/invoke/LambdaForm$MH+0x000000010008d800'
Event: 148.211 Thread 0x00000148d71824c0 Unloading class 0x000000010008d400 'java/lang/invoke/LambdaForm$MH+0x000000010008d400'
Event: 148.211 Thread 0x00000148d71824c0 Unloading class 0x000000010008cc00 'java/lang/invoke/LambdaForm$MH+0x000000010008cc00'
Event: 148.211 Thread 0x00000148d71824c0 Unloading class 0x000000010008c800 'java/lang/invoke/LambdaForm$MH+0x000000010008c800'
Event: 148.211 Thread 0x00000148d71824c0 Unloading class 0x000000010008c000 'java/lang/invoke/LambdaForm$MH+0x000000010008c000'
Event: 148.211 Thread 0x00000148d71824c0 Unloading class 0x000000010008bc00 'java/lang/invoke/LambdaForm$MH+0x000000010008bc00'
Event: 12530.837 Thread 0x00000148d71824c0 Unloading class 0x0000000100478400 'java/lang/invoke/LambdaForm$MH+0x0000000100478400'
Event: 12530.841 Thread 0x00000148d71824c0 Unloading class 0x0000000100504400 'java/lang/invoke/LambdaForm$MH+0x0000000100504400'
Event: 12530.841 Thread 0x00000148d71824c0 Unloading class 0x0000000100538000 'java/lang/invoke/LambdaForm$MH+0x0000000100538000'

Classes redefined (0 events):
No events

Internal exceptions (20 events):
Event: 85.463 Thread 0x00000148cc341c90 Exception <a 'java/lang/NoSuchMethodError'{0x00000000c58e6620}: 'java.lang.Object java.lang.invoke.DirectMethodHandle$Holder.invokeSpecial(java.lang.Object, java.lang.Object, int, java.lang.Object, java.lang.Object)'> (0x00000000c58e6620) 
thrown [s\src\hotspot\share\interpreter\linkResolver.cpp, line 759]
Event: 85.464 Thread 0x00000148cc341c90 Exception <a 'java/lang/NoSuchMethodError'{0x00000000c58ea2c8}: 'java.lang.Object java.lang.invoke.DelegatingMethodHandle$Holder.delegate(java.lang.Object, int, java.lang.Object, java.lang.Object)'> (0x00000000c58ea2c8) 
thrown [s\src\hotspot\share\interpreter\linkResolver.cpp, line 759]
Event: 85.465 Thread 0x00000148cc341c90 Exception <a 'java/lang/NoSuchMethodError'{0x00000000c58fb150}: 'int java.lang.invoke.Invokers$Holder.linkToTargetMethod(java.lang.Object, java.lang.Object, java.lang.Object)'> (0x00000000c58fb150) 
thrown [s\src\hotspot\share\interpreter\linkResolver.cpp, line 759]
Event: 85.545 Thread 0x00000148cc341c90 Exception <a 'java/lang/NoSuchMethodError'{0x00000000c3e59dc0}: 'java.lang.Object java.lang.invoke.DirectMethodHandle$Holder.invokeStaticInit(java.lang.Object, int, int, int, int)'> (0x00000000c3e59dc0) 
thrown [s\src\hotspot\share\interpreter\linkResolver.cpp, line 759]
Event: 85.631 Thread 0x00000148cc341c90 Exception <a 'java/lang/NoSuchMethodError'{0x00000000c3d457e0}: 'java.lang.Object java.lang.invoke.DirectMethodHandle$Holder.invokeStaticInit(java.lang.Object, java.lang.Object, int, int, int, int)'> (0x00000000c3d457e0) 
thrown [s\src\hotspot\share\interpreter\linkResolver.cpp, line 759]
Event: 85.809 Thread 0x00000148cc341c90 Exception <a 'java/lang/NoSuchMethodError'{0x00000000c354cba0}: 'void java.lang.invoke.DirectMethodHandle$Holder.invokeSpecialIFC(java.lang.Object, java.lang.Object, java.lang.Object)'> (0x00000000c354cba0) 
thrown [s\src\hotspot\share\interpreter\linkResolver.cpp, line 759]
Event: 86.760 Thread 0x00000148cc341c90 Exception <a 'java/lang/NoSuchMethodError'{0x00000000c40c72b0}: 'int java.lang.invoke.DirectMethodHandle$Holder.invokeStaticInit(java.lang.Object, java.lang.Object, int, java.lang.Object)'> (0x00000000c40c72b0) 
thrown [s\src\hotspot\share\interpreter\linkResolver.cpp, line 759]
Event: 86.911 Thread 0x00000148cc341c90 Exception <a 'java/lang/NoSuchMethodError'{0x00000000c3fd3cc8}: 'void java.lang.invoke.DirectMethodHandle$Holder.invokeSpecial(java.lang.Object, java.lang.Object, java.lang.Object, java.lang.Object, java.lang.Object, java.lang.Object, java.lang.Object)'> (0x00000000c3fd3cc8) 
thrown [s\src\hotspot\share\interpreter\linkResolver.cpp, line 759]
Event: 87.365 Thread 0x00000148cc341c90 Exception <a 'java/lang/NoSuchMethodError'{0x00000000c3bd6400}: 'java.lang.Object java.lang.invoke.DirectMethodHandle$Holder.invokeInterface(java.lang.Object, java.lang.Object, int)'> (0x00000000c3bd6400) 
thrown [s\src\hotspot\share\interpreter\linkResolver.cpp, line 759]
Event: 87.366 Thread 0x00000148cc341c90 Exception <a 'java/lang/IncompatibleClassChangeError'{0x00000000c3bea090}: Found class java.lang.Object, but interface was expected> (0x00000000c3bea090) 
thrown [s\src\hotspot\share\interpreter\linkResolver.cpp, line 826]
Event: 87.613 Thread 0x00000148cc341c90 Exception <a 'java/lang/NoSuchMethodError'{0x00000000c3564510}: 'java.lang.Object java.lang.invoke.DirectMethodHandle$Holder.newInvokeSpecial(java.lang.Object, java.lang.Object, int, java.lang.Object, java.lang.Object)'> (0x00000000c3564510) 
thrown [s\src\hotspot\share\interpreter\linkResolver.cpp, line 759]
Event: 87.614 Thread 0x00000148cc341c90 Exception <a 'java/lang/NoSuchMethodError'{0x00000000c3577790}: 'java.lang.Object java.lang.invoke.DirectMethodHandle$Holder.invokeSpecial(java.lang.Object, java.lang.Object, int, java.lang.Object, int, java.lang.Object)'> (0x00000000c3577790) 
thrown [s\src\hotspot\share\interpreter\linkResolver.cpp, line 759]
Event: 87.614 Thread 0x00000148cc341c90 Exception <a 'java/lang/NoSuchMethodError'{0x00000000c357f598}: 'java.lang.Object java.lang.invoke.DirectMethodHandle$Holder.newInvokeSpecial(java.lang.Object, java.lang.Object, int, java.lang.Object, int)'> (0x00000000c357f598) 
thrown [s\src\hotspot\share\interpreter\linkResolver.cpp, line 759]
Event: 87.614 Thread 0x00000148cc341c90 Exception <a 'java/lang/NoSuchMethodError'{0x00000000c3583698}: 'java.lang.Object java.lang.invoke.DirectMethodHandle$Holder.invokeSpecial(java.lang.Object, java.lang.Object, java.lang.Object, int, java.lang.Object, int)'> (0x00000000c3583698) 
thrown [s\src\hotspot\share\interpreter\linkResolver.cpp, line 759]
Event: 87.906 Thread 0x00000148dcbd2a80 Exception <a 'java/lang/NoSuchMethodError'{0x00000000c5920f48}: 'java.lang.Object java.lang.invoke.DirectMethodHandle$Holder.invokeStatic(java.lang.Object, int, java.lang.Object)'> (0x00000000c5920f48) 
thrown [s\src\hotspot\share\interpreter\linkResolver.cpp, line 759]
Event: 87.937 Thread 0x00000148dc0571b0 Exception <a 'java/lang/NoSuchMethodError'{0x00000000c597dce8}: 'java.lang.Object java.lang.invoke.DirectMethodHandle$Holder.invokeStatic(java.lang.Object, java.lang.Object, java.lang.Object, int, java.lang.Object, java.lang.Object)'> (0x00000000c597dce8) 
thrown [s\src\hotspot\share\interpreter\linkResolver.cpp, line 759]
Event: 88.556 Thread 0x00000148dcb3c9b0 Exception <a 'java/lang/NoSuchMethodError'{0x00000000c3edc330}: 'int java.lang.invoke.DirectMethodHandle$Holder.invokeStatic(java.lang.Object)'> (0x00000000c3edc330) 
thrown [s\src\hotspot\share\interpreter\linkResolver.cpp, line 759]
Event: 88.557 Thread 0x00000148dcb3c9b0 Exception <a 'java/lang/NoSuchMethodError'{0x00000000c3edf730}: 'int java.lang.invoke.DirectMethodHandle$Holder.invokeStaticInit(java.lang.Object)'> (0x00000000c3edf730) 
thrown [s\src\hotspot\share\interpreter\linkResolver.cpp, line 759]
Event: 127.654 Thread 0x00000148dcb50510 Exception <a 'java/lang/NoSuchMethodError'{0x00000000c3d3fe70}: 'void java.lang.invoke.DirectMethodHandle$Holder.invokeStatic(java.lang.Object, long)'> (0x00000000c3d3fe70) 
thrown [s\src\hotspot\share\interpreter\linkResolver.cpp, line 759]
Event: 127.655 Thread 0x00000148dcb50510 Exception <a 'java/lang/NoSuchMethodError'{0x00000000c3d45218}: 'java.lang.Object java.lang.invoke.DirectMethodHandle$Holder.newInvokeSpecial(java.lang.Object, long)'> (0x00000000c3d45218) 
thrown [s\src\hotspot\share\interpreter\linkResolver.cpp, line 759]

VM Operations (20 events):
Event: 12939.788 Executing VM operation: G1CollectFull done
Event: 12950.024 Executing VM operation: G1CollectFull
Event: 12950.042 Executing VM operation: G1CollectFull done
Event: 12960.271 Executing VM operation: G1CollectFull
Event: 12960.291 Executing VM operation: G1CollectFull done
Event: 13000.852 Executing VM operation: G1CollectFull
Event: 13001.067 Executing VM operation: G1CollectFull done
Event: 13012.339 Executing VM operation: G1CollectFull
Event: 13012.380 Executing VM operation: G1CollectFull done
Event: 13022.763 Executing VM operation: G1CollectFull
Event: 13022.788 Executing VM operation: G1CollectFull done
Event: 13033.053 Executing VM operation: G1CollectFull
Event: 13033.073 Executing VM operation: G1CollectFull done
Event: 13043.386 Executing VM operation: G1CollectFull
Event: 13043.406 Executing VM operation: G1CollectFull done
Event: 13053.666 Executing VM operation: G1CollectFull
Event: 13053.688 Executing VM operation: G1CollectFull done
Event: 13064.088 Executing VM operation: G1CollectFull
Event: 13064.114 Executing VM operation: G1CollectFull done
Event: 13074.164 Executing VM operation: G1CollectFull

Events (20 events):
Event: 127.655 loading class java/lang/Process$PipeInputStream
Event: 127.655 loading class java/lang/Process$PipeInputStream done
Event: 127.656 loading class jdk/internal/event/ProcessStartEvent
Event: 127.656 loading class jdk/internal/event/ProcessStartEvent done
Event: 127.843 loading class java/io/FileOutputStream$1
Event: 127.843 loading class java/io/FileOutputStream$1 done
Event: 147.996 Thread 0x00000148dcb3b570 Thread exited: 0x00000148dcb3b570
Event: 148.388 Thread 0x00000148dcb3ba80 Thread exited: 0x00000148dcb3ba80
Event: 11476.827 loading class java/util/concurrent/ConcurrentHashMap$ValueSpliterator
Event: 11477.078 loading class java/util/concurrent/ConcurrentHashMap$ValueSpliterator done
Event: 12433.997 Thread 0x00000148dcb3b570 Thread added: 0x00000148dcb3b570
Event: 12472.104 Thread 0x00000148dcb3ba80 Thread added: 0x00000148dcb3ba80
Event: 12547.385 Thread 0x00000148dcb3ba80 Thread exited: 0x00000148dcb3ba80
Event: 12547.431 Thread 0x00000148dcb3b570 Thread exited: 0x00000148dcb3b570
Event: 12585.551 Thread 0x00000148dcb3b570 Thread added: 0x00000148dcb3b570
Event: 12660.823 Thread 0x00000148dcb3b570 Thread exited: 0x00000148dcb3b570
Event: 12869.176 Thread 0x00000148dcb3b570 Thread added: 0x00000148dcb3b570
Event: 12941.212 Thread 0x00000148dcb3b570 Thread exited: 0x00000148dcb3b570
Event: 12962.805 Thread 0x00000148dcb3b570 Thread added: 0x00000148dcb3b570
Event: 13022.821 Thread 0x00000148dcb3b570 Thread exited: 0x00000148dcb3b570


Dynamic libraries:
0x00007ff7988b0000 - 0x00007ff7988be000 	c:\Users\ZACKY\.vscode\extensions\redhat.java-1.25.1-win32-x64\jre\17.0.9-win32-x86_64\bin\java.exe
0x00007fff1b6d0000 - 0x00007fff1b8e7000 	C:\WINDOWS\SYSTEM32\ntdll.dll
0x00007fff1b2a0000 - 0x00007fff1b364000 	C:\WINDOWS\System32\KERNEL32.DLL
0x00007fff18f00000 - 0x00007fff192a5000 	C:\WINDOWS\System32\KERNELBASE.dll
0x00007fff18ab0000 - 0x00007fff18bc1000 	C:\WINDOWS\System32\ucrtbase.dll
0x00007fff07f10000 - 0x00007fff07f27000 	c:\Users\ZACKY\.vscode\extensions\redhat.java-1.25.1-win32-x64\jre\17.0.9-win32-x86_64\bin\jli.dll
0x00007fff07ef0000 - 0x00007fff07f0b000 	c:\Users\ZACKY\.vscode\extensions\redhat.java-1.25.1-win32-x64\jre\17.0.9-win32-x86_64\bin\VCRUNTIME140.dll
0x00007fff0d810000 - 0x00007fff0daa3000 	C:\WINDOWS\WinSxS\amd64_microsoft.windows.common-controls_6595b64144ccf1df_6.0.22621.2506_none_270c5ae97388e100\COMCTL32.dll
0x00007fff19570000 - 0x00007fff19617000 	C:\WINDOWS\System32\msvcrt.dll
0x00007fff1a730000 - 0x00007fff1a759000 	C:\WINDOWS\System32\GDI32.dll
0x00007fff192b0000 - 0x00007fff192d6000 	C:\WINDOWS\System32\win32u.dll
0x00007fff18de0000 - 0x00007fff18ef9000 	C:\WINDOWS\System32\gdi32full.dll
0x00007fff18d40000 - 0x00007fff18dda000 	C:\WINDOWS\System32\msvcp_win.dll
0x00007fff19630000 - 0x00007fff197de000 	C:\WINDOWS\System32\USER32.dll
0x00007fff1a760000 - 0x00007fff1a791000 	C:\WINDOWS\System32\IMM32.DLL
0x00007fff157b0000 - 0x00007fff157bc000 	c:\Users\ZACKY\.vscode\extensions\redhat.java-1.25.1-win32-x64\jre\17.0.9-win32-x86_64\bin\vcruntime140_1.dll
0x00007fff07120000 - 0x00007fff071ad000 	c:\Users\ZACKY\.vscode\extensions\redhat.java-1.25.1-win32-x64\jre\17.0.9-win32-x86_64\bin\msvcp140.dll
0x00007ffebe8d0000 - 0x00007ffebf531000 	c:\Users\ZACKY\.vscode\extensions\redhat.java-1.25.1-win32-x64\jre\17.0.9-win32-x86_64\bin\server\jvm.dll
0x00007fff1b5d0000 - 0x00007fff1b681000 	C:\WINDOWS\System32\ADVAPI32.dll
0x00007fff1b520000 - 0x00007fff1b5c6000 	C:\WINDOWS\System32\sechost.dll
0x00007fff1a410000 - 0x00007fff1a527000 	C:\WINDOWS\System32\RPCRT4.dll
0x00007fff07940000 - 0x00007fff07974000 	C:\WINDOWS\SYSTEM32\WINMM.dll
0x00007fff09880000 - 0x00007fff09889000 	C:\WINDOWS\SYSTEM32\WSOCK32.dll
0x00007fff17850000 - 0x00007fff1789d000 	C:\WINDOWS\SYSTEM32\POWRPROF.dll
0x00007fff0bf30000 - 0x00007fff0bf3a000 	C:\WINDOWS\SYSTEM32\VERSION.dll
0x00007fff1a5b0000 - 0x00007fff1a621000 	C:\WINDOWS\System32\WS2_32.dll
0x00007fff17830000 - 0x00007fff17843000 	C:\WINDOWS\SYSTEM32\UMPDC.dll
0x00007fff17a90000 - 0x00007fff17aa8000 	C:\WINDOWS\SYSTEM32\kernel.appcore.dll
0x00007fff10540000 - 0x00007fff1054a000 	c:\Users\ZACKY\.vscode\extensions\redhat.java-1.25.1-win32-x64\jre\17.0.9-win32-x86_64\bin\jimage.dll
0x00007fff162e0000 - 0x00007fff16513000 	C:\WINDOWS\SYSTEM32\DBGHELP.DLL
0x00007fff1a7a0000 - 0x00007fff1ab29000 	C:\WINDOWS\System32\combase.dll
0x00007fff1a150000 - 0x00007fff1a227000 	C:\WINDOWS\System32\OLEAUT32.dll
0x00007fff070c0000 - 0x00007fff070f2000 	C:\WINDOWS\SYSTEM32\dbgcore.DLL
0x00007fff192e0000 - 0x00007fff1935a000 	C:\WINDOWS\System32\bcryptPrimitives.dll
0x00007fff07ec0000 - 0x00007fff07ee5000 	c:\Users\ZACKY\.vscode\extensions\redhat.java-1.25.1-win32-x64\jre\17.0.9-win32-x86_64\bin\java.dll
0x00007fff07e70000 - 0x00007fff07e88000 	c:\Users\ZACKY\.vscode\extensions\redhat.java-1.25.1-win32-x64\jre\17.0.9-win32-x86_64\bin\zip.dll
0x00007fff198f0000 - 0x00007fff1a149000 	C:\WINDOWS\System32\SHELL32.dll
0x00007fff16920000 - 0x00007fff17214000 	C:\WINDOWS\SYSTEM32\windows.storage.dll
0x00007fff167e0000 - 0x00007fff1691e000 	C:\WINDOWS\SYSTEM32\wintypes.dll
0x00007fff19470000 - 0x00007fff19563000 	C:\WINDOWS\System32\SHCORE.dll
0x00007fff197e0000 - 0x00007fff1983e000 	C:\WINDOWS\System32\shlwapi.dll
0x00007fff18970000 - 0x00007fff18996000 	C:\WINDOWS\SYSTEM32\profapi.dll
0x00007fff07e50000 - 0x00007fff07e69000 	C:\Users\ZACKY\.vscode\extensions\redhat.java-1.25.1-win32-x64\jre\17.0.9-win32-x86_64\bin\net.dll
0x00007fff0fa30000 - 0x00007fff0fb67000 	C:\WINDOWS\SYSTEM32\WINHTTP.dll
0x00007fff17f60000 - 0x00007fff17fc9000 	C:\WINDOWS\system32\mswsock.dll
0x00007fff07e30000 - 0x00007fff07e46000 	C:\Users\ZACKY\.vscode\extensions\redhat.java-1.25.1-win32-x64\jre\17.0.9-win32-x86_64\bin\nio.dll
0x00007fff182b0000 - 0x00007fff182cb000 	C:\WINDOWS\SYSTEM32\CRYPTSP.dll
0x00007fff17a50000 - 0x00007fff17a85000 	C:\WINDOWS\system32\rsaenh.dll
0x00007fff18000000 - 0x00007fff1802c000 	C:\WINDOWS\SYSTEM32\USERENV.dll
0x00007fff183d0000 - 0x00007fff183f8000 	C:\WINDOWS\SYSTEM32\bcrypt.dll
0x00007fff18290000 - 0x00007fff1829c000 	C:\WINDOWS\SYSTEM32\CRYPTBASE.dll
0x00007fff174f0000 - 0x00007fff1751d000 	C:\WINDOWS\SYSTEM32\IPHLPAPI.DLL
0x00007fff1ab30000 - 0x00007fff1ab39000 	C:\WINDOWS\System32\NSI.dll
0x00007fff0e9b0000 - 0x00007fff0e9c9000 	C:\WINDOWS\SYSTEM32\dhcpcsvc6.DLL
0x00007fff0e7f0000 - 0x00007fff0e80f000 	C:\WINDOWS\SYSTEM32\dhcpcsvc.DLL
0x00007fff17560000 - 0x00007fff17659000 	C:\WINDOWS\SYSTEM32\DNSAPI.dll
0x00007fff0db30000 - 0x00007fff0db40000 	c:\Users\ZACKY\.vscode\extensions\redhat.java-1.25.1-win32-x64\jre\17.0.9-win32-x86_64\bin\verify.dll
0x00007fff09e20000 - 0x00007fff09e29000 	C:\Users\ZACKY\.vscode\extensions\redhat.java-1.25.1-win32-x64\jre\17.0.9-win32-x86_64\bin\management.dll
0x00007fff098d0000 - 0x00007fff098db000 	C:\Users\ZACKY\.vscode\extensions\redhat.java-1.25.1-win32-x64\jre\17.0.9-win32-x86_64\bin\management_ext.dll
0x00007fff19620000 - 0x00007fff19628000 	C:\WINDOWS\System32\PSAPI.DLL

dbghelp: loaded successfully - version: 4.0.5 - missing functions: none
symbol engine: initialized successfully - sym options: 0x614 - pdb path: .;c:\Users\ZACKY\.vscode\extensions\redhat.java-1.25.1-win32-x64\jre\17.0.9-win32-x86_64\bin;C:\WINDOWS\SYSTEM32;C:\WINDOWS\WinSxS\amd64_microsoft.windows.common-controls_6595b64144ccf1df_6.0.22621.2506_none_270c5ae97388e100;c:\Users\ZACKY\.vscode\extensions\redhat.java-1.25.1-win32-x64\jre\17.0.9-win32-x86_64\bin\server

VM Arguments:
jvm_args: -XX:+HeapDumpOnOutOfMemoryError -Xmx1024m -Dsts.lsp.client=vscode -Dsts.log.file=/dev/null -XX:TieredStopAtLevel=1 -Xlog:jni+resolve=off -Dspring.config.location=file:c:\Users\ZACKY\.vscode\extensions\vmware.vscode-spring-boot-1.51.0\language-server\BOOT-INF\classes\application.properties 
java_command: org.springframework.ide.vscode.boot.app.BootLanguageServerBootApp
java_class_path (initial): c:\Users\ZACKY\.vscode\extensions\vmware.vscode-spring-boot-1.51.0\language-server\BOOT-INF\classes;c:\Users\ZACKY\.vscode\extensions\vmware.vscode-spring-boot-1.51.0\language-server\BOOT-INF\lib\annotations-24.1.0.jar;c:\Users\ZACKY\.vscode\extensions\vmware.vscode-spring-boot-1.51.0\language-server\BOOT-INF\lib\antlr-runtime-3.5.3.jar;c:\Users\ZACKY\.vscode\extensions\vmware.vscode-spring-boot-1.51.0\language-server\BOOT-INF\lib\antlr4-4.11.1.jar;c:\Users\ZACKY\.vscode\extensions\vmware.vscode-spring-boot-1.51.0\language-server\BOOT-INF\lib\antlr4-runtime-4.11.1.jar;c:\Users\ZACKY\.vscode\extensions\vmware.vscode-spring-boot-1.51.0\language-server\BOOT-INF\lib\asm-9.6.jar;c:\Users\ZACKY\.vscode\extensions\vmware.vscode-spring-boot-1.51.0\language-server\BOOT-INF\lib\asm-analysis-9.6.jar;c:\Users\ZACKY\.vscode\extensions\vmware.vscode-spring-boot-1.51.0\language-server\BOOT-INF\lib\asm-tree-9.6.jar;c:\Users\ZACKY\.vscode\extensions\vmware.vscode-spring-boot-1.51.0\language-server\BOOT-INF\lib\asm-util-9.6.jar;c:\Users\ZACKY\.vscode\extensions\vmware.vscode-spring-boot-1.51.0\language-server\BOOT-INF\lib\bosh-language-server-1.51.0-SNAPSHOT.jar;c:\Users\ZACKY\.vscode\extensions\vmware.vscode-spring-boot-1.51.0\language-server\BOOT-INF\lib\caffeine-3.1.8.jar;c:\Users\ZACKY\.vscode\extensions\vmware.vscode-spring-boot-1.51.0\language-server\BOOT-INF\lib\checker-qual-3.12.0.jar;c:\Users\ZACKY\.vscode\extensions\vmware.vscode-spring-boot-1.51.0\language-server\BOOT-INF\lib\classgraph-4.8.149.jar;c:\Users\ZACKY\.vscode\extensions\vmware.vscode-spring-boot-1.51.0\language-server\BOOT-INF\lib\commons-codec-1.15.jar;c:\Users\ZACKY\.vscode\extensions\vmware.vscode-spring-boot-1.51.0\language-server\BOOT-INF\lib\commons-compress-1.25.0.jar;c:\Users\ZACKY\.vscode\extensions\vmware.vscode-spring-boot-1.51.0\language-server\BOOT-INF\lib\commons-io-2.4.jar;c:\Users\ZACKY\.vscode\extensions\vmware.vscode-spring-boot-1.51.0\language-server\BOOT-INF\lib\
Launcher Type: SUN_STANDARD

[Global flags]
     intx CICompilerCount                          = 4                                         {product} {ergonomic}
     uint ConcGCThreads                            = 2                                         {product} {ergonomic}
     uint G1ConcRefinementThreads                  = 8                                         {product} {ergonomic}
   size_t G1HeapRegionSize                         = 1048576                                   {product} {ergonomic}
    uintx GCDrainStackTargetSize                   = 64                                        {product} {ergonomic}
     bool HeapDumpOnOutOfMemoryError               = true                                   {manageable} {command line}
   size_t InitialHeapSize                          = 130023424                                 {product} {ergonomic}
   size_t MarkStackSize                            = 4194304                                   {product} {ergonomic}
   size_t MaxHeapSize                              = 1073741824                                {product} {command line}
   size_t MaxNewSize                               = 643825664                                 {product} {ergonomic}
   size_t MinHeapDeltaBytes                        = 1048576                                   {product} {ergonomic}
   size_t MinHeapSize                              = 8388608                                   {product} {ergonomic}
    uintx NonProfiledCodeHeapSize                  = 0                                      {pd product} {ergonomic}
     bool ProfileInterpreter                       = false                                  {pd product} {command line}
    uintx ProfiledCodeHeapSize                     = 0                                      {pd product} {ergonomic}
   size_t SoftMaxHeapSize                          = 1073741824                             {manageable} {ergonomic}
     intx TieredStopAtLevel                        = 1                                         {product} {command line}
     bool UseCompressedClassPointers               = true                           {product lp64_product} {ergonomic}
     bool UseCompressedOops                        = true                           {product lp64_product} {ergonomic}
     bool UseG1GC                                  = true                                      {product} {ergonomic}
     bool UseLargePagesIndividualAllocation        = false                                  {pd product} {ergonomic}

Logging:
Log output configuration:
 #0: stdout all=warning,jni+resolve=off uptime,level,tags
 #1: stderr all=off uptime,level,tags

Environment Variables:
JAVA_HOME=C:\Program Files\Java\jdk-17
PATH=C:\Program Files\Java\jdk-17\bin;C:\Program Files\Java\jdk-17\bin;C:\Program Files\Python310\Scripts\;C:\Program Files\Python310\;C:\Program Files\Eclipse Adoptium\jdk-17.0.4.101-hotspot\bin;C:\Windows\system32;C:\Windows;C:\Windows\System32\Wbem;C:\Windows\System32\WindowsPowerShell\v1.0\;C:\Windows\System32\OpenSSH\;C:\Program Files (x86)\NVIDIA Corporation\PhysX\Common;C:\Program Files\NVIDIA Corporation\NVIDIA NvDLISR;C:\Program Files\Git\cmd;C:\Program Files\dotnet\;C:\WINDOWS\system32;C:\WINDOWS;C:\WINDOWS\System32\Wbem;C:\WINDOWS\System32\WindowsPowerShell\v1.0\;C:\WINDOWS\System32\OpenSSH\;C:\Users\ZACKY\AppData\Local\Programs\Python\Python310;C:\src\flutter\bin;C:\Program Files\PuTTY\;C:\Program Files\Docker\Docker\resources\bin;C:\Users\ZACKY\AppData\Local\Programs\Python\Python311\Scripts\;C:\Users\ZACKY\AppData\Local\Programs\Python\Python311\;C:\Users\ZACKY\AppData\Local\Programs\Python\Launcher\;C:\Users\ZACKY\AppData\Local\Microsoft\WindowsApps;;C:\Users\ZACKY\AppData\Local\Programs\Microsoft VS Code\bin;C:\Program Files\heroku\bin;C:\Program Files\JetBrains\IntelliJ IDEA 2023.2.2\bin;;C:\Program Files\JetBrains\IntelliJ IDEA Educational Edition 2022.2.2\bin;
USERNAME=ZACKY
OS=Windows_NT
PROCESSOR_IDENTIFIER=Intel64 Family 6 Model 140 Stepping 1, GenuineIntel
TMP=C:\Users\ZACKY\AppData\Local\Temp
TEMP=C:\Users\ZACKY\AppData\Local\Temp



Periodic native trim disabled


---------------  S Y S T E M  ---------------

OS:
 Windows 11 , 64 bit Build 22621 (10.0.22621.2506)
OS uptime: 11 days 22:32 hours
Hyper-V role detected

CPU: total 8 (initial active 8) (4 cores per cpu, 2 threads per core) family 6 model 140 stepping 1 microcode 0x86, cx8, cmov, fxsr, ht, mmx, 3dnowpref, sse, sse2, sse3, ssse3, sse4.1, sse4.2, popcnt, lzcnt, tsc, tscinvbit, avx, avx2, aes, erms, clmul, bmi1, bmi2, adx, avx512f, avx512dq, avx512cd, avx512bw, avx512vl, sha, fma, vzeroupper, avx512_vpopcntdq, avx512_vpclmulqdq, avx512_vaes, avx512_vnni, clflush, clflushopt, clwb, avx512_vbmi2, avx512_vbmi, hv
Processor Information for all 8 processors :
  Max Mhz: 3302, Current Mhz: 3302, Mhz Limit: 3302

Memory: 4k page, system-wide physical 7883M (213M free)
TotalPageFile size 32459M (AvailPageFile size 12M)
current process WorkingSet (physical memory assigned to process): 40M, peak: 167M
current process commit charge ("private bytes"): 206M, peak: 230M

vm_info: OpenJDK 64-Bit Server VM (17.0.9+9) for windows-amd64 JRE (17.0.9+9), built on Oct 26 2023 14:01:42 by "admin" with MS VC++ 16.10 / 16.11 (VS2019)

END.
