#
# There is insufficient memory for the Java Runtime Environment to continue.
# Native memory allocation (malloc) failed to allocate 2097152 bytes for AllocateHeap
# Possible reasons:
#   The system is out of physical RAM or swap space
#   The process is running with CompressedOops enabled, and the Java Heap may be blocking the growth of the native heap
# Possible solutions:
#   Reduce memory load on the system
#   Increase physical memory or swap space
#   Check if swap backing store is full
#   Decrease Java heap size (-Xmx/-Xms)
#   Decrease number of Java threads
#   Decrease Java thread stack sizes (-Xss)
#   Set larger code cache with -XX:ReservedCodeCacheSize=
#   JVM is running with Unscaled Compressed Oops mode in which the Java heap is
#     placed in the first 4GB address space. The Java Heap base address is the
#     maximum limit for the native heap growth. Please use -XX:HeapBaseMinAddress
#     to set the Java Heap base and to place the Java Heap above 4GB virtual address.
# This output file may be truncated or incomplete.
#
#  Out of Memory Error (allocation.cpp:44), pid=38864, tid=492
#
# JRE version: OpenJDK Runtime Environment Temurin-17.0.9+9 (17.0.9+9) (build 17.0.9+9)
# Java VM: OpenJDK 64-Bit Server VM Temurin-17.0.9+9 (17.0.9+9, mixed mode, emulated-client, tiered, compressed oops, compressed class ptrs, g1 gc, windows-amd64)
# No core dump will be written. Minidumps are not enabled by default on client versions of Windows
#

---------------  S U M M A R Y ------------

Command Line: -XX:+HeapDumpOnOutOfMemoryError -Xmx1024m -Dsts.lsp.client=vscode -Dsts.log.file=/dev/null -XX:TieredStopAtLevel=1 -Xlog:jni+resolve=off -Dspring.config.location=file:c:\Users\ZACKY\.vscode\extensions\vmware.vscode-spring-boot-1.51.0\language-server\BOOT-INF\classes\application.properties org.springframework.ide.vscode.boot.app.BootLanguageServerBootApp

Host: 11th Gen Intel(R) Core(TM) i7-11370H @ 3.30GHz, 8 cores, 7G,  Windows 11 , 64 bit Build 22621 (10.0.22621.2506)
Time: Mon Dec 11 17:23:35 2023 SE Asia Standard Time elapsed time: 13077.882864 seconds (0d 3h 37m 57s)

---------------  T H R E A D  ---------------

Current thread (0x00000256ac518a90):  VMThread "VM Thread" [stack: 0x000000a47ee00000,0x000000a47ef00000] [id=492]

Stack: [0x000000a47ee00000,0x000000a47ef00000]
Native frames: (J=compiled Java code, j=interpreted, Vv=VM code, C=native code)
V  [jvm.dll+0x67cf49]
V  [jvm.dll+0x83478a]
V  [jvm.dll+0x83624e]
V  [jvm.dll+0x8368b3]
V  [jvm.dll+0x247f1f]
V  [jvm.dll+0xa6b4b]
V  [jvm.dll+0x2f8f01]
V  [jvm.dll+0x2f4af0]
V  [jvm.dll+0x2dd0d7]
V  [jvm.dll+0x320357]
V  [jvm.dll+0x83adab]
V  [jvm.dll+0x83baf1]
V  [jvm.dll+0x83c00d]
V  [jvm.dll+0x83c3e4]
V  [jvm.dll+0x83c4b0]
V  [jvm.dll+0x7e3c3a]
V  [jvm.dll+0x67be35]
C  [ucrtbase.dll+0x29363]
C  [KERNEL32.DLL+0x1257d]
C  [ntdll.dll+0x5aa58]

VM_Operation (0x000000a4006fedc0): G1CollectFull, mode: safepoint, requested by thread 0x00000256b2163ff0


---------------  P R O C E S S  ---------------

Threads class SMR info:
_java_thread_list=0x00000256b1fde910, length=26, elements={
0x00000256ac53a380, 0x00000256ac53b5f0, 0x00000256ac561e50, 0x00000256ac564830,
0x00000256ac565100, 0x00000256ac5659d0, 0x00000256ac569850, 0x00000256ac56b880,
0x00000256ac884cd0, 0x00000256ac88da20, 0x00000256b2379840, 0x00000256b2163ff0,
0x00000256b21644d0, 0x00000256a1752c20, 0x00000256b1feada0, 0x00000256b2417e30,
0x00000256b241c4a0, 0x00000256b242f760, 0x00000256b2421620, 0x00000256b241f7c0,
0x00000256b24206f0, 0x00000256b241e380, 0x00000256b241f2b0, 0x00000256b24201e0,
0x00000256b2420c00, 0x00000256b2421110
}

Java Threads: ( => current thread )
  0x00000256ac53a380 JavaThread "Reference Handler" daemon [_thread_blocked, id=1352, stack(0x000000a47ef00000,0x000000a47f000000)]
  0x00000256ac53b5f0 JavaThread "Finalizer" daemon [_thread_blocked, id=30204, stack(0x000000a47f000000,0x000000a47f100000)]
  0x00000256ac561e50 JavaThread "Signal Dispatcher" daemon [_thread_blocked, id=16232, stack(0x000000a47f100000,0x000000a47f200000)]
  0x00000256ac564830 JavaThread "Attach Listener" daemon [_thread_blocked, id=37152, stack(0x000000a47f200000,0x000000a47f300000)]
  0x00000256ac565100 JavaThread "Service Thread" daemon [_thread_blocked, id=31724, stack(0x000000a47f300000,0x000000a47f400000)]
  0x00000256ac5659d0 JavaThread "Monitor Deflation Thread" daemon [_thread_blocked, id=16256, stack(0x000000a47f400000,0x000000a47f500000)]
  0x00000256ac569850 JavaThread "C1 CompilerThread0" daemon [_thread_blocked, id=12640, stack(0x000000a47f500000,0x000000a47f600000)]
  0x00000256ac56b880 JavaThread "Sweeper thread" daemon [_thread_blocked, id=40668, stack(0x000000a47f600000,0x000000a47f700000)]
  0x00000256ac884cd0 JavaThread "Notification Thread" daemon [_thread_blocked, id=14624, stack(0x000000a47e500000,0x000000a47e600000)]
  0x00000256ac88da20 JavaThread "Common-Cleaner" daemon [_thread_blocked, id=11048, stack(0x000000a47e700000,0x000000a47e800000)]
  0x00000256b2379840 JavaThread "boundedElastic-evictor-1" daemon [_thread_blocked, id=7108, stack(0x000000a400500000,0x000000a400600000)]
  0x00000256b2163ff0 JavaThread "pool-12-thread-1" [_thread_blocked, id=40468, stack(0x000000a400600000,0x000000a400700000)]
  0x00000256b21644d0 JavaThread "LanguageServerApp-lifecycle" [_thread_blocked, id=5492, stack(0x000000a400700000,0x000000a400800000)]
  0x00000256a1752c20 JavaThread "DestroyJavaVM" [_thread_blocked, id=39308, stack(0x000000a47e800000,0x000000a47e900000)]
  0x00000256b1feada0 JavaThread "pool-13-thread-1" [_thread_in_native, id=5792, stack(0x000000a400800000,0x000000a400900000)]
  0x00000256b2417e30 JavaThread "Simple-Language-Server main thread" daemon [_thread_blocked, id=19552, stack(0x000000a400900000,0x000000a400a00000)]
  0x00000256b241c4a0 JavaThread "pool-8-thread-1" [_thread_blocked, id=26900, stack(0x000000a400a00000,0x000000a400b00000)]
  0x00000256b242f760 JavaThread "parallel-1" daemon [_thread_blocked, id=6088, stack(0x000000a400b00000,0x000000a400c00000)]
  0x00000256b2421620 JavaThread "Reconciler-1" daemon [_thread_blocked, id=24700, stack(0x000000a400c00000,0x000000a400d00000)]
  0x00000256b241f7c0 JavaThread "parallel-2" daemon [_thread_blocked, id=14848, stack(0x000000a400000000,0x000000a400100000)]
  0x00000256b24206f0 JavaThread "parallel-3" daemon [_thread_blocked, id=22252, stack(0x000000a401000000,0x000000a401100000)]
  0x00000256b241e380 JavaThread "parallel-4" daemon [_thread_blocked, id=10260, stack(0x000000a401300000,0x000000a401400000)]
  0x00000256b241f2b0 JavaThread "parallel-5" daemon [_thread_blocked, id=39212, stack(0x000000a401400000,0x000000a401500000)]
  0x00000256b24201e0 JavaThread "parallel-6" daemon [_thread_blocked, id=36640, stack(0x000000a401500000,0x000000a401600000)]
  0x00000256b2420c00 JavaThread "parallel-7" daemon [_thread_blocked, id=24304, stack(0x000000a401600000,0x000000a401700000)]
  0x00000256b2421110 JavaThread "parallel-8" daemon [_thread_blocked, id=22148, stack(0x000000a401700000,0x000000a401800000)]

Other Threads:
=>0x00000256ac518a90 VMThread "VM Thread" [stack: 0x000000a47ee00000,0x000000a47ef00000] [id=492]
  0x00000256ac8851b0 WatcherThread [stack: 0x000000a47e600000,0x000000a47e700000] [id=27076]
  0x00000256a1791000 GCTaskThread "GC Thread#0" [stack: 0x000000a47e900000,0x000000a47ea00000] [id=15920]
  0x00000256b18ece50 GCTaskThread "GC Thread#1" [stack: 0x000000a47fa00000,0x000000a47fb00000] [id=34496]
  0x00000256b18fa5a0 GCTaskThread "GC Thread#2" [stack: 0x000000a47fb00000,0x000000a47fc00000] [id=6628]
  0x00000256b1955840 GCTaskThread "GC Thread#3" [stack: 0x000000a47fc00000,0x000000a47fd00000] [id=11420]
  0x00000256b197c440 GCTaskThread "GC Thread#4" [stack: 0x000000a47fd00000,0x000000a47fe00000] [id=40912]
  0x00000256b1acad60 GCTaskThread "GC Thread#5" [stack: 0x000000a47fe00000,0x000000a47ff00000] [id=28840]
  0x00000256b1e43920 GCTaskThread "GC Thread#6" [stack: 0x000000a400200000,0x000000a400300000] [id=34976]
  0x00000256b1e43df0 GCTaskThread "GC Thread#7" [stack: 0x000000a400300000,0x000000a400400000] [id=1944]
  0x00000256a1799e60 ConcurrentGCThread "G1 Main Marker" [stack: 0x000000a47ea00000,0x000000a47eb00000] [id=21228]
  0x00000256a179a790 ConcurrentGCThread "G1 Conc#0" [stack: 0x000000a47eb00000,0x000000a47ec00000] [id=21524]
  0x00000256b1df2030 ConcurrentGCThread "G1 Conc#1" [stack: 0x000000a400400000,0x000000a400500000] [id=23584]
  0x00000256ac3820a0 ConcurrentGCThread "G1 Refine#0" [stack: 0x000000a47ec00000,0x000000a47ed00000] [id=30260]
  0x00000256ac3828e0 ConcurrentGCThread "G1 Service" [stack: 0x000000a47ed00000,0x000000a47ee00000] [id=11056]

Threads with active compile tasks:

VM state: at safepoint (normal execution)

VM Mutex/Monitor currently owned by a thread:  ([mutex/lock_event])
[0x000002569f422300] Threads_lock - owner thread: 0x00000256ac518a90
[0x00000256a174fc60] Heap_lock - owner thread: 0x00000256b2163ff0

Heap address: 0x00000000c0000000, size: 1024 MB, Compressed Oops mode: 32-bit

CDS archive(s) not mapped
Compressed class space mapped at: 0x0000000100000000-0x0000000140000000, reserved size: 1073741824
Narrow klass base: 0x0000000000000000, Narrow klass shift: 3, Narrow klass range: 0x140000000

GC Precious Log:
 CPUs: 8 total, 8 available
 Memory: 7883M
 Large Page Support: Disabled
 NUMA Support: Disabled
 Compressed Oops: Enabled (32-bit)
 Heap Region Size: 1M
 Heap Min Capacity: 8M
 Heap Initial Capacity: 124M
 Heap Max Capacity: 1G
 Pre-touch: Disabled
 Parallel Workers: 8
 Concurrent Workers: 2
 Concurrent Refinement Workers: 8
 Periodic GC: Disabled

Heap:
 garbage-first heap   total 71680K, used 22259K [0x00000000c0000000, 0x0000000100000000)
  region size 1024K, 1 young (1024K), 0 survivors (0K)
 Metaspace       used 38680K, committed 39104K, reserved 1114112K
  class space    used 5110K, committed 5312K, reserved 1048576K

Heap Regions: E=young(eden), S=young(survivor), O=old, HS=humongous(starts), HC=humongous(continues), CS=collection set, F=free, OA=open archive, CA=closed archive, TAMS=top-at-mark-start (previous, next)
|   0|0x00000000c0000000, 0x00000000c0100000, 0x00000000c0100000|100%|HS|  |TAMS 0x00000000c0100000, 0x00000000c0000000| Untracked 
|   1|0x00000000c0100000, 0x00000000c0200000, 0x00000000c0200000|100%|HC|  |TAMS 0x00000000c0200000, 0x00000000c0100000| Untracked 
|   2|0x00000000c0200000, 0x00000000c0300000, 0x00000000c0300000|100%|HC|  |TAMS 0x00000000c0300000, 0x00000000c0200000| Untracked 
|   3|0x00000000c0300000, 0x00000000c0400000, 0x00000000c0400000|100%|HC|  |TAMS 0x00000000c0400000, 0x00000000c0300000| Untracked 
|   4|0x00000000c0400000, 0x00000000c04fffd8, 0x00000000c0500000| 99%| O|  |TAMS 0x00000000c04fffd8, 0x00000000c0400000| Untracked 
|   5|0x00000000c0500000, 0x00000000c05fff80, 0x00000000c0600000| 99%| O|  |TAMS 0x00000000c05fff80, 0x00000000c0500000| Untracked 
|   6|0x00000000c0600000, 0x00000000c06ffff0, 0x00000000c0700000| 99%| O|  |TAMS 0x00000000c06ffff0, 0x00000000c0600000| Untracked 
|   7|0x00000000c0700000, 0x00000000c07fffe0, 0x00000000c0800000| 99%| O|  |TAMS 0x00000000c07fffe0, 0x00000000c0700000| Untracked 
|   8|0x00000000c0800000, 0x00000000c0900000, 0x00000000c0900000|100%| O|  |TAMS 0x00000000c0900000, 0x00000000c0800000| Untracked 
|   9|0x00000000c0900000, 0x00000000c09fffa0, 0x00000000c0a00000| 99%| O|  |TAMS 0x00000000c09fffa0, 0x00000000c0900000| Untracked 
|  10|0x00000000c0a00000, 0x00000000c0affff8, 0x00000000c0b00000| 99%| O|  |TAMS 0x00000000c0affff8, 0x00000000c0a00000| Untracked 
|  11|0x00000000c0b00000, 0x00000000c0bffee8, 0x00000000c0c00000| 99%| O|  |TAMS 0x00000000c0bffee8, 0x00000000c0b00000| Untracked 
|  12|0x00000000c0c00000, 0x00000000c0d00000, 0x00000000c0d00000|100%| O|  |TAMS 0x00000000c0d00000, 0x00000000c0c00000| Untracked 
|  13|0x00000000c0d00000, 0x00000000c0e00000, 0x00000000c0e00000|100%| O|  |TAMS 0x00000000c0e00000, 0x00000000c0d00000| Untracked 
|  14|0x00000000c0e00000, 0x00000000c0efffe8, 0x00000000c0f00000| 99%| O|  |TAMS 0x00000000c0efffe8, 0x00000000c0e00000| Untracked 
|  15|0x00000000c0f00000, 0x00000000c0fffff8, 0x00000000c1000000| 99%| O|  |TAMS 0x00000000c0fffff8, 0x00000000c0f00000| Untracked 
|  16|0x00000000c1000000, 0x00000000c1100000, 0x00000000c1100000|100%| O|  |TAMS 0x00000000c1100000, 0x00000000c1000000| Untracked 
|  17|0x00000000c1100000, 0x00000000c11fffe8, 0x00000000c1200000| 99%| O|  |TAMS 0x00000000c11fffe8, 0x00000000c1100000| Untracked 
|  18|0x00000000c1200000, 0x00000000c1300000, 0x00000000c1300000|100%| O|  |TAMS 0x00000000c1300000, 0x00000000c1200000| Untracked 
|  19|0x00000000c1300000, 0x00000000c13ffff8, 0x00000000c1400000| 99%| O|  |TAMS 0x00000000c13ffff8, 0x00000000c1300000| Untracked 
|  20|0x00000000c1400000, 0x00000000c14fffd0, 0x00000000c1500000| 99%| O|  |TAMS 0x00000000c14fffd0, 0x00000000c1400000| Untracked 
|  21|0x00000000c1500000, 0x00000000c15bcc18, 0x00000000c1600000| 73%| O|  |TAMS 0x00000000c1500000, 0x00000000c1500000| Untracked 
|  22|0x00000000c1600000, 0x00000000c1600000, 0x00000000c1700000|  0%| F|  |TAMS 0x00000000c1600000, 0x00000000c1600000| Untracked 
|  23|0x00000000c1700000, 0x00000000c17003f0, 0x00000000c1800000|  0%| O|  |TAMS 0x00000000c1700000, 0x00000000c1700000| Untracked 
|  24|0x00000000c1800000, 0x00000000c1800000, 0x00000000c1900000|  0%| F|  |TAMS 0x00000000c1800000, 0x00000000c1800000| Untracked 
|  25|0x00000000c1900000, 0x00000000c1900000, 0x00000000c1a00000|  0%| F|  |TAMS 0x00000000c1900000, 0x00000000c1900000| Untracked 
|  26|0x00000000c1a00000, 0x00000000c1a00000, 0x00000000c1b00000|  0%| F|  |TAMS 0x00000000c1a00000, 0x00000000c1a00000| Untracked 
|  27|0x00000000c1b00000, 0x00000000c1b00000, 0x00000000c1c00000|  0%| F|  |TAMS 0x00000000c1b00000, 0x00000000c1b00000| Untracked 
|  28|0x00000000c1c00000, 0x00000000c1c00000, 0x00000000c1d00000|  0%| F|  |TAMS 0x00000000c1c00000, 0x00000000c1c00000| Untracked 
|  29|0x00000000c1d00000, 0x00000000c1d00000, 0x00000000c1e00000|  0%| F|  |TAMS 0x00000000c1d00000, 0x00000000c1d00000| Untracked 
|  30|0x00000000c1e00000, 0x00000000c1e00000, 0x00000000c1f00000|  0%| F|  |TAMS 0x00000000c1e00000, 0x00000000c1e00000| Untracked 
|  31|0x00000000c1f00000, 0x00000000c1f00000, 0x00000000c2000000|  0%| F|  |TAMS 0x00000000c1f00000, 0x00000000c1f00000| Untracked 
|  32|0x00000000c2000000, 0x00000000c2000000, 0x00000000c2100000|  0%| F|  |TAMS 0x00000000c2000000, 0x00000000c2000000| Untracked 
|  33|0x00000000c2100000, 0x00000000c2100000, 0x00000000c2200000|  0%| F|  |TAMS 0x00000000c2100000, 0x00000000c2100000| Untracked 
|  34|0x00000000c2200000, 0x00000000c2200000, 0x00000000c2300000|  0%| F|  |TAMS 0x00000000c2200000, 0x00000000c2200000| Untracked 
|  35|0x00000000c2300000, 0x00000000c2300000, 0x00000000c2400000|  0%| F|  |TAMS 0x00000000c2300000, 0x00000000c2300000| Untracked 
|  36|0x00000000c2400000, 0x00000000c2400000, 0x00000000c2500000|  0%| F|  |TAMS 0x00000000c2400000, 0x00000000c2400000| Untracked 
|  37|0x00000000c2500000, 0x00000000c2500000, 0x00000000c2600000|  0%| F|  |TAMS 0x00000000c2500000, 0x00000000c2500000| Untracked 
|  38|0x00000000c2600000, 0x00000000c2600000, 0x00000000c2700000|  0%| F|  |TAMS 0x00000000c2600000, 0x00000000c2600000| Untracked 
|  39|0x00000000c2700000, 0x00000000c2700000, 0x00000000c2800000|  0%| F|  |TAMS 0x00000000c2700000, 0x00000000c2700000| Untracked 
|  40|0x00000000c2800000, 0x00000000c2800000, 0x00000000c2900000|  0%| F|  |TAMS 0x00000000c2800000, 0x00000000c2800000| Untracked 
|  41|0x00000000c2900000, 0x00000000c2900000, 0x00000000c2a00000|  0%| F|  |TAMS 0x00000000c2900000, 0x00000000c2900000| Untracked 
|  42|0x00000000c2a00000, 0x00000000c2a00000, 0x00000000c2b00000|  0%| F|  |TAMS 0x00000000c2a00000, 0x00000000c2a00000| Untracked 
|  43|0x00000000c2b00000, 0x00000000c2b00000, 0x00000000c2c00000|  0%| F|  |TAMS 0x00000000c2b00000, 0x00000000c2b00000| Untracked 
|  44|0x00000000c2c00000, 0x00000000c2c00000, 0x00000000c2d00000|  0%| F|  |TAMS 0x00000000c2c00000, 0x00000000c2c00000| Untracked 
|  45|0x00000000c2d00000, 0x00000000c2d00000, 0x00000000c2e00000|  0%| F|  |TAMS 0x00000000c2d00000, 0x00000000c2d00000| Untracked 
|  46|0x00000000c2e00000, 0x00000000c2e00000, 0x00000000c2f00000|  0%| F|  |TAMS 0x00000000c2e00000, 0x00000000c2e00000| Untracked 
|  47|0x00000000c2f00000, 0x00000000c2f00000, 0x00000000c3000000|  0%| F|  |TAMS 0x00000000c2f00000, 0x00000000c2f00000| Untracked 
|  48|0x00000000c3000000, 0x00000000c3000000, 0x00000000c3100000|  0%| F|  |TAMS 0x00000000c3000000, 0x00000000c3000000| Untracked 
|  49|0x00000000c3100000, 0x00000000c3100000, 0x00000000c3200000|  0%| F|  |TAMS 0x00000000c3100000, 0x00000000c3100000| Untracked 
|  50|0x00000000c3200000, 0x00000000c3200000, 0x00000000c3300000|  0%| F|  |TAMS 0x00000000c3200000, 0x00000000c3200000| Untracked 
|  51|0x00000000c3300000, 0x00000000c3300000, 0x00000000c3400000|  0%| F|  |TAMS 0x00000000c3300000, 0x00000000c3300000| Untracked 
|  52|0x00000000c3400000, 0x00000000c3400000, 0x00000000c3500000|  0%| F|  |TAMS 0x00000000c3400000, 0x00000000c3400000| Untracked 
|  53|0x00000000c3500000, 0x00000000c3500000, 0x00000000c3600000|  0%| F|  |TAMS 0x00000000c3500000, 0x00000000c3500000| Untracked 
|  54|0x00000000c3600000, 0x00000000c3600000, 0x00000000c3700000|  0%| F|  |TAMS 0x00000000c3600000, 0x00000000c3600000| Untracked 
|  55|0x00000000c3700000, 0x00000000c3700000, 0x00000000c3800000|  0%| F|  |TAMS 0x00000000c3700000, 0x00000000c3700000| Untracked 
|  56|0x00000000c3800000, 0x00000000c3800000, 0x00000000c3900000|  0%| F|  |TAMS 0x00000000c3800000, 0x00000000c3800000| Untracked 
|  57|0x00000000c3900000, 0x00000000c3900000, 0x00000000c3a00000|  0%| F|  |TAMS 0x00000000c3900000, 0x00000000c3900000| Untracked 
|  58|0x00000000c3a00000, 0x00000000c3a00000, 0x00000000c3b00000|  0%| F|  |TAMS 0x00000000c3a00000, 0x00000000c3a00000| Untracked 
|  59|0x00000000c3b00000, 0x00000000c3b00000, 0x00000000c3c00000|  0%| F|  |TAMS 0x00000000c3b00000, 0x00000000c3b00000| Untracked 
|  60|0x00000000c3c00000, 0x00000000c3c00000, 0x00000000c3d00000|  0%| F|  |TAMS 0x00000000c3c00000, 0x00000000c3c00000| Untracked 
|  61|0x00000000c3d00000, 0x00000000c3d00000, 0x00000000c3e00000|  0%| F|  |TAMS 0x00000000c3d00000, 0x00000000c3d00000| Untracked 
|  62|0x00000000c3e00000, 0x00000000c3e00000, 0x00000000c3f00000|  0%| F|  |TAMS 0x00000000c3e00000, 0x00000000c3e00000| Untracked 
|  87|0x00000000c5700000, 0x00000000c5700000, 0x00000000c5800000|  0%| F|  |TAMS 0x00000000c5700000, 0x00000000c5700000| Untracked 
|  88|0x00000000c5800000, 0x00000000c5800000, 0x00000000c5900000|  0%| F|  |TAMS 0x00000000c5800000, 0x00000000c5800000| Untracked 
|  89|0x00000000c5900000, 0x00000000c5900000, 0x00000000c5a00000|  0%| F|  |TAMS 0x00000000c5900000, 0x00000000c5900000| Untracked 
|  90|0x00000000c5a00000, 0x00000000c5a00000, 0x00000000c5b00000|  0%| F|  |TAMS 0x00000000c5a00000, 0x00000000c5a00000| Untracked 
|  91|0x00000000c5b00000, 0x00000000c5b00000, 0x00000000c5c00000|  0%| F|  |TAMS 0x00000000c5b00000, 0x00000000c5b00000| Untracked 
| 122|0x00000000c7a00000, 0x00000000c7a00000, 0x00000000c7b00000|  0%| F|  |TAMS 0x00000000c7a00000, 0x00000000c7a00000| Untracked 
| 123|0x00000000c7b00000, 0x00000000c7b058a8, 0x00000000c7c00000|  2%| E|  |TAMS 0x00000000c7b00000, 0x00000000c7b00000| Complete 

Card table byte_map: [0x00000256a76f0000,0x00000256a78f0000] _byte_map_base: 0x00000256a70f0000

Marking Bits (Prev, Next): (CMBitMap*) 0x00000256a1791530, (CMBitMap*) 0x00000256a1791570
 Prev Bits: [0x00000256a7af0000, 0x00000256a8af0000)
 Next Bits: [0x00000256a8af0000, 0x00000256a9af0000)

Polling page: 0x000002569f6b0000

Metaspace:

Usage:
  Non-class:     32.78 MB used.
      Class:      4.99 MB used.
       Both:     37.77 MB used.

Virtual space:
  Non-class space:       64.00 MB reserved,      33.00 MB ( 52%) committed,  1 nodes.
      Class space:        1.00 GB reserved,       5.19 MB ( <1%) committed,  1 nodes.
             Both:        1.06 GB reserved,      38.19 MB (  4%) committed. 

Chunk freelists:
   Non-Class:  14.37 MB
       Class:  10.79 MB
        Both:  25.16 MB

MaxMetaspaceSize: unlimited
CompressedClassSpaceSize: 1.00 GB
Initial GC threshold: 21.00 MB
Current GC threshold: 63.44 MB
CDS: off
MetaspaceReclaimPolicy: balanced
 - commit_granule_bytes: 65536.
 - commit_granule_words: 8192.
 - virtual_space_node_default_size: 8388608.
 - enlarge_chunks_in_place: 1.
 - new_chunks_are_fully_committed: 0.
 - uncommit_free_chunks: 1.
 - use_allocation_guard: 0.
 - handle_deallocations: 1.


Internal statistics:

num_allocs_failed_limit: 8.
num_arena_births: 560.
num_arena_deaths: 164.
num_vsnodes_births: 2.
num_vsnodes_deaths: 0.
num_space_committed: 611.
num_space_uncommitted: 0.
num_chunks_returned_to_freelist: 193.
num_chunks_taken_from_freelist: 1758.
num_chunk_merges: 56.
num_chunk_splits: 1158.
num_chunks_enlarged: 861.
num_inconsistent_stats: 0.

CodeCache: size=49152Kb used=8230Kb max_used=8720Kb free=40921Kb
 bounds [0x00000256a43e0000, 0x00000256a4d20000, 0x00000256a73e0000]
 total_blobs=5043 nmethods=4501 adapters=468
 compilation: enabled
              stopped_count=0, restarted_count=0
 full_count=0

Compilation events (20 events):
Event: 12769.742 Thread 0x00000256ac569850 4500       1       org.slf4j.helpers.MessageFormatter::isEscapedDelimeter (24 bytes)
Event: 12769.744 Thread 0x00000256ac569850 nmethod 4500 0x00000256a48d3890 code [0x00000256a48d3a40, 0x00000256a48d3c98]
Event: 12769.744 Thread 0x00000256ac569850 4501       1       org.slf4j.helpers.MessageFormatter::deeplyAppendParameter (184 bytes)
Event: 12769.774 Thread 0x00000256ac569850 nmethod 4501 0x00000256a48d2b10 code [0x00000256a48d2dc0, 0x00000256a48d3598]
Event: 12769.774 Thread 0x00000256ac569850 4502   !   1       org.slf4j.helpers.MessageFormatter::safeObjectAppend (57 bytes)
Event: 12769.786 Thread 0x00000256ac569850 nmethod 4502 0x00000256a48d2090 code [0x00000256a48d22e0, 0x00000256a48d27c8]
Event: 12824.631 Thread 0x00000256ac569850 4503       1       java.util.StringTokenizer::<init> (52 bytes)
Event: 12824.632 Thread 0x00000256ac569850 nmethod 4503 0x00000256a48d1c10 code [0x00000256a48d1dc0, 0x00000256a48d1f88]
Event: 12834.981 Thread 0x00000256ac569850 4504       1       java.util.Properties::getProperty (16 bytes)
Event: 12834.981 Thread 0x00000256ac569850 nmethod 4504 0x00000256a48d1910 code [0x00000256a48d1aa0, 0x00000256a48d1ba8]
Event: 12843.867 Thread 0x00000256ac569850 4505       1       org.eclipse.lsp4j.DidChangeTextDocumentParams::getTextDocument (5 bytes)
Event: 12843.868 Thread 0x00000256ac569850 nmethod 4505 0x00000256a48d1610 code [0x00000256a48d17a0, 0x00000256a48d1878]
Event: 12858.757 Thread 0x00000256ac569850 4506       1       java.net.URI::normalizedHash (84 bytes)
Event: 12858.758 Thread 0x00000256ac569850 nmethod 4506 0x00000256a48d0c90 code [0x00000256a48d0e60, 0x00000256a48d12b8]
Event: 12859.266 Thread 0x00000256ac569850 4507       1       reactor.core.scheduler.SingleScheduler::schedule (22 bytes)
Event: 12859.272 Thread 0x00000256ac569850 nmethod 4507 0x00000256a48d0890 code [0x00000256a48d0a40, 0x00000256a48d0b88]
Event: 12859.273 Thread 0x00000256ac569850 4508       1       java.util.concurrent.ScheduledThreadPoolExecutor::submit (10 bytes)
Event: 12859.276 Thread 0x00000256ac569850 nmethod 4508 0x00000256a48d0590 code [0x00000256a48d0720, 0x00000256a48d0808]
Event: 12891.135 Thread 0x00000256ac569850 4509   !   1       jdk.internal.reflect.GeneratedConstructorAccessor20::newInstance (49 bytes)
Event: 12891.143 Thread 0x00000256ac569850 nmethod 4509 0x00000256a48cff90 code [0x00000256a48d0140, 0x00000256a48d03c8]

GC Heap History (20 events):
Event: 12753.838 GC heap before
{Heap before GC invocations=310 (full 206):
 garbage-first heap   total 71680K, used 22257K [0x00000000c0000000, 0x0000000100000000)
  region size 1024K, 1 young (1024K), 0 survivors (0K)
 Metaspace       used 38680K, committed 39104K, reserved 1114112K
  class space    used 5110K, committed 5312K, reserved 1048576K
}
Event: 12753.879 GC heap after
{Heap after GC invocations=311 (full 207):
 garbage-first heap   total 71680K, used 22257K [0x00000000c0000000, 0x0000000100000000)
  region size 1024K, 0 young (0K), 0 survivors (0K)
 Metaspace       used 38680K, committed 39104K, reserved 1114112K
  class space    used 5110K, committed 5312K, reserved 1048576K
}
Event: 12764.119 GC heap before
{Heap before GC invocations=311 (full 207):
 garbage-first heap   total 71680K, used 22257K [0x00000000c0000000, 0x0000000100000000)
  region size 1024K, 1 young (1024K), 0 survivors (0K)
 Metaspace       used 38680K, committed 39104K, reserved 1114112K
  class space    used 5110K, committed 5312K, reserved 1048576K
}
Event: 12764.141 GC heap after
{Heap after GC invocations=312 (full 208):
 garbage-first heap   total 71680K, used 22257K [0x00000000c0000000, 0x0000000100000000)
  region size 1024K, 0 young (0K), 0 survivors (0K)
 Metaspace       used 38680K, committed 39104K, reserved 1114112K
  class space    used 5110K, committed 5312K, reserved 1048576K
}
Event: 12804.361 GC heap before
{Heap before GC invocations=312 (full 208):
 garbage-first heap   total 71680K, used 22257K [0x00000000c0000000, 0x0000000100000000)
  region size 1024K, 1 young (1024K), 0 survivors (0K)
 Metaspace       used 38680K, committed 39104K, reserved 1114112K
  class space    used 5110K, committed 5312K, reserved 1048576K
}
Event: 12804.380 GC heap after
{Heap after GC invocations=313 (full 209):
 garbage-first heap   total 71680K, used 22257K [0x00000000c0000000, 0x0000000100000000)
  region size 1024K, 0 young (0K), 0 survivors (0K)
 Metaspace       used 38680K, committed 39104K, reserved 1114112K
  class space    used 5110K, committed 5312K, reserved 1048576K
}
Event: 12814.599 GC heap before
{Heap before GC invocations=313 (full 209):
 garbage-first heap   total 71680K, used 22257K [0x00000000c0000000, 0x0000000100000000)
  region size 1024K, 1 young (1024K), 0 survivors (0K)
 Metaspace       used 38680K, committed 39104K, reserved 1114112K
  class space    used 5110K, committed 5312K, reserved 1048576K
}
Event: 12814.619 GC heap after
{Heap after GC invocations=314 (full 210):
 garbage-first heap   total 71680K, used 22257K [0x00000000c0000000, 0x0000000100000000)
  region size 1024K, 0 young (0K), 0 survivors (0K)
 Metaspace       used 38680K, committed 39104K, reserved 1114112K
  class space    used 5110K, committed 5312K, reserved 1048576K
}
Event: 12824.953 GC heap before
{Heap before GC invocations=314 (full 210):
 garbage-first heap   total 71680K, used 22257K [0x00000000c0000000, 0x0000000100000000)
  region size 1024K, 1 young (1024K), 0 survivors (0K)
 Metaspace       used 38680K, committed 39104K, reserved 1114112K
  class space    used 5110K, committed 5312K, reserved 1048576K
}
Event: 12824.973 GC heap after
{Heap after GC invocations=315 (full 211):
 garbage-first heap   total 71680K, used 22257K [0x00000000c0000000, 0x0000000100000000)
  region size 1024K, 0 young (0K), 0 survivors (0K)
 Metaspace       used 38680K, committed 39104K, reserved 1114112K
  class space    used 5110K, committed 5312K, reserved 1048576K
}
Event: 12835.205 GC heap before
{Heap before GC invocations=315 (full 211):
 garbage-first heap   total 71680K, used 22257K [0x00000000c0000000, 0x0000000100000000)
  region size 1024K, 1 young (1024K), 0 survivors (0K)
 Metaspace       used 38680K, committed 39104K, reserved 1114112K
  class space    used 5110K, committed 5312K, reserved 1048576K
}
Event: 12835.225 GC heap after
{Heap after GC invocations=316 (full 212):
 garbage-first heap   total 71680K, used 22257K [0x00000000c0000000, 0x0000000100000000)
  region size 1024K, 0 young (0K), 0 survivors (0K)
 Metaspace       used 38680K, committed 39104K, reserved 1114112K
  class space    used 5110K, committed 5312K, reserved 1048576K
}
Event: 12925.555 GC heap before
{Heap before GC invocations=316 (full 212):
 garbage-first heap   total 71680K, used 23281K [0x00000000c0000000, 0x0000000100000000)
  region size 1024K, 2 young (2048K), 0 survivors (0K)
 Metaspace       used 38680K, committed 39104K, reserved 1114112K
  class space    used 5110K, committed 5312K, reserved 1048576K
}
Event: 12925.708 GC heap after
{Heap after GC invocations=317 (full 213):
 garbage-first heap   total 71680K, used 22258K [0x00000000c0000000, 0x0000000100000000)
  region size 1024K, 0 young (0K), 0 survivors (0K)
 Metaspace       used 38680K, committed 39104K, reserved 1114112K
  class space    used 5110K, committed 5312K, reserved 1048576K
}
Event: 12935.977 GC heap before
{Heap before GC invocations=317 (full 213):
 garbage-first heap   total 71680K, used 22258K [0x00000000c0000000, 0x0000000100000000)
  region size 1024K, 1 young (1024K), 0 survivors (0K)
 Metaspace       used 38680K, committed 39104K, reserved 1114112K
  class space    used 5110K, committed 5312K, reserved 1048576K
}
Event: 12935.997 GC heap after
{Heap after GC invocations=318 (full 214):
 garbage-first heap   total 71680K, used 22258K [0x00000000c0000000, 0x0000000100000000)
  region size 1024K, 0 young (0K), 0 survivors (0K)
 Metaspace       used 38680K, committed 39104K, reserved 1114112K
  class space    used 5110K, committed 5312K, reserved 1048576K
}
Event: 12946.197 GC heap before
{Heap before GC invocations=318 (full 214):
 garbage-first heap   total 71680K, used 22258K [0x00000000c0000000, 0x0000000100000000)
  region size 1024K, 1 young (1024K), 0 survivors (0K)
 Metaspace       used 38680K, committed 39104K, reserved 1114112K
  class space    used 5110K, committed 5312K, reserved 1048576K
}
Event: 12946.216 GC heap after
{Heap after GC invocations=319 (full 215):
 garbage-first heap   total 71680K, used 22258K [0x00000000c0000000, 0x0000000100000000)
  region size 1024K, 0 young (0K), 0 survivors (0K)
 Metaspace       used 38680K, committed 39104K, reserved 1114112K
  class space    used 5110K, committed 5312K, reserved 1048576K
}
Event: 13066.599 GC heap before
{Heap before GC invocations=319 (full 215):
 garbage-first heap   total 71680K, used 23282K [0x00000000c0000000, 0x0000000100000000)
  region size 1024K, 2 young (2048K), 0 survivors (0K)
 Metaspace       used 38680K, committed 39104K, reserved 1114112K
  class space    used 5110K, committed 5312K, reserved 1048576K
}
Event: 13066.818 GC heap after
{Heap after GC invocations=320 (full 216):
 garbage-first heap   total 71680K, used 22259K [0x00000000c0000000, 0x0000000100000000)
  region size 1024K, 0 young (0K), 0 survivors (0K)
 Metaspace       used 38680K, committed 39104K, reserved 1114112K
  class space    used 5110K, committed 5312K, reserved 1048576K
}

Dll operation events (8 events):
Event: 3.271 Loaded shared library c:\Users\ZACKY\.vscode\extensions\redhat.java-1.25.1-win32-x64\jre\17.0.9-win32-x86_64\bin\java.dll
Event: 79.186 Loaded shared library C:\Users\ZACKY\.vscode\extensions\redhat.java-1.25.1-win32-x64\jre\17.0.9-win32-x86_64\bin\net.dll
Event: 79.344 Loaded shared library C:\Users\ZACKY\.vscode\extensions\redhat.java-1.25.1-win32-x64\jre\17.0.9-win32-x86_64\bin\nio.dll
Event: 80.162 Loaded shared library C:\Users\ZACKY\.vscode\extensions\redhat.java-1.25.1-win32-x64\jre\17.0.9-win32-x86_64\bin\zip.dll
Event: 86.632 Loaded shared library C:\Users\ZACKY\.vscode\extensions\redhat.java-1.25.1-win32-x64\jre\17.0.9-win32-x86_64\bin\jimage.dll
Event: 90.791 Loaded shared library c:\Users\ZACKY\.vscode\extensions\redhat.java-1.25.1-win32-x64\jre\17.0.9-win32-x86_64\bin\verify.dll
Event: 91.930 Loaded shared library C:\Users\ZACKY\.vscode\extensions\redhat.java-1.25.1-win32-x64\jre\17.0.9-win32-x86_64\bin\management.dll
Event: 91.954 Loaded shared library C:\Users\ZACKY\.vscode\extensions\redhat.java-1.25.1-win32-x64\jre\17.0.9-win32-x86_64\bin\management_ext.dll

Deoptimization events (12 events):
Event: 88.645 Thread 0x00000256a1752c20 DEOPT PACKING pc=0x00000256a49ea699 sp=0x000000a47e8fd3f0
Event: 88.645 Thread 0x00000256a1752c20 DEOPT UNPACKING pc=0x00000256a443ace3 sp=0x000000a47e8fc8d0 mode 3
Event: 89.388 Thread 0x00000256a1752c20 DEOPT PACKING pc=0x00000256a4a629d5 sp=0x000000a47e8fe9b0
Event: 89.388 Thread 0x00000256a1752c20 DEOPT UNPACKING pc=0x00000256a443ace3 sp=0x000000a47e8fde58 mode 3
Event: 92.193 Thread 0x00000256b2417e30 DEOPT PACKING pc=0x00000256a4bf4e35 sp=0x000000a4009fdc80
Event: 92.193 Thread 0x00000256b2417e30 DEOPT UNPACKING pc=0x00000256a443ace3 sp=0x000000a4009fd198 mode 3
Event: 810.370 Thread 0x00000256b1feada0 DEOPT PACKING pc=0x00000256a4a6c4d4 sp=0x000000a4008fef30
Event: 810.373 Thread 0x00000256b1feada0 DEOPT UNPACKING pc=0x00000256a443ace3 sp=0x000000a4008fe3d8 mode 0
Event: 911.363 Thread 0x00000256b1feada0 DEOPT PACKING pc=0x00000256a4996681 sp=0x000000a4008fdd50
Event: 911.363 Thread 0x00000256b1feada0 DEOPT UNPACKING pc=0x00000256a443ace3 sp=0x000000a4008fd1e0 mode 3
Event: 911.392 Thread 0x00000256b241c4a0 DEOPT PACKING pc=0x00000256a4977017 sp=0x000000a400aff3e0
Event: 911.392 Thread 0x00000256b241c4a0 DEOPT UNPACKING pc=0x00000256a443ace3 sp=0x000000a400afe838 mode 3

Classes unloaded (20 events):
Event: 152.571 Thread 0x00000256ac518a90 Unloading class 0x0000000100095000 'java/lang/invoke/LambdaForm$MH+0x0000000100095000'
Event: 152.571 Thread 0x00000256ac518a90 Unloading class 0x0000000100094c00 'java/lang/invoke/LambdaForm$MH+0x0000000100094c00'
Event: 152.571 Thread 0x00000256ac518a90 Unloading class 0x0000000100094800 'java/lang/invoke/LambdaForm$MH+0x0000000100094800'
Event: 152.571 Thread 0x00000256ac518a90 Unloading class 0x0000000100094400 'java/lang/invoke/LambdaForm$MH+0x0000000100094400'
Event: 152.571 Thread 0x00000256ac518a90 Unloading class 0x000000010008e800 'java/lang/invoke/LambdaForm$MH+0x000000010008e800'
Event: 152.571 Thread 0x00000256ac518a90 Unloading class 0x000000010008e400 'java/lang/invoke/LambdaForm$MH+0x000000010008e400'
Event: 152.571 Thread 0x00000256ac518a90 Unloading class 0x000000010008e000 'java/lang/invoke/LambdaForm$MH+0x000000010008e000'
Event: 152.571 Thread 0x00000256ac518a90 Unloading class 0x000000010008dc00 'java/lang/invoke/LambdaForm$MH+0x000000010008dc00'
Event: 152.571 Thread 0x00000256ac518a90 Unloading class 0x000000010008d800 'java/lang/invoke/LambdaForm$MH+0x000000010008d800'
Event: 152.571 Thread 0x00000256ac518a90 Unloading class 0x000000010008d400 'java/lang/invoke/LambdaForm$MH+0x000000010008d400'
Event: 152.571 Thread 0x00000256ac518a90 Unloading class 0x000000010008cc00 'java/lang/invoke/LambdaForm$MH+0x000000010008cc00'
Event: 152.571 Thread 0x00000256ac518a90 Unloading class 0x000000010008c800 'java/lang/invoke/LambdaForm$MH+0x000000010008c800'
Event: 152.571 Thread 0x00000256ac518a90 Unloading class 0x000000010008c000 'java/lang/invoke/LambdaForm$MH+0x000000010008c000'
Event: 152.571 Thread 0x00000256ac518a90 Unloading class 0x000000010008bc00 'java/lang/invoke/LambdaForm$MH+0x000000010008bc00'
Event: 7342.228 Thread 0x00000256ac518a90 Unloading class 0x00000001003a9800 'java/lang/invoke/LambdaForm$MH+0x00000001003a9800'
Event: 7342.228 Thread 0x00000256ac518a90 Unloading class 0x00000001003ac800 'java/lang/invoke/LambdaForm$MH+0x00000001003ac800'
Event: 7342.228 Thread 0x00000256ac518a90 Unloading class 0x0000000100400000 'java/lang/invoke/LambdaForm$MH+0x0000000100400000'
Event: 7342.229 Thread 0x00000256ac518a90 Unloading class 0x0000000100478400 'java/lang/invoke/LambdaForm$MH+0x0000000100478400'
Event: 7342.229 Thread 0x00000256ac518a90 Unloading class 0x0000000100504400 'java/lang/invoke/LambdaForm$MH+0x0000000100504400'
Event: 7342.229 Thread 0x00000256ac518a90 Unloading class 0x0000000100534000 'java/lang/invoke/LambdaForm$MH+0x0000000100534000'

Classes redefined (0 events):
No events

Internal exceptions (20 events):
Event: 89.753 Thread 0x00000256a1752c20 Exception <a 'java/lang/NoSuchMethodError'{0x00000000c3b924d0}: 'java.lang.Object java.lang.invoke.DirectMethodHandle$Holder.invokeSpecial(java.lang.Object, java.lang.Object, int, java.lang.Object, java.lang.Object)'> (0x00000000c3b924d0) 
thrown [s\src\hotspot\share\interpreter\linkResolver.cpp, line 759]
Event: 89.753 Thread 0x00000256a1752c20 Exception <a 'java/lang/NoSuchMethodError'{0x00000000c3b96178}: 'java.lang.Object java.lang.invoke.DelegatingMethodHandle$Holder.delegate(java.lang.Object, int, java.lang.Object, java.lang.Object)'> (0x00000000c3b96178) 
thrown [s\src\hotspot\share\interpreter\linkResolver.cpp, line 759]
Event: 89.754 Thread 0x00000256a1752c20 Exception <a 'java/lang/NoSuchMethodError'{0x00000000c3ba7000}: 'int java.lang.invoke.Invokers$Holder.linkToTargetMethod(java.lang.Object, java.lang.Object, java.lang.Object)'> (0x00000000c3ba7000) 
thrown [s\src\hotspot\share\interpreter\linkResolver.cpp, line 759]
Event: 89.835 Thread 0x00000256a1752c20 Exception <a 'java/lang/NoSuchMethodError'{0x00000000c3609c50}: 'java.lang.Object java.lang.invoke.DirectMethodHandle$Holder.invokeStaticInit(java.lang.Object, int, int, int, int)'> (0x00000000c3609c50) 
thrown [s\src\hotspot\share\interpreter\linkResolver.cpp, line 759]
Event: 89.919 Thread 0x00000256a1752c20 Exception <a 'java/lang/NoSuchMethodError'{0x00000000c36efda8}: 'java.lang.Object java.lang.invoke.DirectMethodHandle$Holder.invokeStaticInit(java.lang.Object, java.lang.Object, int, int, int, int)'> (0x00000000c36efda8) 
thrown [s\src\hotspot\share\interpreter\linkResolver.cpp, line 759]
Event: 90.099 Thread 0x00000256a1752c20 Exception <a 'java/lang/NoSuchMethodError'{0x00000000c2ef5d80}: 'void java.lang.invoke.DirectMethodHandle$Holder.invokeSpecialIFC(java.lang.Object, java.lang.Object, java.lang.Object)'> (0x00000000c2ef5d80) 
thrown [s\src\hotspot\share\interpreter\linkResolver.cpp, line 759]
Event: 91.050 Thread 0x00000256a1752c20 Exception <a 'java/lang/NoSuchMethodError'{0x00000000c3677680}: 'int java.lang.invoke.DirectMethodHandle$Holder.invokeStaticInit(java.lang.Object, java.lang.Object, int, java.lang.Object)'> (0x00000000c3677680) 
thrown [s\src\hotspot\share\interpreter\linkResolver.cpp, line 759]
Event: 91.200 Thread 0x00000256a1752c20 Exception <a 'java/lang/NoSuchMethodError'{0x00000000c3584310}: 'void java.lang.invoke.DirectMethodHandle$Holder.invokeSpecial(java.lang.Object, java.lang.Object, java.lang.Object, java.lang.Object, java.lang.Object, java.lang.Object, java.lang.Object)'> (0x00000000c3584310) 
thrown [s\src\hotspot\share\interpreter\linkResolver.cpp, line 759]
Event: 91.655 Thread 0x00000256a1752c20 Exception <a 'java/lang/NoSuchMethodError'{0x00000000c3186fc8}: 'java.lang.Object java.lang.invoke.DirectMethodHandle$Holder.invokeInterface(java.lang.Object, java.lang.Object, int)'> (0x00000000c3186fc8) 
thrown [s\src\hotspot\share\interpreter\linkResolver.cpp, line 759]
Event: 91.656 Thread 0x00000256a1752c20 Exception <a 'java/lang/IncompatibleClassChangeError'{0x00000000c319a590}: Found class java.lang.Object, but interface was expected> (0x00000000c319a590) 
thrown [s\src\hotspot\share\interpreter\linkResolver.cpp, line 826]
Event: 91.903 Thread 0x00000256a1752c20 Exception <a 'java/lang/NoSuchMethodError'{0x00000000c5b297e8}: 'java.lang.Object java.lang.invoke.DirectMethodHandle$Holder.newInvokeSpecial(java.lang.Object, java.lang.Object, int, java.lang.Object, java.lang.Object)'> (0x00000000c5b297e8) 
thrown [s\src\hotspot\share\interpreter\linkResolver.cpp, line 759]
Event: 91.904 Thread 0x00000256a1752c20 Exception <a 'java/lang/NoSuchMethodError'{0x00000000c5b3c580}: 'java.lang.Object java.lang.invoke.DirectMethodHandle$Holder.invokeSpecial(java.lang.Object, java.lang.Object, int, java.lang.Object, int, java.lang.Object)'> (0x00000000c5b3c580) 
thrown [s\src\hotspot\share\interpreter\linkResolver.cpp, line 759]
Event: 91.904 Thread 0x00000256a1752c20 Exception <a 'java/lang/NoSuchMethodError'{0x00000000c5b44388}: 'java.lang.Object java.lang.invoke.DirectMethodHandle$Holder.newInvokeSpecial(java.lang.Object, java.lang.Object, int, java.lang.Object, int)'> (0x00000000c5b44388) 
thrown [s\src\hotspot\share\interpreter\linkResolver.cpp, line 759]
Event: 91.904 Thread 0x00000256a1752c20 Exception <a 'java/lang/NoSuchMethodError'{0x00000000c5b48488}: 'java.lang.Object java.lang.invoke.DirectMethodHandle$Holder.invokeSpecial(java.lang.Object, java.lang.Object, java.lang.Object, int, java.lang.Object, int)'> (0x00000000c5b48488) 
thrown [s\src\hotspot\share\interpreter\linkResolver.cpp, line 759]
Event: 92.193 Thread 0x00000256b2417e30 Exception <a 'java/lang/NoSuchMethodError'{0x00000000c3974760}: 'java.lang.Object java.lang.invoke.DirectMethodHandle$Holder.invokeStatic(java.lang.Object, int, java.lang.Object)'> (0x00000000c3974760) 
thrown [s\src\hotspot\share\interpreter\linkResolver.cpp, line 759]
Event: 92.232 Thread 0x00000256b1feada0 Exception <a 'java/lang/NoSuchMethodError'{0x00000000c39d7370}: 'java.lang.Object java.lang.invoke.DirectMethodHandle$Holder.invokeStatic(java.lang.Object, java.lang.Object, java.lang.Object, int, java.lang.Object, java.lang.Object)'> (0x00000000c39d7370) 
thrown [s\src\hotspot\share\interpreter\linkResolver.cpp, line 759]
Event: 92.845 Thread 0x00000256b2421620 Exception <a 'java/lang/NoSuchMethodError'{0x00000000c3327fe0}: 'int java.lang.invoke.DirectMethodHandle$Holder.invokeStatic(java.lang.Object)'> (0x00000000c3327fe0) 
thrown [s\src\hotspot\share\interpreter\linkResolver.cpp, line 759]
Event: 92.845 Thread 0x00000256b2421620 Exception <a 'java/lang/NoSuchMethodError'{0x00000000c332b3e0}: 'int java.lang.invoke.DirectMethodHandle$Holder.invokeStaticInit(java.lang.Object)'> (0x00000000c332b3e0) 
thrown [s\src\hotspot\share\interpreter\linkResolver.cpp, line 759]
Event: 131.945 Thread 0x00000256b2163ff0 Exception <a 'java/lang/NoSuchMethodError'{0x00000000c7aeb428}: 'void java.lang.invoke.DirectMethodHandle$Holder.invokeStatic(java.lang.Object, long)'> (0x00000000c7aeb428) 
thrown [s\src\hotspot\share\interpreter\linkResolver.cpp, line 759]
Event: 131.946 Thread 0x00000256b2163ff0 Exception <a 'java/lang/NoSuchMethodError'{0x00000000c7af07d0}: 'java.lang.Object java.lang.invoke.DirectMethodHandle$Holder.newInvokeSpecial(java.lang.Object, long)'> (0x00000000c7af07d0) 
thrown [s\src\hotspot\share\interpreter\linkResolver.cpp, line 759]

VM Operations (20 events):
Event: 12804.380 Executing VM operation: G1CollectFull done
Event: 12814.599 Executing VM operation: G1CollectFull
Event: 12814.619 Executing VM operation: G1CollectFull done
Event: 12824.953 Executing VM operation: G1CollectFull
Event: 12824.973 Executing VM operation: G1CollectFull done
Event: 12835.204 Executing VM operation: G1CollectFull
Event: 12835.225 Executing VM operation: G1CollectFull done
Event: 12844.296 Executing VM operation: Cleanup
Event: 12844.296 Executing VM operation: Cleanup done
Event: 12891.715 Executing VM operation: Cleanup
Event: 12891.719 Executing VM operation: Cleanup done
Event: 12925.552 Executing VM operation: G1CollectFull
Event: 12925.708 Executing VM operation: G1CollectFull done
Event: 12935.977 Executing VM operation: G1CollectFull
Event: 12935.997 Executing VM operation: G1CollectFull done
Event: 12946.197 Executing VM operation: G1CollectFull
Event: 12946.216 Executing VM operation: G1CollectFull done
Event: 13066.594 Executing VM operation: G1CollectFull
Event: 13066.819 Executing VM operation: G1CollectFull done
Event: 13077.875 Executing VM operation: G1CollectFull

Events (20 events):
Event: 11757.647 Thread 0x00000256b15a2f70 Thread exited: 0x00000256b15a2f70
Event: 11761.686 Thread 0x00000256b1f85e00 Thread exited: 0x00000256b1f85e00
Event: 11765.704 Thread 0x00000256b15a8070 Thread exited: 0x00000256b15a8070
Event: 11767.731 Thread 0x00000256b15a6c30 Thread exited: 0x00000256b15a6c30
Event: 11775.800 Thread 0x00000256b15a52e0 Thread exited: 0x00000256b15a52e0
Event: 11775.800 Thread 0x00000256b15a8580 Thread exited: 0x00000256b15a8580
Event: 12020.640 Thread 0x00000256b2421b30 Thread added: 0x00000256b2421b30
Event: 12089.231 Thread 0x00000256b2421b30 Thread exited: 0x00000256b2421b30
Event: 12182.972 Thread 0x00000256b2421b30 Thread added: 0x00000256b2421b30
Event: 12424.083 Thread 0x00000256b2421b30 Thread exited: 0x00000256b2421b30
Event: 12490.834 Thread 0x00000256b2421b30 Thread added: 0x00000256b2421b30
Event: 12491.421 Thread 0x00000256b241e890 Thread added: 0x00000256b241e890
Event: 12557.353 Thread 0x00000256b241e890 Thread exited: 0x00000256b241e890
Event: 12569.473 Thread 0x00000256b2421b30 Thread exited: 0x00000256b2421b30
Event: 12701.785 Thread 0x00000256b241fcd0 Thread added: 0x00000256b241fcd0
Event: 12770.375 Thread 0x00000256b241fcd0 Thread exited: 0x00000256b241fcd0
Event: 12844.351 Thread 0x00000256b2421b30 Thread added: 0x00000256b2421b30
Event: 12919.149 Thread 0x00000256b2421b30 Thread exited: 0x00000256b2421b30
Event: 12981.060 Thread 0x00000256b2421b30 Thread added: 0x00000256b2421b30
Event: 13073.746 Thread 0x00000256b2421b30 Thread exited: 0x00000256b2421b30


Dynamic libraries:
0x00007ff7988b0000 - 0x00007ff7988be000 	c:\Users\ZACKY\.vscode\extensions\redhat.java-1.25.1-win32-x64\jre\17.0.9-win32-x86_64\bin\java.exe
0x00007fff1b6d0000 - 0x00007fff1b8e7000 	C:\WINDOWS\SYSTEM32\ntdll.dll
0x00007fff1b2a0000 - 0x00007fff1b364000 	C:\WINDOWS\System32\KERNEL32.DLL
0x00007fff18f00000 - 0x00007fff192a5000 	C:\WINDOWS\System32\KERNELBASE.dll
0x00007fff18ab0000 - 0x00007fff18bc1000 	C:\WINDOWS\System32\ucrtbase.dll
0x00007fff07f10000 - 0x00007fff07f27000 	c:\Users\ZACKY\.vscode\extensions\redhat.java-1.25.1-win32-x64\jre\17.0.9-win32-x86_64\bin\jli.dll
0x00007fff19630000 - 0x00007fff197de000 	C:\WINDOWS\System32\USER32.dll
0x00007fff192b0000 - 0x00007fff192d6000 	C:\WINDOWS\System32\win32u.dll
0x00007fff1a730000 - 0x00007fff1a759000 	C:\WINDOWS\System32\GDI32.dll
0x00007fff18de0000 - 0x00007fff18ef9000 	C:\WINDOWS\System32\gdi32full.dll
0x00007fff18d40000 - 0x00007fff18dda000 	C:\WINDOWS\System32\msvcp_win.dll
0x00007fff07ef0000 - 0x00007fff07f0b000 	c:\Users\ZACKY\.vscode\extensions\redhat.java-1.25.1-win32-x64\jre\17.0.9-win32-x86_64\bin\VCRUNTIME140.dll
0x00007fff0d810000 - 0x00007fff0daa3000 	C:\WINDOWS\WinSxS\amd64_microsoft.windows.common-controls_6595b64144ccf1df_6.0.22621.2506_none_270c5ae97388e100\COMCTL32.dll
0x00007fff19570000 - 0x00007fff19617000 	C:\WINDOWS\System32\msvcrt.dll
0x00007fff1a760000 - 0x00007fff1a791000 	C:\WINDOWS\System32\IMM32.DLL
0x00007fff157b0000 - 0x00007fff157bc000 	c:\Users\ZACKY\.vscode\extensions\redhat.java-1.25.1-win32-x64\jre\17.0.9-win32-x86_64\bin\vcruntime140_1.dll
0x00007fff07120000 - 0x00007fff071ad000 	c:\Users\ZACKY\.vscode\extensions\redhat.java-1.25.1-win32-x64\jre\17.0.9-win32-x86_64\bin\msvcp140.dll
0x00007ffebe8d0000 - 0x00007ffebf531000 	c:\Users\ZACKY\.vscode\extensions\redhat.java-1.25.1-win32-x64\jre\17.0.9-win32-x86_64\bin\server\jvm.dll
0x00007fff1b5d0000 - 0x00007fff1b681000 	C:\WINDOWS\System32\ADVAPI32.dll
0x00007fff1b520000 - 0x00007fff1b5c6000 	C:\WINDOWS\System32\sechost.dll
0x00007fff1a410000 - 0x00007fff1a527000 	C:\WINDOWS\System32\RPCRT4.dll
0x00007fff17850000 - 0x00007fff1789d000 	C:\WINDOWS\SYSTEM32\POWRPROF.dll
0x00007fff09880000 - 0x00007fff09889000 	C:\WINDOWS\SYSTEM32\WSOCK32.dll
0x00007fff07940000 - 0x00007fff07974000 	C:\WINDOWS\SYSTEM32\WINMM.dll
0x00007fff1a5b0000 - 0x00007fff1a621000 	C:\WINDOWS\System32\WS2_32.dll
0x00007fff0bf30000 - 0x00007fff0bf3a000 	C:\WINDOWS\SYSTEM32\VERSION.dll
0x00007fff17830000 - 0x00007fff17843000 	C:\WINDOWS\SYSTEM32\UMPDC.dll
0x00007fff17a90000 - 0x00007fff17aa8000 	C:\WINDOWS\SYSTEM32\kernel.appcore.dll
0x00007fff10540000 - 0x00007fff1054a000 	c:\Users\ZACKY\.vscode\extensions\redhat.java-1.25.1-win32-x64\jre\17.0.9-win32-x86_64\bin\jimage.dll
0x00007fff162e0000 - 0x00007fff16513000 	C:\WINDOWS\SYSTEM32\DBGHELP.DLL
0x00007fff1a7a0000 - 0x00007fff1ab29000 	C:\WINDOWS\System32\combase.dll
0x00007fff1a150000 - 0x00007fff1a227000 	C:\WINDOWS\System32\OLEAUT32.dll
0x00007fff070c0000 - 0x00007fff070f2000 	C:\WINDOWS\SYSTEM32\dbgcore.DLL
0x00007fff192e0000 - 0x00007fff1935a000 	C:\WINDOWS\System32\bcryptPrimitives.dll
0x00007fff07ec0000 - 0x00007fff07ee5000 	c:\Users\ZACKY\.vscode\extensions\redhat.java-1.25.1-win32-x64\jre\17.0.9-win32-x86_64\bin\java.dll
0x00007fff07e70000 - 0x00007fff07e88000 	c:\Users\ZACKY\.vscode\extensions\redhat.java-1.25.1-win32-x64\jre\17.0.9-win32-x86_64\bin\zip.dll
0x00007fff198f0000 - 0x00007fff1a149000 	C:\WINDOWS\System32\SHELL32.dll
0x00007fff16920000 - 0x00007fff17214000 	C:\WINDOWS\SYSTEM32\windows.storage.dll
0x00007fff167e0000 - 0x00007fff1691e000 	C:\WINDOWS\SYSTEM32\wintypes.dll
0x00007fff19470000 - 0x00007fff19563000 	C:\WINDOWS\System32\SHCORE.dll
0x00007fff197e0000 - 0x00007fff1983e000 	C:\WINDOWS\System32\shlwapi.dll
0x00007fff18970000 - 0x00007fff18996000 	C:\WINDOWS\SYSTEM32\profapi.dll
0x00007fff07e50000 - 0x00007fff07e69000 	C:\Users\ZACKY\.vscode\extensions\redhat.java-1.25.1-win32-x64\jre\17.0.9-win32-x86_64\bin\net.dll
0x00007fff0fa30000 - 0x00007fff0fb67000 	C:\WINDOWS\SYSTEM32\WINHTTP.dll
0x00007fff17f60000 - 0x00007fff17fc9000 	C:\WINDOWS\system32\mswsock.dll
0x00007fff07e30000 - 0x00007fff07e46000 	C:\Users\ZACKY\.vscode\extensions\redhat.java-1.25.1-win32-x64\jre\17.0.9-win32-x86_64\bin\nio.dll
0x00007fff182b0000 - 0x00007fff182cb000 	C:\WINDOWS\SYSTEM32\CRYPTSP.dll
0x00007fff17a50000 - 0x00007fff17a85000 	C:\WINDOWS\system32\rsaenh.dll
0x00007fff18000000 - 0x00007fff1802c000 	C:\WINDOWS\SYSTEM32\USERENV.dll
0x00007fff183d0000 - 0x00007fff183f8000 	C:\WINDOWS\SYSTEM32\bcrypt.dll
0x00007fff18290000 - 0x00007fff1829c000 	C:\WINDOWS\SYSTEM32\CRYPTBASE.dll
0x00007fff174f0000 - 0x00007fff1751d000 	C:\WINDOWS\SYSTEM32\IPHLPAPI.DLL
0x00007fff1ab30000 - 0x00007fff1ab39000 	C:\WINDOWS\System32\NSI.dll
0x00007fff0e9b0000 - 0x00007fff0e9c9000 	C:\WINDOWS\SYSTEM32\dhcpcsvc6.DLL
0x00007fff0e7f0000 - 0x00007fff0e80f000 	C:\WINDOWS\SYSTEM32\dhcpcsvc.DLL
0x00007fff17560000 - 0x00007fff17659000 	C:\WINDOWS\SYSTEM32\DNSAPI.dll
0x00007fff0db30000 - 0x00007fff0db40000 	c:\Users\ZACKY\.vscode\extensions\redhat.java-1.25.1-win32-x64\jre\17.0.9-win32-x86_64\bin\verify.dll
0x00007fff09e20000 - 0x00007fff09e29000 	C:\Users\ZACKY\.vscode\extensions\redhat.java-1.25.1-win32-x64\jre\17.0.9-win32-x86_64\bin\management.dll
0x00007fff098d0000 - 0x00007fff098db000 	C:\Users\ZACKY\.vscode\extensions\redhat.java-1.25.1-win32-x64\jre\17.0.9-win32-x86_64\bin\management_ext.dll
0x00007fff19620000 - 0x00007fff19628000 	C:\WINDOWS\System32\PSAPI.DLL

dbghelp: loaded successfully - version: 4.0.5 - missing functions: none
symbol engine: initialized successfully - sym options: 0x614 - pdb path: .;c:\Users\ZACKY\.vscode\extensions\redhat.java-1.25.1-win32-x64\jre\17.0.9-win32-x86_64\bin;C:\WINDOWS\SYSTEM32;C:\WINDOWS\WinSxS\amd64_microsoft.windows.common-controls_6595b64144ccf1df_6.0.22621.2506_none_270c5ae97388e100;c:\Users\ZACKY\.vscode\extensions\redhat.java-1.25.1-win32-x64\jre\17.0.9-win32-x86_64\bin\server

VM Arguments:
jvm_args: -XX:+HeapDumpOnOutOfMemoryError -Xmx1024m -Dsts.lsp.client=vscode -Dsts.log.file=/dev/null -XX:TieredStopAtLevel=1 -Xlog:jni+resolve=off -Dspring.config.location=file:c:\Users\ZACKY\.vscode\extensions\vmware.vscode-spring-boot-1.51.0\language-server\BOOT-INF\classes\application.properties 
java_command: org.springframework.ide.vscode.boot.app.BootLanguageServerBootApp
java_class_path (initial): c:\Users\ZACKY\.vscode\extensions\vmware.vscode-spring-boot-1.51.0\language-server\BOOT-INF\classes;c:\Users\ZACKY\.vscode\extensions\vmware.vscode-spring-boot-1.51.0\language-server\BOOT-INF\lib\annotations-24.1.0.jar;c:\Users\ZACKY\.vscode\extensions\vmware.vscode-spring-boot-1.51.0\language-server\BOOT-INF\lib\antlr-runtime-3.5.3.jar;c:\Users\ZACKY\.vscode\extensions\vmware.vscode-spring-boot-1.51.0\language-server\BOOT-INF\lib\antlr4-4.11.1.jar;c:\Users\ZACKY\.vscode\extensions\vmware.vscode-spring-boot-1.51.0\language-server\BOOT-INF\lib\antlr4-runtime-4.11.1.jar;c:\Users\ZACKY\.vscode\extensions\vmware.vscode-spring-boot-1.51.0\language-server\BOOT-INF\lib\asm-9.6.jar;c:\Users\ZACKY\.vscode\extensions\vmware.vscode-spring-boot-1.51.0\language-server\BOOT-INF\lib\asm-analysis-9.6.jar;c:\Users\ZACKY\.vscode\extensions\vmware.vscode-spring-boot-1.51.0\language-server\BOOT-INF\lib\asm-tree-9.6.jar;c:\Users\ZACKY\.vscode\extensions\vmware.vscode-spring-boot-1.51.0\language-server\BOOT-INF\lib\asm-util-9.6.jar;c:\Users\ZACKY\.vscode\extensions\vmware.vscode-spring-boot-1.51.0\language-server\BOOT-INF\lib\bosh-language-server-1.51.0-SNAPSHOT.jar;c:\Users\ZACKY\.vscode\extensions\vmware.vscode-spring-boot-1.51.0\language-server\BOOT-INF\lib\caffeine-3.1.8.jar;c:\Users\ZACKY\.vscode\extensions\vmware.vscode-spring-boot-1.51.0\language-server\BOOT-INF\lib\checker-qual-3.12.0.jar;c:\Users\ZACKY\.vscode\extensions\vmware.vscode-spring-boot-1.51.0\language-server\BOOT-INF\lib\classgraph-4.8.149.jar;c:\Users\ZACKY\.vscode\extensions\vmware.vscode-spring-boot-1.51.0\language-server\BOOT-INF\lib\commons-codec-1.15.jar;c:\Users\ZACKY\.vscode\extensions\vmware.vscode-spring-boot-1.51.0\language-server\BOOT-INF\lib\commons-compress-1.25.0.jar;c:\Users\ZACKY\.vscode\extensions\vmware.vscode-spring-boot-1.51.0\language-server\BOOT-INF\lib\commons-io-2.4.jar;c:\Users\ZACKY\.vscode\extensions\vmware.vscode-spring-boot-1.51.0\language-server\BOOT-INF\lib\
Launcher Type: SUN_STANDARD

[Global flags]
     intx CICompilerCount                          = 4                                         {product} {ergonomic}
     uint ConcGCThreads                            = 2                                         {product} {ergonomic}
     uint G1ConcRefinementThreads                  = 8                                         {product} {ergonomic}
   size_t G1HeapRegionSize                         = 1048576                                   {product} {ergonomic}
    uintx GCDrainStackTargetSize                   = 64                                        {product} {ergonomic}
     bool HeapDumpOnOutOfMemoryError               = true                                   {manageable} {command line}
   size_t InitialHeapSize                          = 130023424                                 {product} {ergonomic}
   size_t MarkStackSize                            = 4194304                                   {product} {ergonomic}
   size_t MaxHeapSize                              = 1073741824                                {product} {command line}
   size_t MaxNewSize                               = 643825664                                 {product} {ergonomic}
   size_t MinHeapDeltaBytes                        = 1048576                                   {product} {ergonomic}
   size_t MinHeapSize                              = 8388608                                   {product} {ergonomic}
    uintx NonProfiledCodeHeapSize                  = 0                                      {pd product} {ergonomic}
     bool ProfileInterpreter                       = false                                  {pd product} {command line}
    uintx ProfiledCodeHeapSize                     = 0                                      {pd product} {ergonomic}
   size_t SoftMaxHeapSize                          = 1073741824                             {manageable} {ergonomic}
     intx TieredStopAtLevel                        = 1                                         {product} {command line}
     bool UseCompressedClassPointers               = true                           {product lp64_product} {ergonomic}
     bool UseCompressedOops                        = true                           {product lp64_product} {ergonomic}
     bool UseG1GC                                  = true                                      {product} {ergonomic}
     bool UseLargePagesIndividualAllocation        = false                                  {pd product} {ergonomic}

Logging:
Log output configuration:
 #0: stdout all=warning,jni+resolve=off uptime,level,tags
 #1: stderr all=off uptime,level,tags

Environment Variables:
JAVA_HOME=C:\Program Files\Java\jdk-17
PATH=C:\Program Files\Java\jdk-17\bin;C:\Program Files\Java\jdk-17\bin;C:\Program Files\Python310\Scripts\;C:\Program Files\Python310\;C:\Program Files\Eclipse Adoptium\jdk-17.0.4.101-hotspot\bin;C:\Windows\system32;C:\Windows;C:\Windows\System32\Wbem;C:\Windows\System32\WindowsPowerShell\v1.0\;C:\Windows\System32\OpenSSH\;C:\Program Files (x86)\NVIDIA Corporation\PhysX\Common;C:\Program Files\NVIDIA Corporation\NVIDIA NvDLISR;C:\Program Files\Git\cmd;C:\Program Files\dotnet\;C:\WINDOWS\system32;C:\WINDOWS;C:\WINDOWS\System32\Wbem;C:\WINDOWS\System32\WindowsPowerShell\v1.0\;C:\WINDOWS\System32\OpenSSH\;C:\Users\ZACKY\AppData\Local\Programs\Python\Python310;C:\src\flutter\bin;C:\Program Files\PuTTY\;C:\Program Files\Docker\Docker\resources\bin;C:\Users\ZACKY\AppData\Local\Programs\Python\Python311\Scripts\;C:\Users\ZACKY\AppData\Local\Programs\Python\Python311\;C:\Users\ZACKY\AppData\Local\Programs\Python\Launcher\;C:\Users\ZACKY\AppData\Local\Microsoft\WindowsApps;;C:\Users\ZACKY\AppData\Local\Programs\Microsoft VS Code\bin;C:\Program Files\heroku\bin;C:\Program Files\JetBrains\IntelliJ IDEA 2023.2.2\bin;;C:\Program Files\JetBrains\IntelliJ IDEA Educational Edition 2022.2.2\bin;
USERNAME=ZACKY
OS=Windows_NT
PROCESSOR_IDENTIFIER=Intel64 Family 6 Model 140 Stepping 1, GenuineIntel
TMP=C:\Users\ZACKY\AppData\Local\Temp
TEMP=C:\Users\ZACKY\AppData\Local\Temp



Periodic native trim disabled


---------------  S Y S T E M  ---------------

OS:
 Windows 11 , 64 bit Build 22621 (10.0.22621.2506)
OS uptime: 11 days 22:32 hours
Hyper-V role detected

CPU: total 8 (initial active 8) (4 cores per cpu, 2 threads per core) family 6 model 140 stepping 1 microcode 0x86, cx8, cmov, fxsr, ht, mmx, 3dnowpref, sse, sse2, sse3, ssse3, sse4.1, sse4.2, popcnt, lzcnt, tsc, tscinvbit, avx, avx2, aes, erms, clmul, bmi1, bmi2, adx, avx512f, avx512dq, avx512cd, avx512bw, avx512vl, sha, fma, vzeroupper, avx512_vpopcntdq, avx512_vpclmulqdq, avx512_vaes, avx512_vnni, clflush, clflushopt, clwb, avx512_vbmi2, avx512_vbmi, hv
Processor Information for all 8 processors :
  Max Mhz: 3302, Current Mhz: 3302, Mhz Limit: 3302

Memory: 4k page, system-wide physical 7883M (283M free)
TotalPageFile size 32459M (AvailPageFile size 8M)
current process WorkingSet (physical memory assigned to process): 42M, peak: 159M
current process commit charge ("private bytes"): 204M, peak: 230M

vm_info: OpenJDK 64-Bit Server VM (17.0.9+9) for windows-amd64 JRE (17.0.9+9), built on Oct 26 2023 14:01:42 by "admin" with MS VC++ 16.10 / 16.11 (VS2019)

END.
